2025-08-05 12:10:48,810 - INFO - ChimeQueueHandler initialized
2025-08-05 12:10:48,876 - INFO - Chime enqueued: ChimeInfo(engine_check, Deck:51, Card:1, ID:51_1)
2025-08-05 12:10:48,886 - INFO - Playing chime: ChimeInfo(engine_check, Deck:51, Card:1, ID:51_1)
2025-08-05 12:10:48,886 - INFO - Chime setup - Deck: 51, Card: 1, Chime: engine_check
2025-08-05 12:10:48,887 - INFO - Chime enqueued: ChimeInfo(engine_check, Deck:51, Card:2, ID:51_2)
2025-08-05 12:10:48,887 - INFO - Chime setup - Deck: 51, Card: 2, Chime: engine_check
2025-08-05 12:10:48,889 - INFO - Chime enqueued: ChimeInfo(jeep_seatbelt_alert, Deck:52, Card:2, ID:52_2)
2025-08-05 12:10:48,894 - INFO - Chime setup - Deck: 52, Card: 2, Chime: jeep_seatbelt_alert
2025-08-05 12:10:48,896 - INFO - Chime enqueued: ChimeInfo(engine_check, Deck:53, Card:1, ID:53_1)
2025-08-05 12:10:48,896 - INFO - Chime setup - Deck: 53, Card: 1, Chime: engine_check
2025-08-05 12:10:48,897 - INFO - Chime enqueued: ChimeInfo(engine_check, Deck:53, Card:2, ID:53_2)
2025-08-05 12:10:48,897 - INFO - Chime setup - Deck: 53, Card: 2, Chime: engine_check
2025-08-05 12:10:48,901 - INFO - Playing blinker chime: ChimeInfo(blinker, Deck:54, Card:1, ID:54_1)
2025-08-05 12:10:48,902 - INFO - Chime setup - Deck: 54, Card: 1, Chime: blinker
2025-08-05 12:10:48,904 - INFO - Chime enqueued: ChimeInfo(jeep_seatbelt_alert, Deck:55, Card:1, ID:55_1)
2025-08-05 12:10:48,904 - INFO - Chime setup - Deck: 55, Card: 1, Chime: jeep_seatbelt_alert
2025-08-05 12:10:48,904 - INFO - Chime enqueued: ChimeInfo(jeep_seatbelt_alert, Deck:55, Card:2, ID:55_2)
2025-08-05 12:10:48,905 - INFO - Chime setup - Deck: 55, Card: 2, Chime: jeep_seatbelt_alert
2025-08-05 12:10:48,906 - INFO - Chime enqueued: ChimeInfo(low_fuel, Deck:56, Card:1, ID:56_1)
2025-08-05 12:10:48,907 - INFO - Chime setup - Deck: 56, Card: 1, Chime: low_fuel
2025-08-05 12:10:48,907 - INFO - Chime enqueued: ChimeInfo(engine_check, Deck:56, Card:2, ID:56_2)
2025-08-05 12:10:48,908 - INFO - Chime setup - Deck: 56, Card: 2, Chime: engine_check
2025-08-05 12:10:48,908 - INFO - Chime enqueued: ChimeInfo(engine_check, Deck:56, Card:3, ID:56_3)
2025-08-05 12:10:48,908 - INFO - Chime setup - Deck: 56, Card: 3, Chime: engine_check
2025-08-05 12:10:48,912 - INFO - Playing blinker chime: ChimeInfo(blinker, Deck:59, Card:1, ID:59_1)
2025-08-05 12:10:48,912 - INFO - Chime setup - Deck: 59, Card: 1, Chime: blinker
2025-08-05 12:10:48,913 - INFO - Playing blinker chime: ChimeInfo(blinker, Deck:60, Card:1, ID:60_1)
2025-08-05 12:10:48,914 - INFO - Chime setup - Deck: 60, Card: 1, Chime: blinker
2025-08-05 12:10:48,915 - INFO - Chime enqueued: ChimeInfo(engine_check, Deck:61, Card:2, ID:61_2)
2025-08-05 12:10:48,915 - INFO - Chime setup - Deck: 61, Card: 2, Chime: engine_check
2025-08-05 12:10:48,916 - INFO - Chime enqueued: ChimeInfo(engine_check, Deck:61, Card:3, ID:61_3)
2025-08-05 12:10:48,916 - INFO - Chime setup - Deck: 61, Card: 3, Chime: engine_check
2025-08-05 12:10:52,140 - INFO - Playing chime again: ChimeInfo(engine_check, Deck:51, Card:1, ID:51_1)
2025-08-05 12:10:53,889 - INFO - Telltale duration expired - Deck: 52, Card: 1
2025-08-05 12:10:53,890 - INFO - Telltale duration expired - Deck: 52, Card: 0
2025-08-05 12:10:53,891 - INFO - Telltale duration expired - Deck: 51, Card: 9
2025-08-05 12:10:53,891 - INFO - Telltale duration expired - Deck: 51, Card: 8
2025-08-05 12:10:53,892 - INFO - Telltale duration expired - Deck: 51, Card: 7
2025-08-05 12:10:53,892 - INFO - Telltale duration expired - Deck: 51, Card: 6
2025-08-05 12:10:53,893 - INFO - Telltale duration expired - Deck: 51, Card: 5
2025-08-05 12:10:53,893 - INFO - Telltale duration expired - Deck: 51, Card: 4
2025-08-05 12:10:53,893 - INFO - Telltale duration expired - Deck: 51, Card: 3
2025-08-05 12:10:53,894 - INFO - Telltale duration expired - Deck: 51, Card: 2
2025-08-05 12:10:53,894 - INFO - Telltale duration expired - Deck: 51, Card: 1
2025-08-05 12:10:53,895 - INFO - Telltale duration expired - Deck: 51, Card: 0
2025-08-05 12:10:53,896 - INFO - Telltale duration expired - Deck: 50, Card: 9
2025-08-05 12:10:53,897 - INFO - Telltale duration expired - Deck: 50, Card: 8
2025-08-05 12:10:53,898 - INFO - Telltale duration expired - Deck: 50, Card: 7
2025-08-05 12:10:53,899 - INFO - Telltale duration expired - Deck: 50, Card: 6
2025-08-05 12:10:53,900 - INFO - Telltale duration expired - Deck: 50, Card: 5
2025-08-05 12:10:53,901 - INFO - Telltale duration expired - Deck: 50, Card: 4
2025-08-05 12:10:53,901 - INFO - Telltale duration expired - Deck: 50, Card: 3
2025-08-05 12:10:53,902 - INFO - Telltale duration expired - Deck: 50, Card: 2
2025-08-05 12:10:53,903 - INFO - Telltale duration expired - Deck: 50, Card: 1
2025-08-05 12:10:53,904 - INFO - Telltale duration expired - Deck: 50, Card: 0
2025-08-05 12:10:53,906 - INFO - Telltale duration expired - Deck: 55, Card: 3
2025-08-05 12:10:53,907 - INFO - Telltale duration expired - Deck: 55, Card: 2
2025-08-05 12:10:53,907 - INFO - Telltale duration expired - Deck: 55, Card: 0
2025-08-05 12:10:53,908 - INFO - Telltale duration expired - Deck: 54, Card: 9
2025-08-05 12:10:53,909 - INFO - Telltale duration expired - Deck: 54, Card: 8
2025-08-05 12:10:53,909 - INFO - Telltale duration expired - Deck: 54, Card: 7
2025-08-05 12:10:53,910 - INFO - Telltale duration expired - Deck: 54, Card: 6
2025-08-05 12:10:53,911 - INFO - Telltale duration expired - Deck: 54, Card: 5
2025-08-05 12:10:53,912 - INFO - Telltale duration expired - Deck: 54, Card: 4
2025-08-05 12:10:53,913 - INFO - Telltale duration expired - Deck: 54, Card: 3
2025-08-05 12:10:53,914 - INFO - Telltale duration expired - Deck: 54, Card: 2
2025-08-05 12:10:53,914 - INFO - Telltale duration expired - Deck: 54, Card: 1
2025-08-05 12:10:53,915 - INFO - Telltale duration expired - Deck: 54, Card: 0
2025-08-05 12:10:53,916 - INFO - Telltale duration expired - Deck: 53, Card: 9
2025-08-05 12:10:53,917 - INFO - Telltale duration expired - Deck: 53, Card: 8
2025-08-05 12:10:53,917 - INFO - Telltale duration expired - Deck: 53, Card: 7
2025-08-05 12:10:53,918 - INFO - Telltale duration expired - Deck: 53, Card: 6
2025-08-05 12:10:53,919 - INFO - Telltale duration expired - Deck: 53, Card: 5
2025-08-05 12:10:53,919 - INFO - Telltale duration expired - Deck: 53, Card: 4
2025-08-05 12:10:53,920 - INFO - Telltale duration expired - Deck: 53, Card: 3
2025-08-05 12:10:53,921 - INFO - Telltale duration expired - Deck: 53, Card: 2
2025-08-05 12:10:53,923 - INFO - Telltale duration expired - Deck: 53, Card: 1
2025-08-05 12:10:53,923 - INFO - Telltale duration expired - Deck: 53, Card: 0
2025-08-05 12:10:53,924 - INFO - Telltale duration expired - Deck: 52, Card: 9
2025-08-05 12:10:53,924 - INFO - Telltale duration expired - Deck: 52, Card: 8
2025-08-05 12:10:53,925 - INFO - Telltale duration expired - Deck: 52, Card: 7
2025-08-05 12:10:53,926 - INFO - Telltale duration expired - Deck: 52, Card: 6
2025-08-05 12:10:53,926 - INFO - Telltale duration expired - Deck: 52, Card: 5
2025-08-05 12:10:53,927 - INFO - Telltale duration expired - Deck: 52, Card: 4
2025-08-05 12:10:53,928 - INFO - Telltale duration expired - Deck: 52, Card: 3
2025-08-05 12:10:53,929 - INFO - Telltale duration expired - Deck: 52, Card: 2
2025-08-05 12:10:53,930 - INFO - Telltale duration expired - Deck: 61, Card: 9
2025-08-05 12:10:53,930 - INFO - Telltale duration expired - Deck: 61, Card: 8
2025-08-05 12:10:53,931 - INFO - Telltale duration expired - Deck: 61, Card: 7
2025-08-05 12:10:53,932 - INFO - Telltale duration expired - Deck: 61, Card: 6
2025-08-05 12:10:53,933 - INFO - Telltale duration expired - Deck: 61, Card: 5
2025-08-05 12:10:53,933 - INFO - Telltale duration expired - Deck: 61, Card: 4
2025-08-05 12:10:53,934 - INFO - Telltale duration expired - Deck: 61, Card: 3
2025-08-05 12:10:53,935 - INFO - Telltale duration expired - Deck: 61, Card: 2
2025-08-05 12:10:53,935 - INFO - Telltale duration expired - Deck: 61, Card: 1
2025-08-05 12:10:53,936 - INFO - Telltale duration expired - Deck: 61, Card: 0
2025-08-05 12:10:53,936 - INFO - Telltale duration expired - Deck: 60, Card: 9
2025-08-05 12:10:53,937 - INFO - Telltale duration expired - Deck: 60, Card: 8
2025-08-05 12:10:53,938 - INFO - Telltale duration expired - Deck: 60, Card: 7
2025-08-05 12:10:53,938 - INFO - Telltale duration expired - Deck: 60, Card: 6
2025-08-05 12:10:53,939 - INFO - Telltale duration expired - Deck: 60, Card: 5
2025-08-05 12:10:53,939 - INFO - Telltale duration expired - Deck: 60, Card: 4
2025-08-05 12:10:53,940 - INFO - Telltale duration expired - Deck: 60, Card: 3
2025-08-05 12:10:53,941 - INFO - Telltale duration expired - Deck: 60, Card: 2
2025-08-05 12:10:53,941 - INFO - Telltale duration expired - Deck: 60, Card: 1
2025-08-05 12:10:53,942 - INFO - Telltale duration expired - Deck: 60, Card: 0
2025-08-05 12:10:53,942 - INFO - Telltale duration expired - Deck: 59, Card: 9
2025-08-05 12:10:53,943 - INFO - Telltale duration expired - Deck: 59, Card: 8
2025-08-05 12:10:53,944 - INFO - Telltale duration expired - Deck: 59, Card: 7
2025-08-05 12:10:53,944 - INFO - Telltale duration expired - Deck: 59, Card: 6
2025-08-05 12:10:53,945 - INFO - Telltale duration expired - Deck: 59, Card: 5
2025-08-05 12:10:53,946 - INFO - Telltale duration expired - Deck: 59, Card: 4
2025-08-05 12:10:53,947 - INFO - Telltale duration expired - Deck: 59, Card: 3
2025-08-05 12:10:53,948 - INFO - Telltale duration expired - Deck: 59, Card: 2
2025-08-05 12:10:53,948 - INFO - Telltale duration expired - Deck: 59, Card: 1
2025-08-05 12:10:53,949 - INFO - Telltale duration expired - Deck: 59, Card: 0
2025-08-05 12:10:53,949 - INFO - Telltale duration expired - Deck: 58, Card: 9
2025-08-05 12:10:53,950 - INFO - Telltale duration expired - Deck: 58, Card: 8
2025-08-05 12:10:53,951 - INFO - Telltale duration expired - Deck: 58, Card: 7
2025-08-05 12:10:53,952 - INFO - Telltale duration expired - Deck: 58, Card: 6
2025-08-05 12:10:53,953 - INFO - Telltale duration expired - Deck: 58, Card: 5
2025-08-05 12:10:53,953 - INFO - Telltale duration expired - Deck: 58, Card: 4
2025-08-05 12:10:53,953 - INFO - Telltale duration expired - Deck: 58, Card: 3
2025-08-05 12:10:53,954 - INFO - Telltale duration expired - Deck: 58, Card: 2
2025-08-05 12:10:53,955 - INFO - Telltale duration expired - Deck: 58, Card: 1
2025-08-05 12:10:53,955 - INFO - Telltale duration expired - Deck: 58, Card: 0
2025-08-05 12:10:53,956 - INFO - Telltale duration expired - Deck: 57, Card: 9
2025-08-05 12:10:53,957 - INFO - Telltale duration expired - Deck: 57, Card: 8
2025-08-05 12:10:53,957 - INFO - Telltale duration expired - Deck: 57, Card: 7
2025-08-05 12:10:53,958 - INFO - Telltale duration expired - Deck: 57, Card: 6
2025-08-05 12:10:53,959 - INFO - Telltale duration expired - Deck: 57, Card: 5
2025-08-05 12:10:53,959 - INFO - Telltale duration expired - Deck: 57, Card: 4
2025-08-05 12:10:53,960 - INFO - Telltale duration expired - Deck: 57, Card: 3
2025-08-05 12:10:53,961 - INFO - Telltale duration expired - Deck: 57, Card: 2
2025-08-05 12:10:53,962 - INFO - Telltale duration expired - Deck: 57, Card: 1
2025-08-05 12:10:53,962 - INFO - Telltale duration expired - Deck: 57, Card: 0
2025-08-05 12:10:53,963 - INFO - Telltale duration expired - Deck: 56, Card: 9
2025-08-05 12:10:53,964 - INFO - Telltale duration expired - Deck: 56, Card: 8
2025-08-05 12:10:53,965 - INFO - Telltale duration expired - Deck: 56, Card: 7
2025-08-05 12:10:53,966 - INFO - Telltale duration expired - Deck: 56, Card: 6
2025-08-05 12:10:53,966 - INFO - Telltale duration expired - Deck: 56, Card: 5
2025-08-05 12:10:53,967 - INFO - Telltale duration expired - Deck: 56, Card: 4
2025-08-05 12:10:53,968 - INFO - Telltale duration expired - Deck: 56, Card: 3
2025-08-05 12:10:53,969 - INFO - Telltale duration expired - Deck: 56, Card: 2
2025-08-05 12:10:53,969 - INFO - Telltale duration expired - Deck: 56, Card: 1
2025-08-05 12:10:53,970 - INFO - Telltale duration expired - Deck: 56, Card: 0
2025-08-05 12:10:53,971 - INFO - Telltale duration expired - Deck: 55, Card: 9
2025-08-05 12:10:53,971 - INFO - Telltale duration expired - Deck: 55, Card: 8
2025-08-05 12:10:53,971 - INFO - Telltale duration expired - Deck: 55, Card: 7
2025-08-05 12:10:53,972 - INFO - Telltale duration expired - Deck: 55, Card: 6
2025-08-05 12:10:53,973 - INFO - Telltale duration expired - Deck: 55, Card: 5
2025-08-05 12:10:53,974 - INFO - Telltale duration expired - Deck: 55, Card: 4
2025-08-05 12:10:58,879 - INFO - Telltale duration expired - Deck: 52, Card: 1
2025-08-05 12:10:58,879 - INFO - Telltale duration expired - Deck: 52, Card: 0
2025-08-05 12:10:58,880 - INFO - Telltale duration expired - Deck: 51, Card: 9
2025-08-05 12:10:58,880 - INFO - Telltale duration expired - Deck: 51, Card: 8
2025-08-05 12:10:58,880 - INFO - Telltale duration expired - Deck: 51, Card: 7
2025-08-05 12:10:58,880 - INFO - Telltale duration expired - Deck: 51, Card: 6
2025-08-05 12:10:58,880 - INFO - Telltale duration expired - Deck: 51, Card: 5
2025-08-05 12:10:58,881 - INFO - Telltale duration expired - Deck: 51, Card: 4
2025-08-05 12:10:58,881 - INFO - Telltale duration expired - Deck: 51, Card: 3
2025-08-05 12:10:58,881 - INFO - Telltale duration expired - Deck: 51, Card: 2
2025-08-05 12:10:58,881 - INFO - Telltale duration expired - Deck: 51, Card: 1
2025-08-05 12:10:58,882 - INFO - Telltale duration expired - Deck: 51, Card: 0
2025-08-05 12:10:58,882 - INFO - Telltale duration expired - Deck: 50, Card: 9
2025-08-05 12:10:58,882 - INFO - Telltale duration expired - Deck: 50, Card: 8
2025-08-05 12:10:58,882 - INFO - Telltale duration expired - Deck: 50, Card: 7
2025-08-05 12:10:58,882 - INFO - Telltale duration expired - Deck: 50, Card: 6
2025-08-05 12:10:58,882 - INFO - Telltale duration expired - Deck: 50, Card: 5
2025-08-05 12:10:58,883 - INFO - Telltale duration expired - Deck: 50, Card: 4
2025-08-05 12:10:58,883 - INFO - Telltale duration expired - Deck: 50, Card: 3
2025-08-05 12:10:58,883 - INFO - Telltale duration expired - Deck: 50, Card: 2
2025-08-05 12:10:58,883 - INFO - Telltale duration expired - Deck: 50, Card: 1
2025-08-05 12:10:58,883 - INFO - Telltale duration expired - Deck: 50, Card: 0
2025-08-05 12:10:58,894 - INFO - Telltale duration expired - Deck: 55, Card: 3
2025-08-05 12:10:58,895 - INFO - Telltale duration expired - Deck: 55, Card: 2
2025-08-05 12:10:58,895 - INFO - Telltale duration expired - Deck: 55, Card: 0
2025-08-05 12:10:58,896 - INFO - Telltale duration expired - Deck: 54, Card: 9
2025-08-05 12:10:58,896 - INFO - Telltale duration expired - Deck: 54, Card: 8
2025-08-05 12:10:58,896 - INFO - Telltale duration expired - Deck: 54, Card: 7
2025-08-05 12:10:58,896 - INFO - Telltale duration expired - Deck: 54, Card: 6
2025-08-05 12:10:58,897 - INFO - Telltale duration expired - Deck: 54, Card: 5
2025-08-05 12:10:58,897 - INFO - Telltale duration expired - Deck: 54, Card: 4
2025-08-05 12:10:58,897 - INFO - Telltale duration expired - Deck: 54, Card: 3
2025-08-05 12:10:58,897 - INFO - Telltale duration expired - Deck: 54, Card: 2
2025-08-05 12:10:58,898 - INFO - Telltale duration expired - Deck: 54, Card: 1
2025-08-05 12:10:58,898 - INFO - Telltale duration expired - Deck: 54, Card: 0
2025-08-05 12:10:58,898 - INFO - Telltale duration expired - Deck: 53, Card: 9
2025-08-05 12:10:58,898 - INFO - Telltale duration expired - Deck: 53, Card: 8
2025-08-05 12:10:58,898 - INFO - Telltale duration expired - Deck: 53, Card: 7
2025-08-05 12:10:58,899 - INFO - Telltale duration expired - Deck: 53, Card: 6
2025-08-05 12:10:58,899 - INFO - Telltale duration expired - Deck: 53, Card: 5
2025-08-05 12:10:58,899 - INFO - Telltale duration expired - Deck: 53, Card: 4
2025-08-05 12:10:58,899 - INFO - Telltale duration expired - Deck: 53, Card: 3
2025-08-05 12:10:58,899 - INFO - Telltale duration expired - Deck: 53, Card: 2
2025-08-05 12:10:58,899 - INFO - Telltale duration expired - Deck: 53, Card: 1
2025-08-05 12:10:58,900 - INFO - Telltale duration expired - Deck: 53, Card: 0
2025-08-05 12:10:58,900 - INFO - Telltale duration expired - Deck: 52, Card: 9
2025-08-05 12:10:58,900 - INFO - Telltale duration expired - Deck: 52, Card: 8
2025-08-05 12:10:58,900 - INFO - Telltale duration expired - Deck: 52, Card: 7
2025-08-05 12:10:58,900 - INFO - Telltale duration expired - Deck: 52, Card: 6
2025-08-05 12:10:58,901 - INFO - Telltale duration expired - Deck: 52, Card: 5
2025-08-05 12:10:58,901 - INFO - Telltale duration expired - Deck: 52, Card: 4
2025-08-05 12:10:58,901 - INFO - Telltale duration expired - Deck: 52, Card: 3
2025-08-05 12:10:58,901 - INFO - Telltale duration expired - Deck: 52, Card: 2
2025-08-05 12:10:58,910 - INFO - Telltale duration expired - Deck: 61, Card: 9
2025-08-05 12:10:58,910 - INFO - Telltale duration expired - Deck: 61, Card: 8
2025-08-05 12:10:58,910 - INFO - Telltale duration expired - Deck: 61, Card: 7
2025-08-05 12:10:58,911 - INFO - Telltale duration expired - Deck: 61, Card: 6
2025-08-05 12:10:58,911 - INFO - Telltale duration expired - Deck: 61, Card: 5
2025-08-05 12:10:58,911 - INFO - Telltale duration expired - Deck: 61, Card: 4
2025-08-05 12:10:58,911 - INFO - Telltale duration expired - Deck: 61, Card: 3
2025-08-05 12:10:58,911 - INFO - Telltale duration expired - Deck: 61, Card: 2
2025-08-05 12:10:58,912 - INFO - Telltale duration expired - Deck: 61, Card: 1
2025-08-05 12:10:58,912 - INFO - Telltale duration expired - Deck: 61, Card: 0
2025-08-05 12:10:58,912 - INFO - Telltale duration expired - Deck: 60, Card: 9
2025-08-05 12:10:58,912 - INFO - Telltale duration expired - Deck: 60, Card: 8
2025-08-05 12:10:58,912 - INFO - Telltale duration expired - Deck: 60, Card: 7
2025-08-05 12:10:58,913 - INFO - Telltale duration expired - Deck: 60, Card: 6
2025-08-05 12:10:58,913 - INFO - Telltale duration expired - Deck: 60, Card: 5
2025-08-05 12:10:58,913 - INFO - Telltale duration expired - Deck: 60, Card: 4
2025-08-05 12:10:58,913 - INFO - Telltale duration expired - Deck: 60, Card: 3
2025-08-05 12:10:58,913 - INFO - Telltale duration expired - Deck: 60, Card: 2
2025-08-05 12:10:58,913 - INFO - Telltale duration expired - Deck: 60, Card: 1
2025-08-05 12:10:58,914 - INFO - Telltale duration expired - Deck: 60, Card: 0
2025-08-05 12:10:58,914 - INFO - Telltale duration expired - Deck: 59, Card: 9
2025-08-05 12:10:58,914 - INFO - Telltale duration expired - Deck: 59, Card: 8
2025-08-05 12:10:58,914 - INFO - Telltale duration expired - Deck: 59, Card: 7
2025-08-05 12:10:58,914 - INFO - Telltale duration expired - Deck: 59, Card: 6
2025-08-05 12:10:58,915 - INFO - Telltale duration expired - Deck: 59, Card: 5
2025-08-05 12:10:58,915 - INFO - Telltale duration expired - Deck: 59, Card: 4
2025-08-05 12:10:58,915 - INFO - Telltale duration expired - Deck: 59, Card: 3
2025-08-05 12:10:58,915 - INFO - Telltale duration expired - Deck: 59, Card: 2
2025-08-05 12:10:58,916 - INFO - Telltale duration expired - Deck: 59, Card: 1
2025-08-05 12:10:58,916 - INFO - Telltale duration expired - Deck: 59, Card: 0
2025-08-05 12:10:58,916 - INFO - Telltale duration expired - Deck: 58, Card: 9
2025-08-05 12:10:58,916 - INFO - Telltale duration expired - Deck: 58, Card: 8
2025-08-05 12:10:58,916 - INFO - Telltale duration expired - Deck: 58, Card: 7
2025-08-05 12:10:58,917 - INFO - Telltale duration expired - Deck: 58, Card: 6
2025-08-05 12:10:58,917 - INFO - Telltale duration expired - Deck: 58, Card: 5
2025-08-05 12:10:58,917 - INFO - Telltale duration expired - Deck: 58, Card: 4
2025-08-05 12:10:58,917 - INFO - Telltale duration expired - Deck: 58, Card: 3
2025-08-05 12:10:58,917 - INFO - Telltale duration expired - Deck: 58, Card: 2
2025-08-05 12:10:58,917 - INFO - Telltale duration expired - Deck: 58, Card: 1
2025-08-05 12:10:58,917 - INFO - Telltale duration expired - Deck: 58, Card: 0
2025-08-05 12:10:58,918 - INFO - Telltale duration expired - Deck: 57, Card: 9
2025-08-05 12:10:58,918 - INFO - Telltale duration expired - Deck: 57, Card: 8
2025-08-05 12:10:58,918 - INFO - Telltale duration expired - Deck: 57, Card: 7
2025-08-05 12:10:58,918 - INFO - Telltale duration expired - Deck: 57, Card: 6
2025-08-05 12:10:58,918 - INFO - Telltale duration expired - Deck: 57, Card: 5
2025-08-05 12:10:58,918 - INFO - Telltale duration expired - Deck: 57, Card: 4
2025-08-05 12:10:58,918 - INFO - Telltale duration expired - Deck: 57, Card: 3
2025-08-05 12:10:58,919 - INFO - Telltale duration expired - Deck: 57, Card: 2
2025-08-05 12:10:58,919 - INFO - Telltale duration expired - Deck: 57, Card: 1
2025-08-05 12:10:58,919 - INFO - Telltale duration expired - Deck: 57, Card: 0
2025-08-05 12:10:58,919 - INFO - Telltale duration expired - Deck: 56, Card: 9
2025-08-05 12:10:58,919 - INFO - Telltale duration expired - Deck: 56, Card: 8
2025-08-05 12:10:58,919 - INFO - Telltale duration expired - Deck: 56, Card: 7
2025-08-05 12:10:58,919 - INFO - Telltale duration expired - Deck: 56, Card: 6
2025-08-05 12:10:58,920 - INFO - Telltale duration expired - Deck: 56, Card: 5
2025-08-05 12:10:58,920 - INFO - Telltale duration expired - Deck: 56, Card: 4
2025-08-05 12:10:58,920 - INFO - Telltale duration expired - Deck: 56, Card: 3
2025-08-05 12:10:58,920 - INFO - Telltale duration expired - Deck: 56, Card: 2
2025-08-05 12:10:58,920 - INFO - Telltale duration expired - Deck: 56, Card: 1
2025-08-05 12:10:58,920 - INFO - Telltale duration expired - Deck: 56, Card: 0
2025-08-05 12:10:58,920 - INFO - Telltale duration expired - Deck: 55, Card: 9
2025-08-05 12:10:58,921 - INFO - Telltale duration expired - Deck: 55, Card: 8
2025-08-05 12:10:58,921 - INFO - Telltale duration expired - Deck: 55, Card: 7
2025-08-05 12:10:58,921 - INFO - Telltale duration expired - Deck: 55, Card: 6
2025-08-05 12:10:58,921 - INFO - Telltale duration expired - Deck: 55, Card: 5
2025-08-05 12:10:58,921 - INFO - Telltale duration expired - Deck: 55, Card: 4
2025-08-05 12:10:59,065 - INFO - Playing chime: ChimeInfo(engine_check, Deck:51, Card:2, ID:51_2)
2025-08-05 12:11:01,632 - INFO - Playing chime again: ChimeInfo(engine_check, Deck:51, Card:2, ID:51_2)
2025-08-05 12:11:03,878 - INFO - Telltale duration expired - Deck: 52, Card: 1
2025-08-05 12:11:03,878 - INFO - Telltale duration expired - Deck: 52, Card: 0
2025-08-05 12:11:03,878 - INFO - Telltale duration expired - Deck: 51, Card: 9
2025-08-05 12:11:03,879 - INFO - Telltale duration expired - Deck: 51, Card: 8
2025-08-05 12:11:03,879 - INFO - Telltale duration expired - Deck: 51, Card: 7
2025-08-05 12:11:03,880 - INFO - Telltale duration expired - Deck: 51, Card: 6
2025-08-05 12:11:03,880 - INFO - Telltale duration expired - Deck: 51, Card: 5
2025-08-05 12:11:03,880 - INFO - Telltale duration expired - Deck: 51, Card: 4
2025-08-05 12:11:03,880 - INFO - Telltale duration expired - Deck: 51, Card: 3
2025-08-05 12:11:03,880 - INFO - Telltale duration expired - Deck: 51, Card: 2
2025-08-05 12:11:03,880 - INFO - Telltale duration expired - Deck: 51, Card: 1
2025-08-05 12:11:03,881 - INFO - Telltale duration expired - Deck: 51, Card: 0
2025-08-05 12:11:03,881 - INFO - Telltale duration expired - Deck: 50, Card: 9
2025-08-05 12:11:03,881 - INFO - Telltale duration expired - Deck: 50, Card: 8
2025-08-05 12:11:03,881 - INFO - Telltale duration expired - Deck: 50, Card: 7
2025-08-05 12:11:03,881 - INFO - Telltale duration expired - Deck: 50, Card: 6
2025-08-05 12:11:03,881 - INFO - Telltale duration expired - Deck: 50, Card: 5
2025-08-05 12:11:03,881 - INFO - Telltale duration expired - Deck: 50, Card: 4
2025-08-05 12:11:03,882 - INFO - Telltale duration expired - Deck: 50, Card: 3
2025-08-05 12:11:03,882 - INFO - Telltale duration expired - Deck: 50, Card: 2
2025-08-05 12:11:03,882 - INFO - Telltale duration expired - Deck: 50, Card: 1
2025-08-05 12:11:03,882 - INFO - Telltale duration expired - Deck: 50, Card: 0
2025-08-05 12:11:03,893 - INFO - Telltale duration expired - Deck: 55, Card: 3
2025-08-05 12:11:03,894 - INFO - Telltale duration expired - Deck: 55, Card: 2
2025-08-05 12:11:03,894 - INFO - Telltale duration expired - Deck: 55, Card: 0
2025-08-05 12:11:03,894 - INFO - Telltale duration expired - Deck: 54, Card: 9
2025-08-05 12:11:03,894 - INFO - Telltale duration expired - Deck: 54, Card: 8
2025-08-05 12:11:03,895 - INFO - Telltale duration expired - Deck: 54, Card: 7
2025-08-05 12:11:03,895 - INFO - Telltale duration expired - Deck: 54, Card: 6
2025-08-05 12:11:03,895 - INFO - Telltale duration expired - Deck: 54, Card: 5
2025-08-05 12:11:03,895 - INFO - Telltale duration expired - Deck: 54, Card: 4
2025-08-05 12:11:03,895 - INFO - Telltale duration expired - Deck: 54, Card: 3
2025-08-05 12:11:03,896 - INFO - Telltale duration expired - Deck: 54, Card: 2
2025-08-05 12:11:03,896 - INFO - Telltale duration expired - Deck: 54, Card: 1
2025-08-05 12:11:03,896 - INFO - Telltale duration expired - Deck: 54, Card: 0
2025-08-05 12:11:03,896 - INFO - Telltale duration expired - Deck: 53, Card: 9
2025-08-05 12:11:03,896 - INFO - Telltale duration expired - Deck: 53, Card: 8
2025-08-05 12:11:03,897 - INFO - Telltale duration expired - Deck: 53, Card: 7
2025-08-05 12:11:03,897 - INFO - Telltale duration expired - Deck: 53, Card: 6
2025-08-05 12:11:03,897 - INFO - Telltale duration expired - Deck: 53, Card: 5
2025-08-05 12:11:03,897 - INFO - Telltale duration expired - Deck: 53, Card: 4
2025-08-05 12:11:03,897 - INFO - Telltale duration expired - Deck: 53, Card: 3
2025-08-05 12:11:03,898 - INFO - Telltale duration expired - Deck: 53, Card: 2
2025-08-05 12:11:03,898 - INFO - Telltale duration expired - Deck: 53, Card: 1
2025-08-05 12:11:03,898 - INFO - Telltale duration expired - Deck: 53, Card: 0
2025-08-05 12:11:03,898 - INFO - Telltale duration expired - Deck: 52, Card: 9
2025-08-05 12:11:03,898 - INFO - Telltale duration expired - Deck: 52, Card: 8
2025-08-05 12:11:03,898 - INFO - Telltale duration expired - Deck: 52, Card: 7
2025-08-05 12:11:03,899 - INFO - Telltale duration expired - Deck: 52, Card: 6
2025-08-05 12:11:03,899 - INFO - Telltale duration expired - Deck: 52, Card: 5
2025-08-05 12:11:03,899 - INFO - Telltale duration expired - Deck: 52, Card: 4
2025-08-05 12:11:03,899 - INFO - Telltale duration expired - Deck: 52, Card: 3
2025-08-05 12:11:03,899 - INFO - Telltale duration expired - Deck: 52, Card: 2
2025-08-05 12:11:03,909 - INFO - Telltale duration expired - Deck: 61, Card: 9
2025-08-05 12:11:03,910 - INFO - Telltale duration expired - Deck: 61, Card: 8
2025-08-05 12:11:03,910 - INFO - Telltale duration expired - Deck: 61, Card: 7
2025-08-05 12:11:03,910 - INFO - Telltale duration expired - Deck: 61, Card: 6
2025-08-05 12:11:03,910 - INFO - Telltale duration expired - Deck: 61, Card: 5
2025-08-05 12:11:03,910 - INFO - Telltale duration expired - Deck: 61, Card: 4
2025-08-05 12:11:03,911 - INFO - Telltale duration expired - Deck: 61, Card: 3
2025-08-05 12:11:03,911 - INFO - Telltale duration expired - Deck: 61, Card: 2
2025-08-05 12:11:03,911 - INFO - Telltale duration expired - Deck: 61, Card: 1
2025-08-05 12:11:03,911 - INFO - Telltale duration expired - Deck: 61, Card: 0
2025-08-05 12:11:03,911 - INFO - Telltale duration expired - Deck: 60, Card: 9
2025-08-05 12:11:03,912 - INFO - Telltale duration expired - Deck: 60, Card: 8
2025-08-05 12:11:03,912 - INFO - Telltale duration expired - Deck: 60, Card: 7
2025-08-05 12:11:03,912 - INFO - Telltale duration expired - Deck: 60, Card: 6
2025-08-05 12:11:03,912 - INFO - Telltale duration expired - Deck: 60, Card: 5
2025-08-05 12:11:03,913 - INFO - Telltale duration expired - Deck: 60, Card: 4
2025-08-05 12:11:03,913 - INFO - Telltale duration expired - Deck: 60, Card: 3
2025-08-05 12:11:03,913 - INFO - Telltale duration expired - Deck: 60, Card: 2
2025-08-05 12:11:03,913 - INFO - Telltale duration expired - Deck: 60, Card: 1
2025-08-05 12:11:03,913 - INFO - Telltale duration expired - Deck: 60, Card: 0
2025-08-05 12:11:03,914 - INFO - Telltale duration expired - Deck: 59, Card: 9
2025-08-05 12:11:03,914 - INFO - Telltale duration expired - Deck: 59, Card: 8
2025-08-05 12:11:03,914 - INFO - Telltale duration expired - Deck: 59, Card: 7
2025-08-05 12:11:03,914 - INFO - Telltale duration expired - Deck: 59, Card: 6
2025-08-05 12:11:03,914 - INFO - Telltale duration expired - Deck: 59, Card: 5
2025-08-05 12:11:03,915 - INFO - Telltale duration expired - Deck: 59, Card: 4
2025-08-05 12:11:03,915 - INFO - Telltale duration expired - Deck: 59, Card: 3
2025-08-05 12:11:03,915 - INFO - Telltale duration expired - Deck: 59, Card: 2
2025-08-05 12:11:03,915 - INFO - Telltale duration expired - Deck: 59, Card: 1
2025-08-05 12:11:03,915 - INFO - Telltale duration expired - Deck: 59, Card: 0
2025-08-05 12:11:03,916 - INFO - Telltale duration expired - Deck: 58, Card: 9
2025-08-05 12:11:03,916 - INFO - Telltale duration expired - Deck: 58, Card: 8
2025-08-05 12:11:03,916 - INFO - Telltale duration expired - Deck: 58, Card: 7
2025-08-05 12:11:03,916 - INFO - Telltale duration expired - Deck: 58, Card: 6
2025-08-05 12:11:03,916 - INFO - Telltale duration expired - Deck: 58, Card: 5
2025-08-05 12:11:03,916 - INFO - Telltale duration expired - Deck: 58, Card: 4
2025-08-05 12:11:03,917 - INFO - Telltale duration expired - Deck: 58, Card: 3
2025-08-05 12:11:03,917 - INFO - Telltale duration expired - Deck: 58, Card: 2
2025-08-05 12:11:03,917 - INFO - Telltale duration expired - Deck: 58, Card: 1
2025-08-05 12:11:03,917 - INFO - Telltale duration expired - Deck: 58, Card: 0
2025-08-05 12:11:03,917 - INFO - Telltale duration expired - Deck: 57, Card: 9
2025-08-05 12:11:03,918 - INFO - Telltale duration expired - Deck: 57, Card: 8
2025-08-05 12:11:03,918 - INFO - Telltale duration expired - Deck: 57, Card: 7
2025-08-05 12:11:03,918 - INFO - Telltale duration expired - Deck: 57, Card: 6
2025-08-05 12:11:03,918 - INFO - Telltale duration expired - Deck: 57, Card: 5
2025-08-05 12:11:03,918 - INFO - Telltale duration expired - Deck: 57, Card: 4
2025-08-05 12:11:03,918 - INFO - Telltale duration expired - Deck: 57, Card: 3
2025-08-05 12:11:03,918 - INFO - Telltale duration expired - Deck: 57, Card: 2
2025-08-05 12:11:03,919 - INFO - Telltale duration expired - Deck: 57, Card: 1
2025-08-05 12:11:03,919 - INFO - Telltale duration expired - Deck: 57, Card: 0
2025-08-05 12:11:03,919 - INFO - Telltale duration expired - Deck: 56, Card: 9
2025-08-05 12:11:03,919 - INFO - Telltale duration expired - Deck: 56, Card: 8
2025-08-05 12:11:03,919 - INFO - Telltale duration expired - Deck: 56, Card: 7
2025-08-05 12:11:03,919 - INFO - Telltale duration expired - Deck: 56, Card: 6
2025-08-05 12:11:03,919 - INFO - Telltale duration expired - Deck: 56, Card: 5
2025-08-05 12:11:03,920 - INFO - Telltale duration expired - Deck: 56, Card: 4
2025-08-05 12:11:03,920 - INFO - Telltale duration expired - Deck: 56, Card: 3
2025-08-05 12:11:03,920 - INFO - Telltale duration expired - Deck: 56, Card: 2
2025-08-05 12:11:03,920 - INFO - Telltale duration expired - Deck: 56, Card: 1
2025-08-05 12:11:03,920 - INFO - Telltale duration expired - Deck: 56, Card: 0
2025-08-05 12:11:03,920 - INFO - Telltale duration expired - Deck: 55, Card: 9
2025-08-05 12:11:03,920 - INFO - Telltale duration expired - Deck: 55, Card: 8
2025-08-05 12:11:03,920 - INFO - Telltale duration expired - Deck: 55, Card: 7
2025-08-05 12:11:03,921 - INFO - Telltale duration expired - Deck: 55, Card: 6
2025-08-05 12:11:03,921 - INFO - Telltale duration expired - Deck: 55, Card: 5
2025-08-05 12:11:03,921 - INFO - Telltale duration expired - Deck: 55, Card: 4
2025-08-05 12:11:08,380 - INFO - Playing chime: ChimeInfo(jeep_seatbelt_alert, Deck:52, Card:2, ID:52_2)
2025-08-05 12:11:08,881 - INFO - Telltale duration expired - Deck: 52, Card: 1
2025-08-05 12:11:08,881 - INFO - Telltale duration expired - Deck: 52, Card: 0
2025-08-05 12:11:08,881 - INFO - Telltale duration expired - Deck: 51, Card: 9
2025-08-05 12:11:08,881 - INFO - Telltale duration expired - Deck: 51, Card: 8
2025-08-05 12:11:08,882 - INFO - Telltale duration expired - Deck: 51, Card: 7
2025-08-05 12:11:08,882 - INFO - Telltale duration expired - Deck: 51, Card: 6
2025-08-05 12:11:08,882 - INFO - Telltale duration expired - Deck: 51, Card: 5
2025-08-05 12:11:08,882 - INFO - Telltale duration expired - Deck: 51, Card: 4
2025-08-05 12:11:08,882 - INFO - Telltale duration expired - Deck: 51, Card: 3
2025-08-05 12:11:08,883 - INFO - Telltale duration expired - Deck: 51, Card: 2
2025-08-05 12:11:08,883 - INFO - Telltale duration expired - Deck: 51, Card: 1
2025-08-05 12:11:08,883 - INFO - Telltale duration expired - Deck: 51, Card: 0
2025-08-05 12:11:08,883 - INFO - Telltale duration expired - Deck: 50, Card: 9
2025-08-05 12:11:08,883 - INFO - Telltale duration expired - Deck: 50, Card: 8
2025-08-05 12:11:08,884 - INFO - Telltale duration expired - Deck: 50, Card: 7
2025-08-05 12:11:08,884 - INFO - Telltale duration expired - Deck: 50, Card: 6
2025-08-05 12:11:08,884 - INFO - Telltale duration expired - Deck: 50, Card: 5
2025-08-05 12:11:08,884 - INFO - Telltale duration expired - Deck: 50, Card: 4
2025-08-05 12:11:08,884 - INFO - Telltale duration expired - Deck: 50, Card: 3
2025-08-05 12:11:08,885 - INFO - Telltale duration expired - Deck: 50, Card: 2
2025-08-05 12:11:08,885 - INFO - Telltale duration expired - Deck: 50, Card: 1
2025-08-05 12:11:08,885 - INFO - Telltale duration expired - Deck: 50, Card: 0
2025-08-05 12:11:08,895 - INFO - Telltale duration expired - Deck: 55, Card: 3
2025-08-05 12:11:08,896 - INFO - Telltale duration expired - Deck: 55, Card: 2
2025-08-05 12:11:08,897 - INFO - Telltale duration expired - Deck: 55, Card: 0
2025-08-05 12:11:08,897 - INFO - Telltale duration expired - Deck: 54, Card: 9
2025-08-05 12:11:08,897 - INFO - Telltale duration expired - Deck: 54, Card: 8
2025-08-05 12:11:08,897 - INFO - Telltale duration expired - Deck: 54, Card: 7
2025-08-05 12:11:08,898 - INFO - Telltale duration expired - Deck: 54, Card: 6
2025-08-05 12:11:08,898 - INFO - Telltale duration expired - Deck: 54, Card: 5
2025-08-05 12:11:08,898 - INFO - Telltale duration expired - Deck: 54, Card: 4
2025-08-05 12:11:08,899 - INFO - Telltale duration expired - Deck: 54, Card: 3
2025-08-05 12:11:08,899 - INFO - Telltale duration expired - Deck: 54, Card: 2
2025-08-05 12:11:08,899 - INFO - Telltale duration expired - Deck: 54, Card: 1
2025-08-05 12:11:08,899 - INFO - Telltale duration expired - Deck: 54, Card: 0
2025-08-05 12:11:08,899 - INFO - Telltale duration expired - Deck: 53, Card: 9
2025-08-05 12:11:08,900 - INFO - Telltale duration expired - Deck: 53, Card: 8
2025-08-05 12:11:08,900 - INFO - Telltale duration expired - Deck: 53, Card: 7
2025-08-05 12:11:08,900 - INFO - Telltale duration expired - Deck: 53, Card: 6
2025-08-05 12:11:08,900 - INFO - Telltale duration expired - Deck: 53, Card: 5
2025-08-05 12:11:08,901 - INFO - Telltale duration expired - Deck: 53, Card: 4
2025-08-05 12:11:08,901 - INFO - Telltale duration expired - Deck: 53, Card: 3
2025-08-05 12:11:08,901 - INFO - Telltale duration expired - Deck: 53, Card: 2
2025-08-05 12:11:08,901 - INFO - Telltale duration expired - Deck: 53, Card: 1
2025-08-05 12:11:08,901 - INFO - Telltale duration expired - Deck: 53, Card: 0
2025-08-05 12:11:08,902 - INFO - Telltale duration expired - Deck: 52, Card: 9
2025-08-05 12:11:08,902 - INFO - Telltale duration expired - Deck: 52, Card: 8
2025-08-05 12:11:08,902 - INFO - Telltale duration expired - Deck: 52, Card: 7
2025-08-05 12:11:08,902 - INFO - Telltale duration expired - Deck: 52, Card: 6
2025-08-05 12:11:08,902 - INFO - Telltale duration expired - Deck: 52, Card: 5
2025-08-05 12:11:08,903 - INFO - Telltale duration expired - Deck: 52, Card: 4
2025-08-05 12:11:08,903 - INFO - Telltale duration expired - Deck: 52, Card: 3
2025-08-05 12:11:08,903 - INFO - Telltale duration expired - Deck: 52, Card: 2
2025-08-05 12:11:08,910 - INFO - Telltale duration expired - Deck: 61, Card: 9
2025-08-05 12:11:08,911 - INFO - Telltale duration expired - Deck: 61, Card: 8
2025-08-05 12:11:08,911 - INFO - Telltale duration expired - Deck: 61, Card: 7
2025-08-05 12:11:08,912 - INFO - Telltale duration expired - Deck: 61, Card: 6
2025-08-05 12:11:08,912 - INFO - Telltale duration expired - Deck: 61, Card: 5
2025-08-05 12:11:08,912 - INFO - Telltale duration expired - Deck: 61, Card: 4
2025-08-05 12:11:08,912 - INFO - Telltale duration expired - Deck: 61, Card: 3
2025-08-05 12:11:08,912 - INFO - Telltale duration expired - Deck: 61, Card: 2
2025-08-05 12:11:08,913 - INFO - Telltale duration expired - Deck: 61, Card: 1
2025-08-05 12:11:08,913 - INFO - Telltale duration expired - Deck: 61, Card: 0
2025-08-05 12:11:08,913 - INFO - Telltale duration expired - Deck: 60, Card: 9
2025-08-05 12:11:08,914 - INFO - Telltale duration expired - Deck: 60, Card: 8
2025-08-05 12:11:08,914 - INFO - Telltale duration expired - Deck: 60, Card: 7
2025-08-05 12:11:08,914 - INFO - Telltale duration expired - Deck: 60, Card: 6
2025-08-05 12:11:08,914 - INFO - Telltale duration expired - Deck: 60, Card: 5
2025-08-05 12:11:08,914 - INFO - Telltale duration expired - Deck: 60, Card: 4
2025-08-05 12:11:08,915 - INFO - Telltale duration expired - Deck: 60, Card: 3
2025-08-05 12:11:08,915 - INFO - Telltale duration expired - Deck: 60, Card: 2
2025-08-05 12:11:08,915 - INFO - Telltale duration expired - Deck: 60, Card: 1
2025-08-05 12:11:08,915 - INFO - Telltale duration expired - Deck: 60, Card: 0
2025-08-05 12:11:08,915 - INFO - Telltale duration expired - Deck: 59, Card: 9
2025-08-05 12:11:08,916 - INFO - Telltale duration expired - Deck: 59, Card: 8
2025-08-05 12:11:08,916 - INFO - Telltale duration expired - Deck: 59, Card: 7
2025-08-05 12:11:08,916 - INFO - Telltale duration expired - Deck: 59, Card: 6
2025-08-05 12:11:08,916 - INFO - Telltale duration expired - Deck: 59, Card: 5
2025-08-05 12:11:08,917 - INFO - Telltale duration expired - Deck: 59, Card: 4
2025-08-05 12:11:08,917 - INFO - Telltale duration expired - Deck: 59, Card: 3
2025-08-05 12:11:08,917 - INFO - Telltale duration expired - Deck: 59, Card: 2
2025-08-05 12:11:08,917 - INFO - Telltale duration expired - Deck: 59, Card: 1
2025-08-05 12:11:08,917 - INFO - Telltale duration expired - Deck: 59, Card: 0
2025-08-05 12:11:08,918 - INFO - Telltale duration expired - Deck: 58, Card: 9
2025-08-05 12:11:08,918 - INFO - Telltale duration expired - Deck: 58, Card: 8
2025-08-05 12:11:08,918 - INFO - Telltale duration expired - Deck: 58, Card: 7
2025-08-05 12:11:08,918 - INFO - Telltale duration expired - Deck: 58, Card: 6
2025-08-05 12:11:08,919 - INFO - Telltale duration expired - Deck: 58, Card: 5
2025-08-05 12:11:08,919 - INFO - Telltale duration expired - Deck: 58, Card: 4
2025-08-05 12:11:08,919 - INFO - Telltale duration expired - Deck: 58, Card: 3
2025-08-05 12:11:08,919 - INFO - Telltale duration expired - Deck: 58, Card: 2
2025-08-05 12:11:08,920 - INFO - Telltale duration expired - Deck: 58, Card: 1
2025-08-05 12:11:08,920 - INFO - Telltale duration expired - Deck: 58, Card: 0
2025-08-05 12:11:08,920 - INFO - Telltale duration expired - Deck: 57, Card: 9
2025-08-05 12:11:08,920 - INFO - Telltale duration expired - Deck: 57, Card: 8
2025-08-05 12:11:08,920 - INFO - Telltale duration expired - Deck: 57, Card: 7
2025-08-05 12:11:08,921 - INFO - Telltale duration expired - Deck: 57, Card: 6
2025-08-05 12:11:08,921 - INFO - Telltale duration expired - Deck: 57, Card: 5
2025-08-05 12:11:08,921 - INFO - Telltale duration expired - Deck: 57, Card: 4
2025-08-05 12:11:08,921 - INFO - Telltale duration expired - Deck: 57, Card: 3
2025-08-05 12:11:08,922 - INFO - Telltale duration expired - Deck: 57, Card: 2
2025-08-05 12:11:08,922 - INFO - Telltale duration expired - Deck: 57, Card: 1
2025-08-05 12:11:08,922 - INFO - Telltale duration expired - Deck: 57, Card: 0
2025-08-05 12:11:08,922 - INFO - Telltale duration expired - Deck: 56, Card: 9
2025-08-05 12:11:08,922 - INFO - Telltale duration expired - Deck: 56, Card: 8
2025-08-05 12:11:08,922 - INFO - Telltale duration expired - Deck: 56, Card: 7
2025-08-05 12:11:08,923 - INFO - Telltale duration expired - Deck: 56, Card: 6
2025-08-05 12:11:08,923 - INFO - Telltale duration expired - Deck: 56, Card: 5
2025-08-05 12:11:08,923 - INFO - Telltale duration expired - Deck: 56, Card: 4
2025-08-05 12:11:08,923 - INFO - Telltale duration expired - Deck: 56, Card: 3
2025-08-05 12:11:08,923 - INFO - Telltale duration expired - Deck: 56, Card: 2
2025-08-05 12:11:08,924 - INFO - Telltale duration expired - Deck: 56, Card: 1
2025-08-05 12:11:08,924 - INFO - Telltale duration expired - Deck: 56, Card: 0
2025-08-05 12:11:08,924 - INFO - Telltale duration expired - Deck: 55, Card: 9
2025-08-05 12:11:08,924 - INFO - Telltale duration expired - Deck: 55, Card: 8
2025-08-05 12:11:08,924 - INFO - Telltale duration expired - Deck: 55, Card: 7
2025-08-05 12:11:08,925 - INFO - Telltale duration expired - Deck: 55, Card: 6
2025-08-05 12:11:08,925 - INFO - Telltale duration expired - Deck: 55, Card: 5
2025-08-05 12:11:08,925 - INFO - Telltale duration expired - Deck: 55, Card: 4
2025-08-05 12:11:13,874 - INFO - Telltale duration expired - Deck: 52, Card: 1
2025-08-05 12:11:13,874 - INFO - Telltale duration expired - Deck: 52, Card: 0
2025-08-05 12:11:13,875 - INFO - Telltale duration expired - Deck: 51, Card: 9
2025-08-05 12:11:13,875 - INFO - Telltale duration expired - Deck: 51, Card: 8
2025-08-05 12:11:13,875 - INFO - Telltale duration expired - Deck: 51, Card: 7
2025-08-05 12:11:13,875 - INFO - Telltale duration expired - Deck: 51, Card: 6
2025-08-05 12:11:13,875 - INFO - Telltale duration expired - Deck: 51, Card: 5
2025-08-05 12:11:13,876 - INFO - Telltale duration expired - Deck: 51, Card: 4
2025-08-05 12:11:13,876 - INFO - Telltale duration expired - Deck: 51, Card: 3
2025-08-05 12:11:13,876 - INFO - Telltale duration expired - Deck: 51, Card: 2
2025-08-05 12:11:13,876 - INFO - Telltale duration expired - Deck: 51, Card: 1
2025-08-05 12:11:13,876 - INFO - Telltale duration expired - Deck: 51, Card: 0
2025-08-05 12:11:13,877 - INFO - Telltale duration expired - Deck: 50, Card: 9
2025-08-05 12:11:13,877 - INFO - Telltale duration expired - Deck: 50, Card: 8
2025-08-05 12:11:13,877 - INFO - Telltale duration expired - Deck: 50, Card: 7
2025-08-05 12:11:13,877 - INFO - Telltale duration expired - Deck: 50, Card: 6
2025-08-05 12:11:13,877 - INFO - Telltale duration expired - Deck: 50, Card: 5
2025-08-05 12:11:13,877 - INFO - Telltale duration expired - Deck: 50, Card: 4
2025-08-05 12:11:13,878 - INFO - Telltale duration expired - Deck: 50, Card: 3
2025-08-05 12:11:13,878 - INFO - Telltale duration expired - Deck: 50, Card: 2
2025-08-05 12:11:13,878 - INFO - Telltale duration expired - Deck: 50, Card: 1
2025-08-05 12:11:13,878 - INFO - Telltale duration expired - Deck: 50, Card: 0
2025-08-05 12:11:13,904 - INFO - Telltale duration expired - Deck: 55, Card: 3
2025-08-05 12:11:13,905 - INFO - Telltale duration expired - Deck: 55, Card: 2
2025-08-05 12:11:13,905 - INFO - Telltale duration expired - Deck: 55, Card: 0
2025-08-05 12:11:13,905 - INFO - Telltale duration expired - Deck: 54, Card: 9
2025-08-05 12:11:13,905 - INFO - Telltale duration expired - Deck: 54, Card: 8
2025-08-05 12:11:13,906 - INFO - Telltale duration expired - Deck: 54, Card: 7
2025-08-05 12:11:13,906 - INFO - Telltale duration expired - Deck: 54, Card: 6
2025-08-05 12:11:13,906 - INFO - Telltale duration expired - Deck: 54, Card: 5
2025-08-05 12:11:13,906 - INFO - Telltale duration expired - Deck: 54, Card: 4
2025-08-05 12:11:13,906 - INFO - Telltale duration expired - Deck: 54, Card: 3
2025-08-05 12:11:13,907 - INFO - Telltale duration expired - Deck: 54, Card: 2
2025-08-05 12:11:13,907 - INFO - Telltale duration expired - Deck: 54, Card: 1
2025-08-05 12:11:13,907 - INFO - Telltale duration expired - Deck: 54, Card: 0
2025-08-05 12:11:13,907 - INFO - Telltale duration expired - Deck: 53, Card: 9
2025-08-05 12:11:13,907 - INFO - Telltale duration expired - Deck: 53, Card: 8
2025-08-05 12:11:13,908 - INFO - Telltale duration expired - Deck: 53, Card: 7
2025-08-05 12:11:13,908 - INFO - Telltale duration expired - Deck: 53, Card: 6
2025-08-05 12:11:13,908 - INFO - Telltale duration expired - Deck: 53, Card: 5
2025-08-05 12:11:13,908 - INFO - Telltale duration expired - Deck: 53, Card: 4
2025-08-05 12:11:13,908 - INFO - Telltale duration expired - Deck: 53, Card: 3
2025-08-05 12:11:13,908 - INFO - Telltale duration expired - Deck: 53, Card: 2
2025-08-05 12:11:13,909 - INFO - Telltale duration expired - Deck: 53, Card: 1
2025-08-05 12:11:13,909 - INFO - Telltale duration expired - Deck: 53, Card: 0
2025-08-05 12:11:13,909 - INFO - Telltale duration expired - Deck: 52, Card: 9
2025-08-05 12:11:13,909 - INFO - Telltale duration expired - Deck: 52, Card: 8
2025-08-05 12:11:13,909 - INFO - Telltale duration expired - Deck: 52, Card: 7
2025-08-05 12:11:13,910 - INFO - Telltale duration expired - Deck: 52, Card: 6
2025-08-05 12:11:13,910 - INFO - Telltale duration expired - Deck: 52, Card: 5
2025-08-05 12:11:13,910 - INFO - Telltale duration expired - Deck: 52, Card: 4
2025-08-05 12:11:13,910 - INFO - Telltale duration expired - Deck: 52, Card: 3
2025-08-05 12:11:13,910 - INFO - Telltale duration expired - Deck: 52, Card: 2
2025-08-05 12:11:13,920 - INFO - Telltale duration expired - Deck: 61, Card: 9
2025-08-05 12:11:13,921 - INFO - Telltale duration expired - Deck: 61, Card: 8
2025-08-05 12:11:13,921 - INFO - Telltale duration expired - Deck: 61, Card: 7
2025-08-05 12:11:13,921 - INFO - Telltale duration expired - Deck: 61, Card: 6
2025-08-05 12:11:13,922 - INFO - Telltale duration expired - Deck: 61, Card: 5
2025-08-05 12:11:13,922 - INFO - Telltale duration expired - Deck: 61, Card: 4
2025-08-05 12:11:13,922 - INFO - Telltale duration expired - Deck: 61, Card: 3
2025-08-05 12:11:13,922 - INFO - Telltale duration expired - Deck: 61, Card: 2
2025-08-05 12:11:13,922 - INFO - Telltale duration expired - Deck: 61, Card: 1
2025-08-05 12:11:13,923 - INFO - Telltale duration expired - Deck: 61, Card: 0
2025-08-05 12:11:13,923 - INFO - Telltale duration expired - Deck: 60, Card: 9
2025-08-05 12:11:13,923 - INFO - Telltale duration expired - Deck: 60, Card: 8
2025-08-05 12:11:13,923 - INFO - Telltale duration expired - Deck: 60, Card: 7
2025-08-05 12:11:13,923 - INFO - Telltale duration expired - Deck: 60, Card: 6
2025-08-05 12:11:13,924 - INFO - Telltale duration expired - Deck: 60, Card: 5
2025-08-05 12:11:13,924 - INFO - Telltale duration expired - Deck: 60, Card: 4
2025-08-05 12:11:13,924 - INFO - Telltale duration expired - Deck: 60, Card: 3
2025-08-05 12:11:13,924 - INFO - Telltale duration expired - Deck: 60, Card: 2
2025-08-05 12:11:13,924 - INFO - Telltale duration expired - Deck: 60, Card: 1
2025-08-05 12:11:13,925 - INFO - Telltale duration expired - Deck: 60, Card: 0
2025-08-05 12:11:13,925 - INFO - Telltale duration expired - Deck: 59, Card: 9
2025-08-05 12:11:13,925 - INFO - Telltale duration expired - Deck: 59, Card: 8
2025-08-05 12:11:13,925 - INFO - Telltale duration expired - Deck: 59, Card: 7
2025-08-05 12:11:13,925 - INFO - Telltale duration expired - Deck: 59, Card: 6
2025-08-05 12:11:13,925 - INFO - Telltale duration expired - Deck: 59, Card: 5
2025-08-05 12:11:13,926 - INFO - Telltale duration expired - Deck: 59, Card: 4
2025-08-05 12:11:13,926 - INFO - Telltale duration expired - Deck: 59, Card: 3
2025-08-05 12:11:13,926 - INFO - Telltale duration expired - Deck: 59, Card: 2
2025-08-05 12:11:13,926 - INFO - Telltale duration expired - Deck: 59, Card: 1
2025-08-05 12:11:13,926 - INFO - Telltale duration expired - Deck: 59, Card: 0
2025-08-05 12:11:13,926 - INFO - Telltale duration expired - Deck: 58, Card: 9
2025-08-05 12:11:13,926 - INFO - Telltale duration expired - Deck: 58, Card: 8
2025-08-05 12:11:13,927 - INFO - Telltale duration expired - Deck: 58, Card: 7
2025-08-05 12:11:13,927 - INFO - Telltale duration expired - Deck: 58, Card: 6
2025-08-05 12:11:13,927 - INFO - Telltale duration expired - Deck: 58, Card: 5
2025-08-05 12:11:13,927 - INFO - Telltale duration expired - Deck: 58, Card: 4
2025-08-05 12:11:13,927 - INFO - Telltale duration expired - Deck: 58, Card: 3
2025-08-05 12:11:13,928 - INFO - Telltale duration expired - Deck: 58, Card: 2
2025-08-05 12:11:13,928 - INFO - Telltale duration expired - Deck: 58, Card: 1
2025-08-05 12:11:13,928 - INFO - Telltale duration expired - Deck: 58, Card: 0
2025-08-05 12:11:13,928 - INFO - Telltale duration expired - Deck: 57, Card: 9
2025-08-05 12:11:13,928 - INFO - Telltale duration expired - Deck: 57, Card: 8
2025-08-05 12:11:13,928 - INFO - Telltale duration expired - Deck: 57, Card: 7
2025-08-05 12:11:13,929 - INFO - Telltale duration expired - Deck: 57, Card: 6
2025-08-05 12:11:13,929 - INFO - Telltale duration expired - Deck: 57, Card: 5
2025-08-05 12:11:13,929 - INFO - Telltale duration expired - Deck: 57, Card: 4
2025-08-05 12:11:13,929 - INFO - Telltale duration expired - Deck: 57, Card: 3
2025-08-05 12:11:13,929 - INFO - Telltale duration expired - Deck: 57, Card: 2
2025-08-05 12:11:13,930 - INFO - Telltale duration expired - Deck: 57, Card: 1
2025-08-05 12:11:13,930 - INFO - Telltale duration expired - Deck: 57, Card: 0
2025-08-05 12:11:13,930 - INFO - Telltale duration expired - Deck: 56, Card: 9
2025-08-05 12:11:13,930 - INFO - Telltale duration expired - Deck: 56, Card: 8
2025-08-05 12:11:13,930 - INFO - Telltale duration expired - Deck: 56, Card: 7
2025-08-05 12:11:13,930 - INFO - Telltale duration expired - Deck: 56, Card: 6
2025-08-05 12:11:13,931 - INFO - Telltale duration expired - Deck: 56, Card: 5
2025-08-05 12:11:13,931 - INFO - Telltale duration expired - Deck: 56, Card: 4
2025-08-05 12:11:13,931 - INFO - Telltale duration expired - Deck: 56, Card: 3
2025-08-05 12:11:13,931 - INFO - Telltale duration expired - Deck: 56, Card: 2
2025-08-05 12:11:13,931 - INFO - Telltale duration expired - Deck: 56, Card: 1
2025-08-05 12:11:13,931 - INFO - Telltale duration expired - Deck: 56, Card: 0
2025-08-05 12:11:13,931 - INFO - Telltale duration expired - Deck: 55, Card: 9
2025-08-05 12:11:13,932 - INFO - Telltale duration expired - Deck: 55, Card: 8
2025-08-05 12:11:13,932 - INFO - Telltale duration expired - Deck: 55, Card: 7
2025-08-05 12:11:13,932 - INFO - Telltale duration expired - Deck: 55, Card: 6
2025-08-05 12:11:13,932 - INFO - Telltale duration expired - Deck: 55, Card: 5
2025-08-05 12:11:13,932 - INFO - Telltale duration expired - Deck: 55, Card: 4
2025-08-05 12:11:18,881 - INFO - Telltale duration expired - Deck: 52, Card: 1
2025-08-05 12:11:18,882 - INFO - Telltale duration expired - Deck: 52, Card: 0
2025-08-05 12:11:18,882 - INFO - Telltale duration expired - Deck: 51, Card: 9
2025-08-05 12:11:18,882 - INFO - Telltale duration expired - Deck: 51, Card: 8
2025-08-05 12:11:18,883 - INFO - Telltale duration expired - Deck: 51, Card: 7
2025-08-05 12:11:18,883 - INFO - Telltale duration expired - Deck: 51, Card: 6
2025-08-05 12:11:18,883 - INFO - Telltale duration expired - Deck: 51, Card: 5
2025-08-05 12:11:18,883 - INFO - Telltale duration expired - Deck: 51, Card: 4
2025-08-05 12:11:18,884 - INFO - Telltale duration expired - Deck: 51, Card: 3
2025-08-05 12:11:18,884 - INFO - Telltale duration expired - Deck: 51, Card: 2
2025-08-05 12:11:18,884 - INFO - Telltale duration expired - Deck: 51, Card: 1
2025-08-05 12:11:18,885 - INFO - Telltale duration expired - Deck: 51, Card: 0
2025-08-05 12:11:18,885 - INFO - Telltale duration expired - Deck: 50, Card: 9
2025-08-05 12:11:18,885 - INFO - Telltale duration expired - Deck: 50, Card: 8
2025-08-05 12:11:18,886 - INFO - Telltale duration expired - Deck: 50, Card: 7
2025-08-05 12:11:18,886 - INFO - Telltale duration expired - Deck: 50, Card: 6
2025-08-05 12:11:18,886 - INFO - Telltale duration expired - Deck: 50, Card: 5
2025-08-05 12:11:18,886 - INFO - Telltale duration expired - Deck: 50, Card: 4
2025-08-05 12:11:18,887 - INFO - Telltale duration expired - Deck: 50, Card: 3
2025-08-05 12:11:18,887 - INFO - Telltale duration expired - Deck: 50, Card: 2
2025-08-05 12:11:18,887 - INFO - Telltale duration expired - Deck: 50, Card: 1
2025-08-05 12:11:18,887 - INFO - Telltale duration expired - Deck: 50, Card: 0
2025-08-05 12:11:18,896 - INFO - Telltale duration expired - Deck: 55, Card: 3
2025-08-05 12:11:18,897 - INFO - Telltale duration expired - Deck: 55, Card: 2
2025-08-05 12:11:18,897 - INFO - Telltale duration expired - Deck: 55, Card: 0
2025-08-05 12:11:18,897 - INFO - Telltale duration expired - Deck: 54, Card: 9
2025-08-05 12:11:18,897 - INFO - Telltale duration expired - Deck: 54, Card: 8
2025-08-05 12:11:18,898 - INFO - Telltale duration expired - Deck: 54, Card: 7
2025-08-05 12:11:18,898 - INFO - Telltale duration expired - Deck: 54, Card: 6
2025-08-05 12:11:18,898 - INFO - Telltale duration expired - Deck: 54, Card: 5
2025-08-05 12:11:18,898 - INFO - Telltale duration expired - Deck: 54, Card: 4
2025-08-05 12:11:18,899 - INFO - Telltale duration expired - Deck: 54, Card: 3
2025-08-05 12:11:18,899 - INFO - Telltale duration expired - Deck: 54, Card: 2
2025-08-05 12:11:18,899 - INFO - Telltale duration expired - Deck: 54, Card: 1
2025-08-05 12:11:18,899 - INFO - Telltale duration expired - Deck: 54, Card: 0
2025-08-05 12:11:18,900 - INFO - Telltale duration expired - Deck: 53, Card: 9
2025-08-05 12:11:18,900 - INFO - Telltale duration expired - Deck: 53, Card: 8
2025-08-05 12:11:18,900 - INFO - Telltale duration expired - Deck: 53, Card: 7
2025-08-05 12:11:18,900 - INFO - Telltale duration expired - Deck: 53, Card: 6
2025-08-05 12:11:18,900 - INFO - Telltale duration expired - Deck: 53, Card: 5
2025-08-05 12:11:18,901 - INFO - Telltale duration expired - Deck: 53, Card: 4
2025-08-05 12:11:18,901 - INFO - Telltale duration expired - Deck: 53, Card: 3
2025-08-05 12:11:18,901 - INFO - Telltale duration expired - Deck: 53, Card: 2
2025-08-05 12:11:18,901 - INFO - Telltale duration expired - Deck: 53, Card: 1
2025-08-05 12:11:18,901 - INFO - Telltale duration expired - Deck: 53, Card: 0
2025-08-05 12:11:18,902 - INFO - Telltale duration expired - Deck: 52, Card: 9
2025-08-05 12:11:18,902 - INFO - Telltale duration expired - Deck: 52, Card: 8
2025-08-05 12:11:18,902 - INFO - Telltale duration expired - Deck: 52, Card: 7
2025-08-05 12:11:18,902 - INFO - Telltale duration expired - Deck: 52, Card: 6
2025-08-05 12:11:18,902 - INFO - Telltale duration expired - Deck: 52, Card: 5
2025-08-05 12:11:18,902 - INFO - Telltale duration expired - Deck: 52, Card: 4
2025-08-05 12:11:18,902 - INFO - Telltale duration expired - Deck: 52, Card: 3
2025-08-05 12:11:18,903 - INFO - Telltale duration expired - Deck: 52, Card: 2
2025-08-05 12:11:18,912 - INFO - Telltale duration expired - Deck: 61, Card: 9
2025-08-05 12:11:18,912 - INFO - Telltale duration expired - Deck: 61, Card: 8
2025-08-05 12:11:18,912 - INFO - Telltale duration expired - Deck: 61, Card: 7
2025-08-05 12:11:18,913 - INFO - Telltale duration expired - Deck: 61, Card: 6
2025-08-05 12:11:18,913 - INFO - Telltale duration expired - Deck: 61, Card: 5
2025-08-05 12:11:18,913 - INFO - Telltale duration expired - Deck: 61, Card: 4
2025-08-05 12:11:18,913 - INFO - Telltale duration expired - Deck: 61, Card: 3
2025-08-05 12:11:18,913 - INFO - Telltale duration expired - Deck: 61, Card: 2
2025-08-05 12:11:18,914 - INFO - Telltale duration expired - Deck: 61, Card: 1
2025-08-05 12:11:18,914 - INFO - Telltale duration expired - Deck: 61, Card: 0
2025-08-05 12:11:18,914 - INFO - Telltale duration expired - Deck: 60, Card: 9
2025-08-05 12:11:18,914 - INFO - Telltale duration expired - Deck: 60, Card: 8
2025-08-05 12:11:18,914 - INFO - Telltale duration expired - Deck: 60, Card: 7
2025-08-05 12:11:18,915 - INFO - Telltale duration expired - Deck: 60, Card: 6
2025-08-05 12:11:18,915 - INFO - Telltale duration expired - Deck: 60, Card: 5
2025-08-05 12:11:18,915 - INFO - Telltale duration expired - Deck: 60, Card: 4
2025-08-05 12:11:18,915 - INFO - Telltale duration expired - Deck: 60, Card: 3
2025-08-05 12:11:18,915 - INFO - Telltale duration expired - Deck: 60, Card: 2
2025-08-05 12:11:18,916 - INFO - Telltale duration expired - Deck: 60, Card: 1
2025-08-05 12:11:18,916 - INFO - Telltale duration expired - Deck: 60, Card: 0
2025-08-05 12:11:18,916 - INFO - Telltale duration expired - Deck: 59, Card: 9
2025-08-05 12:11:18,917 - INFO - Telltale duration expired - Deck: 59, Card: 8
2025-08-05 12:11:18,917 - INFO - Telltale duration expired - Deck: 59, Card: 7
2025-08-05 12:11:18,917 - INFO - Telltale duration expired - Deck: 59, Card: 6
2025-08-05 12:11:18,917 - INFO - Telltale duration expired - Deck: 59, Card: 5
2025-08-05 12:11:18,918 - INFO - Telltale duration expired - Deck: 59, Card: 4
2025-08-05 12:11:18,918 - INFO - Telltale duration expired - Deck: 59, Card: 3
2025-08-05 12:11:18,918 - INFO - Telltale duration expired - Deck: 59, Card: 2
2025-08-05 12:11:18,918 - INFO - Telltale duration expired - Deck: 59, Card: 1
2025-08-05 12:11:18,918 - INFO - Telltale duration expired - Deck: 59, Card: 0
2025-08-05 12:11:18,919 - INFO - Telltale duration expired - Deck: 58, Card: 9
2025-08-05 12:11:18,919 - INFO - Telltale duration expired - Deck: 58, Card: 8
2025-08-05 12:11:18,919 - INFO - Telltale duration expired - Deck: 58, Card: 7
2025-08-05 12:11:18,919 - INFO - Telltale duration expired - Deck: 58, Card: 6
2025-08-05 12:11:18,919 - INFO - Telltale duration expired - Deck: 58, Card: 5
2025-08-05 12:11:18,920 - INFO - Telltale duration expired - Deck: 58, Card: 4
2025-08-05 12:11:18,920 - INFO - Telltale duration expired - Deck: 58, Card: 3
2025-08-05 12:11:18,920 - INFO - Telltale duration expired - Deck: 58, Card: 2
2025-08-05 12:11:18,920 - INFO - Telltale duration expired - Deck: 58, Card: 1
2025-08-05 12:11:18,921 - INFO - Telltale duration expired - Deck: 58, Card: 0
2025-08-05 12:11:18,921 - INFO - Telltale duration expired - Deck: 57, Card: 9
2025-08-05 12:11:18,921 - INFO - Telltale duration expired - Deck: 57, Card: 8
2025-08-05 12:11:18,921 - INFO - Telltale duration expired - Deck: 57, Card: 7
2025-08-05 12:11:18,922 - INFO - Telltale duration expired - Deck: 57, Card: 6
2025-08-05 12:11:18,922 - INFO - Telltale duration expired - Deck: 57, Card: 5
2025-08-05 12:11:18,922 - INFO - Telltale duration expired - Deck: 57, Card: 4
2025-08-05 12:11:18,922 - INFO - Telltale duration expired - Deck: 57, Card: 3
2025-08-05 12:11:18,922 - INFO - Telltale duration expired - Deck: 57, Card: 2
2025-08-05 12:11:18,923 - INFO - Telltale duration expired - Deck: 57, Card: 1
2025-08-05 12:11:18,923 - INFO - Telltale duration expired - Deck: 57, Card: 0
2025-08-05 12:11:18,923 - INFO - Telltale duration expired - Deck: 56, Card: 9
2025-08-05 12:11:18,923 - INFO - Telltale duration expired - Deck: 56, Card: 8
2025-08-05 12:11:18,924 - INFO - Telltale duration expired - Deck: 56, Card: 7
2025-08-05 12:11:18,924 - INFO - Telltale duration expired - Deck: 56, Card: 6
2025-08-05 12:11:18,924 - INFO - Telltale duration expired - Deck: 56, Card: 5
2025-08-05 12:11:18,924 - INFO - Telltale duration expired - Deck: 56, Card: 4
2025-08-05 12:11:18,924 - INFO - Telltale duration expired - Deck: 56, Card: 3
2025-08-05 12:11:18,924 - INFO - Telltale duration expired - Deck: 56, Card: 2
2025-08-05 12:11:18,925 - INFO - Telltale duration expired - Deck: 56, Card: 1
2025-08-05 12:11:18,925 - INFO - Telltale duration expired - Deck: 56, Card: 0
2025-08-05 12:11:18,925 - INFO - Telltale duration expired - Deck: 55, Card: 9
2025-08-05 12:11:18,925 - INFO - Telltale duration expired - Deck: 55, Card: 8
2025-08-05 12:11:18,925 - INFO - Telltale duration expired - Deck: 55, Card: 7
2025-08-05 12:11:18,925 - INFO - Telltale duration expired - Deck: 55, Card: 6
2025-08-05 12:11:18,925 - INFO - Telltale duration expired - Deck: 55, Card: 5
2025-08-05 12:11:18,926 - INFO - Telltale duration expired - Deck: 55, Card: 4
2025-08-05 12:11:23,874 - INFO - Telltale duration expired - Deck: 52, Card: 1
2025-08-05 12:11:23,875 - INFO - Telltale duration expired - Deck: 52, Card: 0
2025-08-05 12:11:23,875 - INFO - Telltale duration expired - Deck: 51, Card: 9
2025-08-05 12:11:23,875 - INFO - Telltale duration expired - Deck: 51, Card: 8
2025-08-05 12:11:23,875 - INFO - Telltale duration expired - Deck: 51, Card: 7
2025-08-05 12:11:23,876 - INFO - Telltale duration expired - Deck: 51, Card: 6
2025-08-05 12:11:23,876 - INFO - Telltale duration expired - Deck: 51, Card: 5
2025-08-05 12:11:23,876 - INFO - Telltale duration expired - Deck: 51, Card: 4
2025-08-05 12:11:23,876 - INFO - Telltale duration expired - Deck: 51, Card: 3
2025-08-05 12:11:23,876 - INFO - Telltale duration expired - Deck: 51, Card: 2
2025-08-05 12:11:23,877 - INFO - Telltale duration expired - Deck: 51, Card: 1
2025-08-05 12:11:23,877 - INFO - Telltale duration expired - Deck: 51, Card: 0
2025-08-05 12:11:23,877 - INFO - Telltale duration expired - Deck: 50, Card: 9
2025-08-05 12:11:23,877 - INFO - Telltale duration expired - Deck: 50, Card: 8
2025-08-05 12:11:23,877 - INFO - Telltale duration expired - Deck: 50, Card: 7
2025-08-05 12:11:23,878 - INFO - Telltale duration expired - Deck: 50, Card: 6
2025-08-05 12:11:23,878 - INFO - Telltale duration expired - Deck: 50, Card: 5
2025-08-05 12:11:23,878 - INFO - Telltale duration expired - Deck: 50, Card: 4
2025-08-05 12:11:23,878 - INFO - Telltale duration expired - Deck: 50, Card: 3
2025-08-05 12:11:23,878 - INFO - Telltale duration expired - Deck: 50, Card: 2
2025-08-05 12:11:23,879 - INFO - Telltale duration expired - Deck: 50, Card: 1
2025-08-05 12:11:23,879 - INFO - Telltale duration expired - Deck: 50, Card: 0
2025-08-05 12:11:23,889 - INFO - Telltale duration expired - Deck: 55, Card: 3
2025-08-05 12:11:23,890 - INFO - Telltale duration expired - Deck: 55, Card: 2
2025-08-05 12:11:23,890 - INFO - Telltale duration expired - Deck: 55, Card: 0
2025-08-05 12:11:23,890 - INFO - Telltale duration expired - Deck: 54, Card: 9
2025-08-05 12:11:23,890 - INFO - Telltale duration expired - Deck: 54, Card: 8
2025-08-05 12:11:23,891 - INFO - Telltale duration expired - Deck: 54, Card: 7
2025-08-05 12:11:23,891 - INFO - Telltale duration expired - Deck: 54, Card: 6
2025-08-05 12:11:23,891 - INFO - Telltale duration expired - Deck: 54, Card: 5
2025-08-05 12:11:23,891 - INFO - Telltale duration expired - Deck: 54, Card: 4
2025-08-05 12:11:23,891 - INFO - Telltale duration expired - Deck: 54, Card: 3
2025-08-05 12:11:23,892 - INFO - Telltale duration expired - Deck: 54, Card: 2
2025-08-05 12:11:23,892 - INFO - Telltale duration expired - Deck: 54, Card: 1
2025-08-05 12:11:23,892 - INFO - Telltale duration expired - Deck: 54, Card: 0
2025-08-05 12:11:23,892 - INFO - Telltale duration expired - Deck: 53, Card: 9
2025-08-05 12:11:23,892 - INFO - Telltale duration expired - Deck: 53, Card: 8
2025-08-05 12:11:23,893 - INFO - Telltale duration expired - Deck: 53, Card: 7
2025-08-05 12:11:23,893 - INFO - Telltale duration expired - Deck: 53, Card: 6
2025-08-05 12:11:23,893 - INFO - Telltale duration expired - Deck: 53, Card: 5
2025-08-05 12:11:23,893 - INFO - Telltale duration expired - Deck: 53, Card: 4
2025-08-05 12:11:23,893 - INFO - Telltale duration expired - Deck: 53, Card: 3
2025-08-05 12:11:23,894 - INFO - Telltale duration expired - Deck: 53, Card: 2
2025-08-05 12:11:23,894 - INFO - Telltale duration expired - Deck: 53, Card: 1
2025-08-05 12:11:23,894 - INFO - Telltale duration expired - Deck: 53, Card: 0
2025-08-05 12:11:23,894 - INFO - Telltale duration expired - Deck: 52, Card: 9
2025-08-05 12:11:23,894 - INFO - Telltale duration expired - Deck: 52, Card: 8
2025-08-05 12:11:23,895 - INFO - Telltale duration expired - Deck: 52, Card: 7
2025-08-05 12:11:23,895 - INFO - Telltale duration expired - Deck: 52, Card: 6
2025-08-05 12:11:23,895 - INFO - Telltale duration expired - Deck: 52, Card: 5
2025-08-05 12:11:23,895 - INFO - Telltale duration expired - Deck: 52, Card: 4
2025-08-05 12:11:23,895 - INFO - Telltale duration expired - Deck: 52, Card: 3
2025-08-05 12:11:23,895 - INFO - Telltale duration expired - Deck: 52, Card: 2
2025-08-05 12:11:23,910 - INFO - Telltale duration expired - Deck: 61, Card: 9
2025-08-05 12:11:23,910 - INFO - Telltale duration expired - Deck: 61, Card: 8
2025-08-05 12:11:23,910 - INFO - Telltale duration expired - Deck: 61, Card: 7
2025-08-05 12:11:23,911 - INFO - Telltale duration expired - Deck: 61, Card: 6
2025-08-05 12:11:23,911 - INFO - Telltale duration expired - Deck: 61, Card: 5
2025-08-05 12:11:23,911 - INFO - Telltale duration expired - Deck: 61, Card: 4
2025-08-05 12:11:23,911 - INFO - Telltale duration expired - Deck: 61, Card: 3
2025-08-05 12:11:23,911 - INFO - Telltale duration expired - Deck: 61, Card: 2
2025-08-05 12:11:23,912 - INFO - Telltale duration expired - Deck: 61, Card: 1
2025-08-05 12:11:23,912 - INFO - Telltale duration expired - Deck: 61, Card: 0
2025-08-05 12:11:23,913 - INFO - Telltale duration expired - Deck: 60, Card: 9
2025-08-05 12:11:23,913 - INFO - Telltale duration expired - Deck: 60, Card: 8
2025-08-05 12:11:23,913 - INFO - Telltale duration expired - Deck: 60, Card: 7
2025-08-05 12:11:23,913 - INFO - Telltale duration expired - Deck: 60, Card: 6
2025-08-05 12:11:23,913 - INFO - Telltale duration expired - Deck: 60, Card: 5
2025-08-05 12:11:23,914 - INFO - Telltale duration expired - Deck: 60, Card: 4
2025-08-05 12:11:23,914 - INFO - Telltale duration expired - Deck: 60, Card: 3
2025-08-05 12:11:23,914 - INFO - Telltale duration expired - Deck: 60, Card: 2
2025-08-05 12:11:23,914 - INFO - Telltale duration expired - Deck: 60, Card: 1
2025-08-05 12:11:23,914 - INFO - Telltale duration expired - Deck: 60, Card: 0
2025-08-05 12:11:23,915 - INFO - Telltale duration expired - Deck: 59, Card: 9
2025-08-05 12:11:23,915 - INFO - Telltale duration expired - Deck: 59, Card: 8
2025-08-05 12:11:23,915 - INFO - Telltale duration expired - Deck: 59, Card: 7
2025-08-05 12:11:23,915 - INFO - Telltale duration expired - Deck: 59, Card: 6
2025-08-05 12:11:23,915 - INFO - Telltale duration expired - Deck: 59, Card: 5
2025-08-05 12:11:23,916 - INFO - Telltale duration expired - Deck: 59, Card: 4
2025-08-05 12:11:23,916 - INFO - Telltale duration expired - Deck: 59, Card: 3
2025-08-05 12:11:23,916 - INFO - Telltale duration expired - Deck: 59, Card: 2
2025-08-05 12:11:23,916 - INFO - Telltale duration expired - Deck: 59, Card: 1
2025-08-05 12:11:23,916 - INFO - Telltale duration expired - Deck: 59, Card: 0
2025-08-05 12:11:23,916 - INFO - Telltale duration expired - Deck: 58, Card: 9
2025-08-05 12:11:23,917 - INFO - Telltale duration expired - Deck: 58, Card: 8
2025-08-05 12:11:23,917 - INFO - Telltale duration expired - Deck: 58, Card: 7
2025-08-05 12:11:23,917 - INFO - Telltale duration expired - Deck: 58, Card: 6
2025-08-05 12:11:23,917 - INFO - Telltale duration expired - Deck: 58, Card: 5
2025-08-05 12:11:23,917 - INFO - Telltale duration expired - Deck: 58, Card: 4
2025-08-05 12:11:23,917 - INFO - Telltale duration expired - Deck: 58, Card: 3
2025-08-05 12:11:23,918 - INFO - Telltale duration expired - Deck: 58, Card: 2
2025-08-05 12:11:23,918 - INFO - Telltale duration expired - Deck: 58, Card: 1
2025-08-05 12:11:23,918 - INFO - Telltale duration expired - Deck: 58, Card: 0
2025-08-05 12:11:23,918 - INFO - Telltale duration expired - Deck: 57, Card: 9
2025-08-05 12:11:23,918 - INFO - Telltale duration expired - Deck: 57, Card: 8
2025-08-05 12:11:23,918 - INFO - Telltale duration expired - Deck: 57, Card: 7
2025-08-05 12:11:23,918 - INFO - Telltale duration expired - Deck: 57, Card: 6
2025-08-05 12:11:23,919 - INFO - Telltale duration expired - Deck: 57, Card: 5
2025-08-05 12:11:23,919 - INFO - Telltale duration expired - Deck: 57, Card: 4
2025-08-05 12:11:23,919 - INFO - Telltale duration expired - Deck: 57, Card: 3
2025-08-05 12:11:23,919 - INFO - Telltale duration expired - Deck: 57, Card: 2
2025-08-05 12:11:23,919 - INFO - Telltale duration expired - Deck: 57, Card: 1
2025-08-05 12:11:23,920 - INFO - Telltale duration expired - Deck: 57, Card: 0
2025-08-05 12:11:23,920 - INFO - Telltale duration expired - Deck: 56, Card: 9
2025-08-05 12:11:23,920 - INFO - Telltale duration expired - Deck: 56, Card: 8
2025-08-05 12:11:23,920 - INFO - Telltale duration expired - Deck: 56, Card: 7
2025-08-05 12:11:23,920 - INFO - Telltale duration expired - Deck: 56, Card: 6
2025-08-05 12:11:23,920 - INFO - Telltale duration expired - Deck: 56, Card: 5
2025-08-05 12:11:23,920 - INFO - Telltale duration expired - Deck: 56, Card: 4
2025-08-05 12:11:23,920 - INFO - Telltale duration expired - Deck: 56, Card: 3
2025-08-05 12:11:23,921 - INFO - Telltale duration expired - Deck: 56, Card: 2
2025-08-05 12:11:23,921 - INFO - Telltale duration expired - Deck: 56, Card: 1
2025-08-05 12:11:23,921 - INFO - Telltale duration expired - Deck: 56, Card: 0
2025-08-05 12:11:23,921 - INFO - Telltale duration expired - Deck: 55, Card: 9
2025-08-05 12:11:23,921 - INFO - Telltale duration expired - Deck: 55, Card: 8
2025-08-05 12:11:23,921 - INFO - Telltale duration expired - Deck: 55, Card: 7
2025-08-05 12:11:23,921 - INFO - Telltale duration expired - Deck: 55, Card: 6
2025-08-05 12:11:23,922 - INFO - Telltale duration expired - Deck: 55, Card: 5
2025-08-05 12:11:23,922 - INFO - Telltale duration expired - Deck: 55, Card: 4
2025-08-05 12:11:28,875 - INFO - Telltale duration expired - Deck: 52, Card: 1
2025-08-05 12:11:28,875 - INFO - Telltale duration expired - Deck: 52, Card: 0
2025-08-05 12:11:28,876 - INFO - Telltale duration expired - Deck: 51, Card: 9
2025-08-05 12:11:28,876 - INFO - Telltale duration expired - Deck: 51, Card: 8
2025-08-05 12:11:28,876 - INFO - Telltale duration expired - Deck: 51, Card: 7
2025-08-05 12:11:28,876 - INFO - Telltale duration expired - Deck: 51, Card: 6
2025-08-05 12:11:28,878 - INFO - Telltale duration expired - Deck: 51, Card: 5
2025-08-05 12:11:28,878 - INFO - Telltale duration expired - Deck: 51, Card: 4
2025-08-05 12:11:28,878 - INFO - Telltale duration expired - Deck: 51, Card: 3
2025-08-05 12:11:28,878 - INFO - Telltale duration expired - Deck: 51, Card: 2
2025-08-05 12:11:28,878 - INFO - Telltale duration expired - Deck: 51, Card: 1
2025-08-05 12:11:28,878 - INFO - Telltale duration expired - Deck: 51, Card: 0
2025-08-05 12:11:28,878 - INFO - Telltale duration expired - Deck: 50, Card: 9
2025-08-05 12:11:28,879 - INFO - Telltale duration expired - Deck: 50, Card: 8
2025-08-05 12:11:28,879 - INFO - Telltale duration expired - Deck: 50, Card: 7
2025-08-05 12:11:28,879 - INFO - Telltale duration expired - Deck: 50, Card: 6
2025-08-05 12:11:28,879 - INFO - Telltale duration expired - Deck: 50, Card: 5
2025-08-05 12:11:28,879 - INFO - Telltale duration expired - Deck: 50, Card: 4
2025-08-05 12:11:28,879 - INFO - Telltale duration expired - Deck: 50, Card: 3
2025-08-05 12:11:28,880 - INFO - Telltale duration expired - Deck: 50, Card: 2
2025-08-05 12:11:28,880 - INFO - Telltale duration expired - Deck: 50, Card: 1
2025-08-05 12:11:28,880 - INFO - Telltale duration expired - Deck: 50, Card: 0
2025-08-05 12:11:28,890 - INFO - Telltale duration expired - Deck: 55, Card: 3
2025-08-05 12:11:28,891 - INFO - Telltale duration expired - Deck: 55, Card: 2
2025-08-05 12:11:28,891 - INFO - Telltale duration expired - Deck: 55, Card: 0
2025-08-05 12:11:28,891 - INFO - Telltale duration expired - Deck: 54, Card: 9
2025-08-05 12:11:28,892 - INFO - Telltale duration expired - Deck: 54, Card: 8
2025-08-05 12:11:28,892 - INFO - Telltale duration expired - Deck: 54, Card: 7
2025-08-05 12:11:28,892 - INFO - Telltale duration expired - Deck: 54, Card: 6
2025-08-05 12:11:28,893 - INFO - Telltale duration expired - Deck: 54, Card: 5
2025-08-05 12:11:28,893 - INFO - Telltale duration expired - Deck: 54, Card: 4
2025-08-05 12:11:28,893 - INFO - Telltale duration expired - Deck: 54, Card: 3
2025-08-05 12:11:28,893 - INFO - Telltale duration expired - Deck: 54, Card: 2
2025-08-05 12:11:28,893 - INFO - Telltale duration expired - Deck: 54, Card: 1
2025-08-05 12:11:28,894 - INFO - Telltale duration expired - Deck: 54, Card: 0
2025-08-05 12:11:28,894 - INFO - Telltale duration expired - Deck: 53, Card: 9
2025-08-05 12:11:28,894 - INFO - Telltale duration expired - Deck: 53, Card: 8
2025-08-05 12:11:28,894 - INFO - Telltale duration expired - Deck: 53, Card: 7
2025-08-05 12:11:28,894 - INFO - Telltale duration expired - Deck: 53, Card: 6
2025-08-05 12:11:28,895 - INFO - Telltale duration expired - Deck: 53, Card: 5
2025-08-05 12:11:28,895 - INFO - Telltale duration expired - Deck: 53, Card: 4
2025-08-05 12:11:28,895 - INFO - Telltale duration expired - Deck: 53, Card: 3
2025-08-05 12:11:28,895 - INFO - Telltale duration expired - Deck: 53, Card: 2
2025-08-05 12:11:28,895 - INFO - Telltale duration expired - Deck: 53, Card: 1
2025-08-05 12:11:28,895 - INFO - Telltale duration expired - Deck: 53, Card: 0
2025-08-05 12:11:28,896 - INFO - Telltale duration expired - Deck: 52, Card: 9
2025-08-05 12:11:28,896 - INFO - Telltale duration expired - Deck: 52, Card: 8
2025-08-05 12:11:28,896 - INFO - Telltale duration expired - Deck: 52, Card: 7
2025-08-05 12:11:28,896 - INFO - Telltale duration expired - Deck: 52, Card: 6
2025-08-05 12:11:28,896 - INFO - Telltale duration expired - Deck: 52, Card: 5
2025-08-05 12:11:28,896 - INFO - Telltale duration expired - Deck: 52, Card: 4
2025-08-05 12:11:28,897 - INFO - Telltale duration expired - Deck: 52, Card: 3
2025-08-05 12:11:28,897 - INFO - Telltale duration expired - Deck: 52, Card: 2
2025-08-05 12:11:28,907 - INFO - Telltale duration expired - Deck: 61, Card: 9
2025-08-05 12:11:28,909 - INFO - Telltale duration expired - Deck: 61, Card: 8
2025-08-05 12:11:28,909 - INFO - Telltale duration expired - Deck: 61, Card: 7
2025-08-05 12:11:28,909 - INFO - Telltale duration expired - Deck: 61, Card: 6
2025-08-05 12:11:28,909 - INFO - Telltale duration expired - Deck: 61, Card: 5
2025-08-05 12:11:28,910 - INFO - Telltale duration expired - Deck: 61, Card: 4
2025-08-05 12:11:28,910 - INFO - Telltale duration expired - Deck: 61, Card: 3
2025-08-05 12:11:28,910 - INFO - Telltale duration expired - Deck: 61, Card: 2
2025-08-05 12:11:28,910 - INFO - Telltale duration expired - Deck: 61, Card: 1
2025-08-05 12:11:28,910 - INFO - Telltale duration expired - Deck: 61, Card: 0
2025-08-05 12:11:28,910 - INFO - Telltale duration expired - Deck: 60, Card: 9
2025-08-05 12:11:28,910 - INFO - Telltale duration expired - Deck: 60, Card: 8
2025-08-05 12:11:28,911 - INFO - Telltale duration expired - Deck: 60, Card: 7
2025-08-05 12:11:28,911 - INFO - Telltale duration expired - Deck: 60, Card: 6
2025-08-05 12:11:28,911 - INFO - Telltale duration expired - Deck: 60, Card: 5
2025-08-05 12:11:28,911 - INFO - Telltale duration expired - Deck: 60, Card: 4
2025-08-05 12:11:28,911 - INFO - Telltale duration expired - Deck: 60, Card: 3
2025-08-05 12:11:28,912 - INFO - Telltale duration expired - Deck: 60, Card: 2
2025-08-05 12:11:28,912 - INFO - Telltale duration expired - Deck: 60, Card: 1
2025-08-05 12:11:28,912 - INFO - Telltale duration expired - Deck: 60, Card: 0
2025-08-05 12:11:28,912 - INFO - Telltale duration expired - Deck: 59, Card: 9
2025-08-05 12:11:28,912 - INFO - Telltale duration expired - Deck: 59, Card: 8
2025-08-05 12:11:28,912 - INFO - Telltale duration expired - Deck: 59, Card: 7
2025-08-05 12:11:28,913 - INFO - Telltale duration expired - Deck: 59, Card: 6
2025-08-05 12:11:28,913 - INFO - Telltale duration expired - Deck: 59, Card: 5
2025-08-05 12:11:28,913 - INFO - Telltale duration expired - Deck: 59, Card: 4
2025-08-05 12:11:28,913 - INFO - Telltale duration expired - Deck: 59, Card: 3
2025-08-05 12:11:28,913 - INFO - Telltale duration expired - Deck: 59, Card: 2
2025-08-05 12:11:28,913 - INFO - Telltale duration expired - Deck: 59, Card: 1
2025-08-05 12:11:28,914 - INFO - Telltale duration expired - Deck: 59, Card: 0
2025-08-05 12:11:28,914 - INFO - Telltale duration expired - Deck: 58, Card: 9
2025-08-05 12:11:28,914 - INFO - Telltale duration expired - Deck: 58, Card: 8
2025-08-05 12:11:28,914 - INFO - Telltale duration expired - Deck: 58, Card: 7
2025-08-05 12:11:28,914 - INFO - Telltale duration expired - Deck: 58, Card: 6
2025-08-05 12:11:28,915 - INFO - Telltale duration expired - Deck: 58, Card: 5
2025-08-05 12:11:28,915 - INFO - Telltale duration expired - Deck: 58, Card: 4
2025-08-05 12:11:28,915 - INFO - Telltale duration expired - Deck: 58, Card: 3
2025-08-05 12:11:28,915 - INFO - Telltale duration expired - Deck: 58, Card: 2
2025-08-05 12:11:28,915 - INFO - Telltale duration expired - Deck: 58, Card: 1
2025-08-05 12:11:28,915 - INFO - Telltale duration expired - Deck: 58, Card: 0
2025-08-05 12:11:28,915 - INFO - Telltale duration expired - Deck: 57, Card: 9
2025-08-05 12:11:28,916 - INFO - Telltale duration expired - Deck: 57, Card: 8
2025-08-05 12:11:28,916 - INFO - Telltale duration expired - Deck: 57, Card: 7
2025-08-05 12:11:28,916 - INFO - Telltale duration expired - Deck: 57, Card: 6
2025-08-05 12:11:28,916 - INFO - Telltale duration expired - Deck: 57, Card: 5
2025-08-05 12:11:28,916 - INFO - Telltale duration expired - Deck: 57, Card: 4
2025-08-05 12:11:28,916 - INFO - Telltale duration expired - Deck: 57, Card: 3
2025-08-05 12:11:28,916 - INFO - Telltale duration expired - Deck: 57, Card: 2
2025-08-05 12:11:28,917 - INFO - Telltale duration expired - Deck: 57, Card: 1
2025-08-05 12:11:28,917 - INFO - Telltale duration expired - Deck: 57, Card: 0
2025-08-05 12:11:28,917 - INFO - Telltale duration expired - Deck: 56, Card: 9
2025-08-05 12:11:28,917 - INFO - Telltale duration expired - Deck: 56, Card: 8
2025-08-05 12:11:28,917 - INFO - Telltale duration expired - Deck: 56, Card: 7
2025-08-05 12:11:28,917 - INFO - Telltale duration expired - Deck: 56, Card: 6
2025-08-05 12:11:28,917 - INFO - Telltale duration expired - Deck: 56, Card: 5
2025-08-05 12:11:28,918 - INFO - Telltale duration expired - Deck: 56, Card: 4
2025-08-05 12:11:28,918 - INFO - Telltale duration expired - Deck: 56, Card: 3
2025-08-05 12:11:28,918 - INFO - Telltale duration expired - Deck: 56, Card: 2
2025-08-05 12:11:28,918 - INFO - Telltale duration expired - Deck: 56, Card: 1
2025-08-05 12:11:28,918 - INFO - Telltale duration expired - Deck: 56, Card: 0
2025-08-05 12:11:28,918 - INFO - Telltale duration expired - Deck: 55, Card: 9
2025-08-05 12:11:28,918 - INFO - Telltale duration expired - Deck: 55, Card: 8
2025-08-05 12:11:28,919 - INFO - Telltale duration expired - Deck: 55, Card: 7
2025-08-05 12:11:28,919 - INFO - Telltale duration expired - Deck: 55, Card: 6
2025-08-05 12:11:28,919 - INFO - Telltale duration expired - Deck: 55, Card: 5
2025-08-05 12:11:28,919 - INFO - Telltale duration expired - Deck: 55, Card: 4
