2025-08-05 12:33:07,095 - INFO - ChimeQueueHandler initialized
2025-08-05 12:33:07,165 - INFO - Chime configured - Deck: 51, Card: 1, Chime: engine_check
2025-08-05 12:33:07,166 - INFO - Chime configured - Deck: 51, Card: 2, Chime: engine_check
2025-08-05 12:33:07,168 - INFO - Chime configured - Deck: 52, Card: 2, Chime: jeep_seatbelt_alert
2025-08-05 12:33:07,168 - INFO - Chime configured - Deck: 53, Card: 1, Chime: engine_check
2025-08-05 12:33:07,169 - INFO - Chime configured - Deck: 53, Card: 2, Chime: engine_check
2025-08-05 12:33:07,170 - INFO - Chime configured - Deck: 54, Card: 1, Chime: blinker
2025-08-05 12:33:07,171 - INFO - Chime configured - Deck: 55, Card: 1, Chime: jeep_seatbelt_alert
2025-08-05 12:33:07,172 - INFO - Chime configured - Deck: 55, Card: 2, Chime: jeep_seatbelt_alert
2025-08-05 12:33:07,173 - INFO - Chime configured - Deck: 56, Card: 1, Chime: low_fuel
2025-08-05 12:33:07,173 - INFO - Chime configured - Deck: 56, Card: 2, Chime: engine_check
2025-08-05 12:33:07,174 - INFO - Chime configured - Deck: 56, Card: 3, Chime: engine_check
2025-08-05 12:33:07,177 - INFO - Chime configured - Deck: 59, Card: 1, Chime: blinker
2025-08-05 12:33:07,178 - INFO - Chime configured - Deck: 60, Card: 1, Chime: blinker
2025-08-05 12:33:07,180 - INFO - Chime configured - Deck: 61, Card: 2, Chime: engine_check
2025-08-05 12:33:07,180 - INFO - Chime configured - Deck: 61, Card: 3, Chime: engine_check
2025-08-05 12:33:12,163 - INFO - Telltale duration expired - Deck: 55, Card: 0
2025-08-05 12:33:12,164 - INFO - Telltale duration expired - Deck: 54, Card: 9
2025-08-05 12:33:12,164 - INFO - Telltale duration expired - Deck: 54, Card: 8
2025-08-05 12:33:12,164 - INFO - Telltale duration expired - Deck: 54, Card: 7
2025-08-05 12:33:12,165 - INFO - Telltale duration expired - Deck: 54, Card: 6
2025-08-05 12:33:12,166 - INFO - Telltale duration expired - Deck: 54, Card: 5
2025-08-05 12:33:12,166 - INFO - Telltale duration expired - Deck: 54, Card: 4
2025-08-05 12:33:12,166 - INFO - Telltale duration expired - Deck: 54, Card: 3
2025-08-05 12:33:12,167 - INFO - Telltale duration expired - Deck: 54, Card: 2
2025-08-05 12:33:12,167 - INFO - Telltale duration expired - Deck: 54, Card: 1
2025-08-05 12:33:12,167 - INFO - Telltale duration expired - Deck: 54, Card: 0
2025-08-05 12:33:12,167 - INFO - Telltale duration expired - Deck: 53, Card: 9
2025-08-05 12:33:12,168 - INFO - Telltale duration expired - Deck: 53, Card: 8
2025-08-05 12:33:12,168 - INFO - Telltale duration expired - Deck: 53, Card: 7
2025-08-05 12:33:12,168 - INFO - Telltale duration expired - Deck: 53, Card: 6
2025-08-05 12:33:12,168 - INFO - Telltale duration expired - Deck: 53, Card: 5
2025-08-05 12:33:12,169 - INFO - Telltale duration expired - Deck: 53, Card: 4
2025-08-05 12:33:12,169 - INFO - Telltale duration expired - Deck: 53, Card: 3
2025-08-05 12:33:12,169 - INFO - Telltale duration expired - Deck: 53, Card: 2
2025-08-05 12:33:12,169 - INFO - Telltale duration expired - Deck: 53, Card: 1
2025-08-05 12:33:12,170 - INFO - Telltale duration expired - Deck: 53, Card: 0
2025-08-05 12:33:12,170 - INFO - Telltale duration expired - Deck: 52, Card: 9
2025-08-05 12:33:12,170 - INFO - Telltale duration expired - Deck: 52, Card: 8
2025-08-05 12:33:12,170 - INFO - Telltale duration expired - Deck: 52, Card: 7
2025-08-05 12:33:12,171 - INFO - Telltale duration expired - Deck: 52, Card: 6
2025-08-05 12:33:12,171 - INFO - Telltale duration expired - Deck: 52, Card: 5
2025-08-05 12:33:12,171 - INFO - Telltale duration expired - Deck: 52, Card: 4
2025-08-05 12:33:12,171 - INFO - Telltale duration expired - Deck: 52, Card: 3
2025-08-05 12:33:12,172 - INFO - Telltale duration expired - Deck: 52, Card: 2
2025-08-05 12:33:12,172 - INFO - Telltale duration expired - Deck: 52, Card: 1
2025-08-05 12:33:12,173 - INFO - Telltale duration expired - Deck: 52, Card: 0
2025-08-05 12:33:12,173 - INFO - Telltale duration expired - Deck: 51, Card: 9
2025-08-05 12:33:12,173 - INFO - Telltale duration expired - Deck: 51, Card: 8
2025-08-05 12:33:12,173 - INFO - Telltale duration expired - Deck: 51, Card: 7
2025-08-05 12:33:12,174 - INFO - Telltale duration expired - Deck: 51, Card: 6
2025-08-05 12:33:12,174 - INFO - Telltale duration expired - Deck: 51, Card: 5
2025-08-05 12:33:12,174 - INFO - Telltale duration expired - Deck: 51, Card: 4
2025-08-05 12:33:12,174 - INFO - Telltale duration expired - Deck: 51, Card: 3
2025-08-05 12:33:12,175 - INFO - Telltale duration expired - Deck: 51, Card: 2
2025-08-05 12:33:12,175 - INFO - Telltale duration expired - Deck: 51, Card: 1
2025-08-05 12:33:12,175 - INFO - Telltale duration expired - Deck: 51, Card: 0
2025-08-05 12:33:12,175 - INFO - Telltale duration expired - Deck: 50, Card: 9
2025-08-05 12:33:12,176 - INFO - Telltale duration expired - Deck: 50, Card: 8
2025-08-05 12:33:12,176 - INFO - Telltale duration expired - Deck: 50, Card: 7
2025-08-05 12:33:12,176 - INFO - Telltale duration expired - Deck: 50, Card: 6
2025-08-05 12:33:12,176 - INFO - Telltale duration expired - Deck: 50, Card: 5
2025-08-05 12:33:12,177 - INFO - Telltale duration expired - Deck: 50, Card: 4
2025-08-05 12:33:12,177 - INFO - Telltale duration expired - Deck: 50, Card: 3
2025-08-05 12:33:12,177 - INFO - Telltale duration expired - Deck: 50, Card: 2
2025-08-05 12:33:12,178 - INFO - Telltale duration expired - Deck: 50, Card: 1
2025-08-05 12:33:12,178 - INFO - Telltale duration expired - Deck: 50, Card: 0
2025-08-05 12:33:12,179 - INFO - Telltale duration expired - Deck: 61, Card: 9
2025-08-05 12:33:12,179 - INFO - Telltale duration expired - Deck: 61, Card: 8
2025-08-05 12:33:12,180 - INFO - Telltale duration expired - Deck: 61, Card: 7
2025-08-05 12:33:12,180 - INFO - Telltale duration expired - Deck: 61, Card: 6
2025-08-05 12:33:12,180 - INFO - Telltale duration expired - Deck: 61, Card: 5
2025-08-05 12:33:12,181 - INFO - Telltale duration expired - Deck: 61, Card: 4
2025-08-05 12:33:12,181 - INFO - Telltale duration expired - Deck: 61, Card: 3
2025-08-05 12:33:12,181 - INFO - Telltale duration expired - Deck: 61, Card: 2
2025-08-05 12:33:12,181 - INFO - Telltale duration expired - Deck: 61, Card: 1
2025-08-05 12:33:12,182 - INFO - Telltale duration expired - Deck: 61, Card: 0
2025-08-05 12:33:12,182 - INFO - Telltale duration expired - Deck: 60, Card: 9
2025-08-05 12:33:12,182 - INFO - Telltale duration expired - Deck: 60, Card: 8
2025-08-05 12:33:12,182 - INFO - Telltale duration expired - Deck: 60, Card: 7
2025-08-05 12:33:12,183 - INFO - Telltale duration expired - Deck: 60, Card: 6
2025-08-05 12:33:12,183 - INFO - Telltale duration expired - Deck: 60, Card: 5
2025-08-05 12:33:12,183 - INFO - Telltale duration expired - Deck: 60, Card: 4
2025-08-05 12:33:12,183 - INFO - Telltale duration expired - Deck: 60, Card: 3
2025-08-05 12:33:12,184 - INFO - Telltale duration expired - Deck: 60, Card: 2
2025-08-05 12:33:12,184 - INFO - Telltale duration expired - Deck: 60, Card: 1
2025-08-05 12:33:12,184 - INFO - Telltale duration expired - Deck: 60, Card: 0
2025-08-05 12:33:12,185 - INFO - Telltale duration expired - Deck: 59, Card: 9
2025-08-05 12:33:12,185 - INFO - Telltale duration expired - Deck: 59, Card: 8
2025-08-05 12:33:12,185 - INFO - Telltale duration expired - Deck: 59, Card: 7
2025-08-05 12:33:12,185 - INFO - Telltale duration expired - Deck: 59, Card: 6
2025-08-05 12:33:12,186 - INFO - Telltale duration expired - Deck: 59, Card: 5
2025-08-05 12:33:12,186 - INFO - Telltale duration expired - Deck: 59, Card: 4
2025-08-05 12:33:12,186 - INFO - Telltale duration expired - Deck: 59, Card: 3
2025-08-05 12:33:12,186 - INFO - Telltale duration expired - Deck: 59, Card: 2
2025-08-05 12:33:12,187 - INFO - Telltale duration expired - Deck: 59, Card: 1
2025-08-05 12:33:12,187 - INFO - Telltale duration expired - Deck: 59, Card: 0
2025-08-05 12:33:12,187 - INFO - Telltale duration expired - Deck: 58, Card: 9
2025-08-05 12:33:12,187 - INFO - Telltale duration expired - Deck: 58, Card: 8
2025-08-05 12:33:12,188 - INFO - Telltale duration expired - Deck: 58, Card: 7
2025-08-05 12:33:12,188 - INFO - Telltale duration expired - Deck: 58, Card: 6
2025-08-05 12:33:12,188 - INFO - Telltale duration expired - Deck: 58, Card: 5
2025-08-05 12:33:12,188 - INFO - Telltale duration expired - Deck: 58, Card: 4
2025-08-05 12:33:12,189 - INFO - Telltale duration expired - Deck: 58, Card: 3
2025-08-05 12:33:12,189 - INFO - Telltale duration expired - Deck: 58, Card: 2
2025-08-05 12:33:12,189 - INFO - Telltale duration expired - Deck: 58, Card: 1
2025-08-05 12:33:12,189 - INFO - Telltale duration expired - Deck: 58, Card: 0
2025-08-05 12:33:12,190 - INFO - Telltale duration expired - Deck: 57, Card: 9
2025-08-05 12:33:12,190 - INFO - Telltale duration expired - Deck: 57, Card: 8
2025-08-05 12:33:12,190 - INFO - Telltale duration expired - Deck: 57, Card: 7
2025-08-05 12:33:12,190 - INFO - Telltale duration expired - Deck: 57, Card: 6
2025-08-05 12:33:12,191 - INFO - Telltale duration expired - Deck: 57, Card: 5
2025-08-05 12:33:12,191 - INFO - Telltale duration expired - Deck: 57, Card: 4
2025-08-05 12:33:12,191 - INFO - Telltale duration expired - Deck: 57, Card: 3
2025-08-05 12:33:12,191 - INFO - Telltale duration expired - Deck: 57, Card: 2
2025-08-05 12:33:12,192 - INFO - Telltale duration expired - Deck: 57, Card: 1
2025-08-05 12:33:12,192 - INFO - Telltale duration expired - Deck: 57, Card: 0
2025-08-05 12:33:12,192 - INFO - Telltale duration expired - Deck: 56, Card: 9
2025-08-05 12:33:12,192 - INFO - Telltale duration expired - Deck: 56, Card: 8
2025-08-05 12:33:12,192 - INFO - Telltale duration expired - Deck: 56, Card: 7
2025-08-05 12:33:12,193 - INFO - Telltale duration expired - Deck: 56, Card: 6
2025-08-05 12:33:12,193 - INFO - Telltale duration expired - Deck: 56, Card: 5
2025-08-05 12:33:12,194 - INFO - Telltale duration expired - Deck: 56, Card: 4
2025-08-05 12:33:12,194 - INFO - Telltale duration expired - Deck: 56, Card: 3
2025-08-05 12:33:12,194 - INFO - Telltale duration expired - Deck: 56, Card: 2
2025-08-05 12:33:12,195 - INFO - Telltale duration expired - Deck: 56, Card: 1
2025-08-05 12:33:12,195 - INFO - Telltale duration expired - Deck: 56, Card: 0
2025-08-05 12:33:12,195 - INFO - Telltale duration expired - Deck: 55, Card: 9
2025-08-05 12:33:12,196 - INFO - Telltale duration expired - Deck: 55, Card: 8
2025-08-05 12:33:12,196 - INFO - Telltale duration expired - Deck: 55, Card: 7
2025-08-05 12:33:12,196 - INFO - Telltale duration expired - Deck: 55, Card: 6
2025-08-05 12:33:12,197 - INFO - Telltale duration expired - Deck: 55, Card: 5
2025-08-05 12:33:12,197 - INFO - Telltale duration expired - Deck: 55, Card: 4
2025-08-05 12:33:12,198 - INFO - Telltale duration expired - Deck: 55, Card: 3
2025-08-05 12:33:12,198 - INFO - Telltale duration expired - Deck: 55, Card: 2
2025-08-05 12:33:17,163 - INFO - Telltale duration expired - Deck: 55, Card: 0
2025-08-05 12:33:17,163 - INFO - Telltale duration expired - Deck: 54, Card: 9
2025-08-05 12:33:17,164 - INFO - Telltale duration expired - Deck: 54, Card: 8
2025-08-05 12:33:17,165 - INFO - Telltale duration expired - Deck: 54, Card: 7
2025-08-05 12:33:17,166 - INFO - Telltale duration expired - Deck: 54, Card: 6
2025-08-05 12:33:17,166 - INFO - Telltale duration expired - Deck: 54, Card: 5
2025-08-05 12:33:17,168 - INFO - Telltale duration expired - Deck: 54, Card: 4
2025-08-05 12:33:17,169 - INFO - Telltale duration expired - Deck: 54, Card: 3
2025-08-05 12:33:17,170 - INFO - Telltale duration expired - Deck: 54, Card: 2
2025-08-05 12:33:17,171 - INFO - Telltale duration expired - Deck: 54, Card: 1
2025-08-05 12:33:17,172 - INFO - Telltale duration expired - Deck: 54, Card: 0
2025-08-05 12:33:17,172 - INFO - Telltale duration expired - Deck: 53, Card: 9
2025-08-05 12:33:17,173 - INFO - Telltale duration expired - Deck: 53, Card: 8
2025-08-05 12:33:17,173 - INFO - Telltale duration expired - Deck: 53, Card: 7
2025-08-05 12:33:17,174 - INFO - Telltale duration expired - Deck: 53, Card: 6
2025-08-05 12:33:17,175 - INFO - Telltale duration expired - Deck: 53, Card: 5
2025-08-05 12:33:17,178 - INFO - Telltale duration expired - Deck: 53, Card: 4
2025-08-05 12:33:17,184 - INFO - Telltale duration expired - Deck: 53, Card: 3
2025-08-05 12:33:17,185 - INFO - Telltale duration expired - Deck: 53, Card: 2
2025-08-05 12:33:17,187 - INFO - Telltale duration expired - Deck: 53, Card: 1
2025-08-05 12:33:17,189 - INFO - Telltale duration expired - Deck: 53, Card: 0
2025-08-05 12:33:17,190 - INFO - Telltale duration expired - Deck: 52, Card: 9
2025-08-05 12:33:17,191 - INFO - Telltale duration expired - Deck: 52, Card: 8
2025-08-05 12:33:17,192 - INFO - Telltale duration expired - Deck: 52, Card: 7
2025-08-05 12:33:17,194 - INFO - Telltale duration expired - Deck: 52, Card: 6
2025-08-05 12:33:17,196 - INFO - Telltale duration expired - Deck: 52, Card: 5
2025-08-05 12:33:17,197 - INFO - Telltale duration expired - Deck: 52, Card: 4
2025-08-05 12:33:17,199 - INFO - Telltale duration expired - Deck: 52, Card: 3
2025-08-05 12:33:17,201 - INFO - Telltale duration expired - Deck: 52, Card: 2
2025-08-05 12:33:17,203 - INFO - Telltale duration expired - Deck: 52, Card: 1
2025-08-05 12:33:17,203 - INFO - Telltale duration expired - Deck: 52, Card: 0
2025-08-05 12:33:17,204 - INFO - Telltale duration expired - Deck: 51, Card: 9
2025-08-05 12:33:17,205 - INFO - Telltale duration expired - Deck: 51, Card: 8
2025-08-05 12:33:17,206 - INFO - Telltale duration expired - Deck: 51, Card: 7
2025-08-05 12:33:17,206 - INFO - Telltale duration expired - Deck: 51, Card: 6
2025-08-05 12:33:17,207 - INFO - Telltale duration expired - Deck: 51, Card: 5
2025-08-05 12:33:17,208 - INFO - Telltale duration expired - Deck: 51, Card: 4
2025-08-05 12:33:17,210 - INFO - Telltale duration expired - Deck: 51, Card: 3
2025-08-05 12:33:17,212 - INFO - Telltale duration expired - Deck: 51, Card: 2
2025-08-05 12:33:17,214 - INFO - Telltale duration expired - Deck: 51, Card: 1
2025-08-05 12:33:17,216 - INFO - Telltale duration expired - Deck: 51, Card: 0
2025-08-05 12:33:17,216 - INFO - Telltale duration expired - Deck: 50, Card: 9
2025-08-05 12:33:17,218 - INFO - Telltale duration expired - Deck: 50, Card: 8
2025-08-05 12:33:17,219 - INFO - Telltale duration expired - Deck: 50, Card: 7
2025-08-05 12:33:17,220 - INFO - Telltale duration expired - Deck: 50, Card: 6
2025-08-05 12:33:17,222 - INFO - Telltale duration expired - Deck: 50, Card: 5
2025-08-05 12:33:17,222 - INFO - Telltale duration expired - Deck: 50, Card: 4
2025-08-05 12:33:17,223 - INFO - Telltale duration expired - Deck: 50, Card: 3
2025-08-05 12:33:17,223 - INFO - Telltale duration expired - Deck: 50, Card: 2
2025-08-05 12:33:17,225 - INFO - Telltale duration expired - Deck: 50, Card: 1
2025-08-05 12:33:17,225 - INFO - Telltale duration expired - Deck: 50, Card: 0
2025-08-05 12:33:17,226 - INFO - Telltale duration expired - Deck: 61, Card: 9
2025-08-05 12:33:17,228 - INFO - Telltale duration expired - Deck: 61, Card: 8
2025-08-05 12:33:17,228 - INFO - Telltale duration expired - Deck: 61, Card: 7
2025-08-05 12:33:17,229 - INFO - Telltale duration expired - Deck: 61, Card: 6
2025-08-05 12:33:17,229 - INFO - Telltale duration expired - Deck: 61, Card: 5
2025-08-05 12:33:17,230 - INFO - Telltale duration expired - Deck: 61, Card: 4
2025-08-05 12:33:17,231 - INFO - Telltale duration expired - Deck: 61, Card: 3
2025-08-05 12:33:17,231 - INFO - Telltale duration expired - Deck: 61, Card: 2
2025-08-05 12:33:17,232 - INFO - Telltale duration expired - Deck: 61, Card: 1
2025-08-05 12:33:17,233 - INFO - Telltale duration expired - Deck: 61, Card: 0
2025-08-05 12:33:17,234 - INFO - Telltale duration expired - Deck: 60, Card: 9
2025-08-05 12:33:17,235 - INFO - Telltale duration expired - Deck: 60, Card: 8
2025-08-05 12:33:17,235 - INFO - Telltale duration expired - Deck: 60, Card: 7
2025-08-05 12:33:17,236 - INFO - Telltale duration expired - Deck: 60, Card: 6
2025-08-05 12:33:17,237 - INFO - Telltale duration expired - Deck: 60, Card: 5
2025-08-05 12:33:17,238 - INFO - Telltale duration expired - Deck: 60, Card: 4
2025-08-05 12:33:17,239 - INFO - Telltale duration expired - Deck: 60, Card: 3
2025-08-05 12:33:17,240 - INFO - Telltale duration expired - Deck: 60, Card: 2
2025-08-05 12:33:17,241 - INFO - Telltale duration expired - Deck: 60, Card: 1
2025-08-05 12:33:17,243 - INFO - Telltale duration expired - Deck: 60, Card: 0
2025-08-05 12:33:17,245 - INFO - Telltale duration expired - Deck: 59, Card: 9
2025-08-05 12:33:17,247 - INFO - Telltale duration expired - Deck: 59, Card: 8
2025-08-05 12:33:17,248 - INFO - Telltale duration expired - Deck: 59, Card: 7
2025-08-05 12:33:17,249 - INFO - Telltale duration expired - Deck: 59, Card: 6
2025-08-05 12:33:17,250 - INFO - Telltale duration expired - Deck: 59, Card: 5
2025-08-05 12:33:17,251 - INFO - Telltale duration expired - Deck: 59, Card: 4
2025-08-05 12:33:17,252 - INFO - Telltale duration expired - Deck: 59, Card: 3
2025-08-05 12:33:17,253 - INFO - Telltale duration expired - Deck: 59, Card: 2
2025-08-05 12:33:17,253 - INFO - Telltale duration expired - Deck: 59, Card: 1
2025-08-05 12:33:17,254 - INFO - Telltale duration expired - Deck: 59, Card: 0
2025-08-05 12:33:17,254 - INFO - Telltale duration expired - Deck: 58, Card: 9
2025-08-05 12:33:17,255 - INFO - Telltale duration expired - Deck: 58, Card: 8
2025-08-05 12:33:17,256 - INFO - Telltale duration expired - Deck: 58, Card: 7
2025-08-05 12:33:17,256 - INFO - Telltale duration expired - Deck: 58, Card: 6
2025-08-05 12:33:17,257 - INFO - Telltale duration expired - Deck: 58, Card: 5
2025-08-05 12:33:17,257 - INFO - Telltale duration expired - Deck: 58, Card: 4
2025-08-05 12:33:17,258 - INFO - Telltale duration expired - Deck: 58, Card: 3
2025-08-05 12:33:17,258 - INFO - Telltale duration expired - Deck: 58, Card: 2
2025-08-05 12:33:17,259 - INFO - Telltale duration expired - Deck: 58, Card: 1
2025-08-05 12:33:17,260 - INFO - Telltale duration expired - Deck: 58, Card: 0
2025-08-05 12:33:17,261 - INFO - Telltale duration expired - Deck: 57, Card: 9
2025-08-05 12:33:17,262 - INFO - Telltale duration expired - Deck: 57, Card: 8
2025-08-05 12:33:17,262 - INFO - Telltale duration expired - Deck: 57, Card: 7
2025-08-05 12:33:17,263 - INFO - Telltale duration expired - Deck: 57, Card: 6
2025-08-05 12:33:17,264 - INFO - Telltale duration expired - Deck: 57, Card: 5
2025-08-05 12:33:17,264 - INFO - Telltale duration expired - Deck: 57, Card: 4
2025-08-05 12:33:17,265 - INFO - Telltale duration expired - Deck: 57, Card: 3
2025-08-05 12:33:17,266 - INFO - Telltale duration expired - Deck: 57, Card: 2
2025-08-05 12:33:17,266 - INFO - Telltale duration expired - Deck: 57, Card: 1
2025-08-05 12:33:17,267 - INFO - Telltale duration expired - Deck: 57, Card: 0
2025-08-05 12:33:17,268 - INFO - Telltale duration expired - Deck: 56, Card: 9
2025-08-05 12:33:17,268 - INFO - Telltale duration expired - Deck: 56, Card: 8
2025-08-05 12:33:17,269 - INFO - Telltale duration expired - Deck: 56, Card: 7
2025-08-05 12:33:17,269 - INFO - Telltale duration expired - Deck: 56, Card: 6
2025-08-05 12:33:17,270 - INFO - Telltale duration expired - Deck: 56, Card: 5
2025-08-05 12:33:17,271 - INFO - Telltale duration expired - Deck: 56, Card: 4
2025-08-05 12:33:17,272 - INFO - Telltale duration expired - Deck: 56, Card: 3
2025-08-05 12:33:17,273 - INFO - Telltale duration expired - Deck: 56, Card: 2
2025-08-05 12:33:17,274 - INFO - Telltale duration expired - Deck: 56, Card: 1
2025-08-05 12:33:17,275 - INFO - Telltale duration expired - Deck: 56, Card: 0
2025-08-05 12:33:17,277 - INFO - Telltale duration expired - Deck: 55, Card: 9
2025-08-05 12:33:17,279 - INFO - Telltale duration expired - Deck: 55, Card: 8
2025-08-05 12:33:17,280 - INFO - Telltale duration expired - Deck: 55, Card: 7
2025-08-05 12:33:17,280 - INFO - Telltale duration expired - Deck: 55, Card: 6
2025-08-05 12:33:17,281 - INFO - Telltale duration expired - Deck: 55, Card: 5
2025-08-05 12:33:17,282 - INFO - Telltale duration expired - Deck: 55, Card: 4
2025-08-05 12:33:17,283 - INFO - Telltale duration expired - Deck: 55, Card: 3
2025-08-05 12:33:17,284 - INFO - Telltale duration expired - Deck: 55, Card: 2
2025-08-05 12:33:22,169 - INFO - Telltale duration expired - Deck: 55, Card: 0
2025-08-05 12:33:22,170 - INFO - Telltale duration expired - Deck: 54, Card: 9
2025-08-05 12:33:22,170 - INFO - Telltale duration expired - Deck: 54, Card: 8
2025-08-05 12:33:22,170 - INFO - Telltale duration expired - Deck: 54, Card: 7
2025-08-05 12:33:22,170 - INFO - Telltale duration expired - Deck: 54, Card: 6
2025-08-05 12:33:22,170 - INFO - Telltale duration expired - Deck: 54, Card: 5
2025-08-05 12:33:22,171 - INFO - Telltale duration expired - Deck: 54, Card: 4
2025-08-05 12:33:22,171 - INFO - Telltale duration expired - Deck: 54, Card: 3
2025-08-05 12:33:22,171 - INFO - Telltale duration expired - Deck: 54, Card: 2
2025-08-05 12:33:22,171 - INFO - Telltale duration expired - Deck: 54, Card: 1
2025-08-05 12:33:22,171 - INFO - Telltale duration expired - Deck: 54, Card: 0
2025-08-05 12:33:22,172 - INFO - Telltale duration expired - Deck: 53, Card: 9
2025-08-05 12:33:22,172 - INFO - Telltale duration expired - Deck: 53, Card: 8
2025-08-05 12:33:22,172 - INFO - Telltale duration expired - Deck: 53, Card: 7
2025-08-05 12:33:22,172 - INFO - Telltale duration expired - Deck: 53, Card: 6
2025-08-05 12:33:22,172 - INFO - Telltale duration expired - Deck: 53, Card: 5
2025-08-05 12:33:22,173 - INFO - Telltale duration expired - Deck: 53, Card: 4
2025-08-05 12:33:22,173 - INFO - Telltale duration expired - Deck: 53, Card: 3
2025-08-05 12:33:22,173 - INFO - Telltale duration expired - Deck: 53, Card: 2
2025-08-05 12:33:22,173 - INFO - Telltale duration expired - Deck: 53, Card: 1
2025-08-05 12:33:22,173 - INFO - Telltale duration expired - Deck: 53, Card: 0
2025-08-05 12:33:22,174 - INFO - Telltale duration expired - Deck: 52, Card: 9
2025-08-05 12:33:22,174 - INFO - Telltale duration expired - Deck: 52, Card: 8
2025-08-05 12:33:22,174 - INFO - Telltale duration expired - Deck: 52, Card: 7
2025-08-05 12:33:22,174 - INFO - Telltale duration expired - Deck: 52, Card: 6
2025-08-05 12:33:22,174 - INFO - Telltale duration expired - Deck: 52, Card: 5
2025-08-05 12:33:22,174 - INFO - Telltale duration expired - Deck: 52, Card: 4
2025-08-05 12:33:22,175 - INFO - Telltale duration expired - Deck: 52, Card: 3
2025-08-05 12:33:22,175 - INFO - Telltale duration expired - Deck: 52, Card: 2
2025-08-05 12:33:22,175 - INFO - Telltale duration expired - Deck: 52, Card: 1
2025-08-05 12:33:22,175 - INFO - Telltale duration expired - Deck: 52, Card: 0
2025-08-05 12:33:22,175 - INFO - Telltale duration expired - Deck: 51, Card: 9
2025-08-05 12:33:22,175 - INFO - Telltale duration expired - Deck: 51, Card: 8
2025-08-05 12:33:22,176 - INFO - Telltale duration expired - Deck: 51, Card: 7
2025-08-05 12:33:22,176 - INFO - Telltale duration expired - Deck: 51, Card: 6
2025-08-05 12:33:22,176 - INFO - Telltale duration expired - Deck: 51, Card: 5
2025-08-05 12:33:22,176 - INFO - Telltale duration expired - Deck: 51, Card: 4
2025-08-05 12:33:22,176 - INFO - Telltale duration expired - Deck: 51, Card: 3
2025-08-05 12:33:22,177 - INFO - Telltale duration expired - Deck: 51, Card: 2
2025-08-05 12:33:22,177 - INFO - Telltale duration expired - Deck: 51, Card: 1
2025-08-05 12:33:22,177 - INFO - Telltale duration expired - Deck: 51, Card: 0
2025-08-05 12:33:22,177 - INFO - Telltale duration expired - Deck: 50, Card: 9
2025-08-05 12:33:22,177 - INFO - Telltale duration expired - Deck: 50, Card: 8
2025-08-05 12:33:22,177 - INFO - Telltale duration expired - Deck: 50, Card: 7
2025-08-05 12:33:22,177 - INFO - Telltale duration expired - Deck: 50, Card: 6
2025-08-05 12:33:22,178 - INFO - Telltale duration expired - Deck: 50, Card: 5
2025-08-05 12:33:22,178 - INFO - Telltale duration expired - Deck: 50, Card: 4
2025-08-05 12:33:22,178 - INFO - Telltale duration expired - Deck: 50, Card: 3
2025-08-05 12:33:22,178 - INFO - Telltale duration expired - Deck: 50, Card: 2
2025-08-05 12:33:22,178 - INFO - Telltale duration expired - Deck: 50, Card: 1
2025-08-05 12:33:22,178 - INFO - Telltale duration expired - Deck: 50, Card: 0
2025-08-05 12:33:22,186 - INFO - Telltale duration expired - Deck: 61, Card: 9
2025-08-05 12:33:22,186 - INFO - Telltale duration expired - Deck: 61, Card: 8
2025-08-05 12:33:22,186 - INFO - Telltale duration expired - Deck: 61, Card: 7
2025-08-05 12:33:22,187 - INFO - Telltale duration expired - Deck: 61, Card: 6
2025-08-05 12:33:22,187 - INFO - Telltale duration expired - Deck: 61, Card: 5
2025-08-05 12:33:22,187 - INFO - Telltale duration expired - Deck: 61, Card: 4
2025-08-05 12:33:22,187 - INFO - Telltale duration expired - Deck: 61, Card: 3
2025-08-05 12:33:22,187 - INFO - Telltale duration expired - Deck: 61, Card: 2
2025-08-05 12:33:22,188 - INFO - Telltale duration expired - Deck: 61, Card: 1
2025-08-05 12:33:22,188 - INFO - Telltale duration expired - Deck: 61, Card: 0
2025-08-05 12:33:22,188 - INFO - Telltale duration expired - Deck: 60, Card: 9
2025-08-05 12:33:22,188 - INFO - Telltale duration expired - Deck: 60, Card: 8
2025-08-05 12:33:22,188 - INFO - Telltale duration expired - Deck: 60, Card: 7
2025-08-05 12:33:22,188 - INFO - Telltale duration expired - Deck: 60, Card: 6
2025-08-05 12:33:22,188 - INFO - Telltale duration expired - Deck: 60, Card: 5
2025-08-05 12:33:22,188 - INFO - Telltale duration expired - Deck: 60, Card: 4
2025-08-05 12:33:22,189 - INFO - Telltale duration expired - Deck: 60, Card: 3
2025-08-05 12:33:22,189 - INFO - Telltale duration expired - Deck: 60, Card: 2
2025-08-05 12:33:22,189 - INFO - Telltale duration expired - Deck: 60, Card: 1
2025-08-05 12:33:22,189 - INFO - Telltale duration expired - Deck: 60, Card: 0
2025-08-05 12:33:22,189 - INFO - Telltale duration expired - Deck: 59, Card: 9
2025-08-05 12:33:22,189 - INFO - Telltale duration expired - Deck: 59, Card: 8
2025-08-05 12:33:22,189 - INFO - Telltale duration expired - Deck: 59, Card: 7
2025-08-05 12:33:22,190 - INFO - Telltale duration expired - Deck: 59, Card: 6
2025-08-05 12:33:22,190 - INFO - Telltale duration expired - Deck: 59, Card: 5
2025-08-05 12:33:22,190 - INFO - Telltale duration expired - Deck: 59, Card: 4
2025-08-05 12:33:22,190 - INFO - Telltale duration expired - Deck: 59, Card: 3
2025-08-05 12:33:22,190 - INFO - Telltale duration expired - Deck: 59, Card: 2
2025-08-05 12:33:22,190 - INFO - Telltale duration expired - Deck: 59, Card: 1
2025-08-05 12:33:22,190 - INFO - Telltale duration expired - Deck: 59, Card: 0
2025-08-05 12:33:22,191 - INFO - Telltale duration expired - Deck: 58, Card: 9
2025-08-05 12:33:22,191 - INFO - Telltale duration expired - Deck: 58, Card: 8
2025-08-05 12:33:22,191 - INFO - Telltale duration expired - Deck: 58, Card: 7
2025-08-05 12:33:22,191 - INFO - Telltale duration expired - Deck: 58, Card: 6
2025-08-05 12:33:22,191 - INFO - Telltale duration expired - Deck: 58, Card: 5
2025-08-05 12:33:22,191 - INFO - Telltale duration expired - Deck: 58, Card: 4
2025-08-05 12:33:22,191 - INFO - Telltale duration expired - Deck: 58, Card: 3
2025-08-05 12:33:22,192 - INFO - Telltale duration expired - Deck: 58, Card: 2
2025-08-05 12:33:22,192 - INFO - Telltale duration expired - Deck: 58, Card: 1
2025-08-05 12:33:22,192 - INFO - Telltale duration expired - Deck: 58, Card: 0
2025-08-05 12:33:22,192 - INFO - Telltale duration expired - Deck: 57, Card: 9
2025-08-05 12:33:22,192 - INFO - Telltale duration expired - Deck: 57, Card: 8
2025-08-05 12:33:22,192 - INFO - Telltale duration expired - Deck: 57, Card: 7
2025-08-05 12:33:22,192 - INFO - Telltale duration expired - Deck: 57, Card: 6
2025-08-05 12:33:22,193 - INFO - Telltale duration expired - Deck: 57, Card: 5
2025-08-05 12:33:22,193 - INFO - Telltale duration expired - Deck: 57, Card: 4
2025-08-05 12:33:22,193 - INFO - Telltale duration expired - Deck: 57, Card: 3
2025-08-05 12:33:22,193 - INFO - Telltale duration expired - Deck: 57, Card: 2
2025-08-05 12:33:22,193 - INFO - Telltale duration expired - Deck: 57, Card: 1
2025-08-05 12:33:22,193 - INFO - Telltale duration expired - Deck: 57, Card: 0
2025-08-05 12:33:22,193 - INFO - Telltale duration expired - Deck: 56, Card: 9
2025-08-05 12:33:22,194 - INFO - Telltale duration expired - Deck: 56, Card: 8
2025-08-05 12:33:22,194 - INFO - Telltale duration expired - Deck: 56, Card: 7
2025-08-05 12:33:22,194 - INFO - Telltale duration expired - Deck: 56, Card: 6
2025-08-05 12:33:22,194 - INFO - Telltale duration expired - Deck: 56, Card: 5
2025-08-05 12:33:22,194 - INFO - Telltale duration expired - Deck: 56, Card: 4
2025-08-05 12:33:22,194 - INFO - Telltale duration expired - Deck: 56, Card: 3
2025-08-05 12:33:22,194 - INFO - Telltale duration expired - Deck: 56, Card: 2
2025-08-05 12:33:22,195 - INFO - Telltale duration expired - Deck: 56, Card: 1
2025-08-05 12:33:22,195 - INFO - Telltale duration expired - Deck: 56, Card: 0
2025-08-05 12:33:22,195 - INFO - Telltale duration expired - Deck: 55, Card: 9
2025-08-05 12:33:22,195 - INFO - Telltale duration expired - Deck: 55, Card: 8
2025-08-05 12:33:22,195 - INFO - Telltale duration expired - Deck: 55, Card: 7
2025-08-05 12:33:22,195 - INFO - Telltale duration expired - Deck: 55, Card: 6
2025-08-05 12:33:22,196 - INFO - Telltale duration expired - Deck: 55, Card: 5
2025-08-05 12:33:22,196 - INFO - Telltale duration expired - Deck: 55, Card: 4
2025-08-05 12:33:22,196 - INFO - Telltale duration expired - Deck: 55, Card: 3
2025-08-05 12:33:22,196 - INFO - Telltale duration expired - Deck: 55, Card: 2
2025-08-05 12:33:27,156 - INFO - Telltale duration expired - Deck: 55, Card: 0
2025-08-05 12:33:27,156 - INFO - Telltale duration expired - Deck: 54, Card: 9
2025-08-05 12:33:27,157 - INFO - Telltale duration expired - Deck: 54, Card: 8
2025-08-05 12:33:27,157 - INFO - Telltale duration expired - Deck: 54, Card: 7
2025-08-05 12:33:27,157 - INFO - Telltale duration expired - Deck: 54, Card: 6
2025-08-05 12:33:27,157 - INFO - Telltale duration expired - Deck: 54, Card: 5
2025-08-05 12:33:27,157 - INFO - Telltale duration expired - Deck: 54, Card: 4
2025-08-05 12:33:27,158 - INFO - Telltale duration expired - Deck: 54, Card: 3
2025-08-05 12:33:27,158 - INFO - Telltale duration expired - Deck: 54, Card: 2
2025-08-05 12:33:27,158 - INFO - Telltale duration expired - Deck: 54, Card: 1
2025-08-05 12:33:27,158 - INFO - Telltale duration expired - Deck: 54, Card: 0
2025-08-05 12:33:27,158 - INFO - Telltale duration expired - Deck: 53, Card: 9
2025-08-05 12:33:27,159 - INFO - Telltale duration expired - Deck: 53, Card: 8
2025-08-05 12:33:27,159 - INFO - Telltale duration expired - Deck: 53, Card: 7
2025-08-05 12:33:27,159 - INFO - Telltale duration expired - Deck: 53, Card: 6
2025-08-05 12:33:27,159 - INFO - Telltale duration expired - Deck: 53, Card: 5
2025-08-05 12:33:27,159 - INFO - Telltale duration expired - Deck: 53, Card: 4
2025-08-05 12:33:27,160 - INFO - Telltale duration expired - Deck: 53, Card: 3
2025-08-05 12:33:27,160 - INFO - Telltale duration expired - Deck: 53, Card: 2
2025-08-05 12:33:27,160 - INFO - Telltale duration expired - Deck: 53, Card: 1
2025-08-05 12:33:27,160 - INFO - Telltale duration expired - Deck: 53, Card: 0
2025-08-05 12:33:27,160 - INFO - Telltale duration expired - Deck: 52, Card: 9
2025-08-05 12:33:27,161 - INFO - Telltale duration expired - Deck: 52, Card: 8
2025-08-05 12:33:27,161 - INFO - Telltale duration expired - Deck: 52, Card: 7
2025-08-05 12:33:27,161 - INFO - Telltale duration expired - Deck: 52, Card: 6
2025-08-05 12:33:27,161 - INFO - Telltale duration expired - Deck: 52, Card: 5
2025-08-05 12:33:27,161 - INFO - Telltale duration expired - Deck: 52, Card: 4
2025-08-05 12:33:27,161 - INFO - Telltale duration expired - Deck: 52, Card: 3
2025-08-05 12:33:27,162 - INFO - Telltale duration expired - Deck: 52, Card: 2
2025-08-05 12:33:27,162 - INFO - Telltale duration expired - Deck: 52, Card: 1
2025-08-05 12:33:27,162 - INFO - Telltale duration expired - Deck: 52, Card: 0
2025-08-05 12:33:27,162 - INFO - Telltale duration expired - Deck: 51, Card: 9
2025-08-05 12:33:27,162 - INFO - Telltale duration expired - Deck: 51, Card: 8
2025-08-05 12:33:27,162 - INFO - Telltale duration expired - Deck: 51, Card: 7
2025-08-05 12:33:27,163 - INFO - Telltale duration expired - Deck: 51, Card: 6
2025-08-05 12:33:27,163 - INFO - Telltale duration expired - Deck: 51, Card: 5
2025-08-05 12:33:27,224 - INFO - Telltale duration expired - Deck: 51, Card: 4
2025-08-05 12:33:27,225 - INFO - Telltale duration expired - Deck: 51, Card: 3
2025-08-05 12:33:27,226 - INFO - Telltale duration expired - Deck: 51, Card: 2
2025-08-05 12:33:27,228 - INFO - Telltale duration expired - Deck: 51, Card: 1
2025-08-05 12:33:27,230 - INFO - Telltale duration expired - Deck: 51, Card: 0
2025-08-05 12:33:27,231 - INFO - Telltale duration expired - Deck: 50, Card: 9
2025-08-05 12:33:27,231 - INFO - Telltale duration expired - Deck: 50, Card: 8
2025-08-05 12:33:27,233 - INFO - Telltale duration expired - Deck: 50, Card: 7
2025-08-05 12:33:27,233 - INFO - Telltale duration expired - Deck: 50, Card: 6
2025-08-05 12:33:27,234 - INFO - Telltale duration expired - Deck: 50, Card: 5
2025-08-05 12:33:27,235 - INFO - Telltale duration expired - Deck: 50, Card: 4
2025-08-05 12:33:27,236 - INFO - Telltale duration expired - Deck: 50, Card: 3
2025-08-05 12:33:27,237 - INFO - Telltale duration expired - Deck: 50, Card: 2
2025-08-05 12:33:27,238 - INFO - Telltale duration expired - Deck: 50, Card: 1
2025-08-05 12:33:27,239 - INFO - Telltale duration expired - Deck: 50, Card: 0
2025-08-05 12:33:27,239 - INFO - Telltale duration expired - Deck: 61, Card: 9
2025-08-05 12:33:27,240 - INFO - Telltale duration expired - Deck: 61, Card: 8
2025-08-05 12:33:27,241 - INFO - Telltale duration expired - Deck: 61, Card: 7
2025-08-05 12:33:27,241 - INFO - Telltale duration expired - Deck: 61, Card: 6
2025-08-05 12:33:27,242 - INFO - Telltale duration expired - Deck: 61, Card: 5
2025-08-05 12:33:27,243 - INFO - Telltale duration expired - Deck: 61, Card: 4
2025-08-05 12:33:27,244 - INFO - Telltale duration expired - Deck: 61, Card: 3
2025-08-05 12:33:27,245 - INFO - Telltale duration expired - Deck: 61, Card: 2
2025-08-05 12:33:27,246 - INFO - Telltale duration expired - Deck: 61, Card: 1
2025-08-05 12:33:27,247 - INFO - Telltale duration expired - Deck: 61, Card: 0
2025-08-05 12:33:27,247 - INFO - Telltale duration expired - Deck: 60, Card: 9
2025-08-05 12:33:27,249 - INFO - Telltale duration expired - Deck: 60, Card: 8
2025-08-05 12:33:27,249 - INFO - Telltale duration expired - Deck: 60, Card: 7
2025-08-05 12:33:27,250 - INFO - Telltale duration expired - Deck: 60, Card: 6
2025-08-05 12:33:27,251 - INFO - Telltale duration expired - Deck: 60, Card: 5
2025-08-05 12:33:27,251 - INFO - Telltale duration expired - Deck: 60, Card: 4
2025-08-05 12:33:27,252 - INFO - Telltale duration expired - Deck: 60, Card: 3
2025-08-05 12:33:27,252 - INFO - Telltale duration expired - Deck: 60, Card: 2
2025-08-05 12:33:27,253 - INFO - Telltale duration expired - Deck: 60, Card: 1
2025-08-05 12:33:27,253 - INFO - Telltale duration expired - Deck: 60, Card: 0
2025-08-05 12:33:27,254 - INFO - Telltale duration expired - Deck: 59, Card: 9
2025-08-05 12:33:27,255 - INFO - Telltale duration expired - Deck: 59, Card: 8
2025-08-05 12:33:27,255 - INFO - Telltale duration expired - Deck: 59, Card: 7
2025-08-05 12:33:27,256 - INFO - Telltale duration expired - Deck: 59, Card: 6
2025-08-05 12:33:27,257 - INFO - Telltale duration expired - Deck: 59, Card: 5
2025-08-05 12:33:27,257 - INFO - Telltale duration expired - Deck: 59, Card: 4
2025-08-05 12:33:27,258 - INFO - Telltale duration expired - Deck: 59, Card: 3
2025-08-05 12:33:27,259 - INFO - Telltale duration expired - Deck: 59, Card: 2
2025-08-05 12:33:27,260 - INFO - Telltale duration expired - Deck: 59, Card: 1
2025-08-05 12:33:27,261 - INFO - Telltale duration expired - Deck: 59, Card: 0
2025-08-05 12:33:27,262 - INFO - Telltale duration expired - Deck: 58, Card: 9
2025-08-05 12:33:27,262 - INFO - Telltale duration expired - Deck: 58, Card: 8
2025-08-05 12:33:27,263 - INFO - Telltale duration expired - Deck: 58, Card: 7
2025-08-05 12:33:27,264 - INFO - Telltale duration expired - Deck: 58, Card: 6
2025-08-05 12:33:27,264 - INFO - Telltale duration expired - Deck: 58, Card: 5
2025-08-05 12:33:27,265 - INFO - Telltale duration expired - Deck: 58, Card: 4
2025-08-05 12:33:27,266 - INFO - Telltale duration expired - Deck: 58, Card: 3
2025-08-05 12:33:27,267 - INFO - Telltale duration expired - Deck: 58, Card: 2
2025-08-05 12:33:27,267 - INFO - Telltale duration expired - Deck: 58, Card: 1
2025-08-05 12:33:27,268 - INFO - Telltale duration expired - Deck: 58, Card: 0
2025-08-05 12:33:27,269 - INFO - Telltale duration expired - Deck: 57, Card: 9
2025-08-05 12:33:27,270 - INFO - Telltale duration expired - Deck: 57, Card: 8
2025-08-05 12:33:27,270 - INFO - Telltale duration expired - Deck: 57, Card: 7
2025-08-05 12:33:27,271 - INFO - Telltale duration expired - Deck: 57, Card: 6
2025-08-05 12:33:27,272 - INFO - Telltale duration expired - Deck: 57, Card: 5
2025-08-05 12:33:27,273 - INFO - Telltale duration expired - Deck: 57, Card: 4
2025-08-05 12:33:27,273 - INFO - Telltale duration expired - Deck: 57, Card: 3
2025-08-05 12:33:27,274 - INFO - Telltale duration expired - Deck: 57, Card: 2
2025-08-05 12:33:27,275 - INFO - Telltale duration expired - Deck: 57, Card: 1
2025-08-05 12:33:27,275 - INFO - Telltale duration expired - Deck: 57, Card: 0
2025-08-05 12:33:27,276 - INFO - Telltale duration expired - Deck: 56, Card: 9
2025-08-05 12:33:27,277 - INFO - Telltale duration expired - Deck: 56, Card: 8
2025-08-05 12:33:27,278 - INFO - Telltale duration expired - Deck: 56, Card: 7
2025-08-05 12:33:27,279 - INFO - Telltale duration expired - Deck: 56, Card: 6
2025-08-05 12:33:27,279 - INFO - Telltale duration expired - Deck: 56, Card: 5
2025-08-05 12:33:27,279 - INFO - Telltale duration expired - Deck: 56, Card: 4
2025-08-05 12:33:27,279 - INFO - Telltale duration expired - Deck: 56, Card: 3
2025-08-05 12:33:27,280 - INFO - Telltale duration expired - Deck: 56, Card: 2
2025-08-05 12:33:27,281 - INFO - Telltale duration expired - Deck: 56, Card: 1
2025-08-05 12:33:27,281 - INFO - Telltale duration expired - Deck: 56, Card: 0
2025-08-05 12:33:27,281 - INFO - Telltale duration expired - Deck: 55, Card: 9
2025-08-05 12:33:27,282 - INFO - Telltale duration expired - Deck: 55, Card: 8
2025-08-05 12:33:27,283 - INFO - Telltale duration expired - Deck: 55, Card: 7
2025-08-05 12:33:27,283 - INFO - Telltale duration expired - Deck: 55, Card: 6
2025-08-05 12:33:27,284 - INFO - Telltale duration expired - Deck: 55, Card: 5
2025-08-05 12:33:27,285 - INFO - Telltale duration expired - Deck: 55, Card: 4
2025-08-05 12:33:27,286 - INFO - Telltale duration expired - Deck: 55, Card: 3
2025-08-05 12:33:27,286 - INFO - Telltale duration expired - Deck: 55, Card: 2
