2025-08-05 12:09:39,314 - INFO - ChimeQueueHandler initialized
2025-08-05 12:09:39,477 - INFO - Chime enqueued: ChimeInfo(engine_check, Deck:51, Card:1, ID:51_1)
2025-08-05 12:09:39,487 - INFO - Playing chime: ChimeInfo(engine_check, Deck:51, Card:1, ID:51_1)
2025-08-05 12:09:39,487 - INFO - Chime setup - Deck: 51, Card: 1, Chime: engine_check
2025-08-05 12:09:39,488 - INFO - Chime enqueued: ChimeInfo(engine_check, Deck:51, Card:2, ID:51_2)
2025-08-05 12:09:39,489 - INFO - Chime setup - Deck: 51, Card: 2, Chime: engine_check
2025-08-05 12:09:39,490 - INFO - Chime enqueued: ChimeInfo(jeep_seatbelt_alert, Deck:52, Card:2, ID:52_2)
2025-08-05 12:09:39,495 - INFO - Chime setup - Deck: 52, Card: 2, Chime: jeep_seatbelt_alert
2025-08-05 12:09:39,496 - INFO - Chime enqueued: ChimeInfo(engine_check, Deck:53, Card:1, ID:53_1)
2025-08-05 12:09:39,496 - INFO - Chime setup - Deck: 53, Card: 1, Chime: engine_check
2025-08-05 12:09:39,497 - INFO - Chime enqueued: ChimeInfo(engine_check, Deck:53, Card:2, ID:53_2)
2025-08-05 12:09:39,497 - INFO - Chime setup - Deck: 53, Card: 2, Chime: engine_check
2025-08-05 12:09:39,518 - INFO - Playing blinker chime: ChimeInfo(blinker, Deck:54, Card:1, ID:54_1)
2025-08-05 12:09:39,520 - INFO - Chime setup - Deck: 54, Card: 1, Chime: blinker
2025-08-05 12:09:39,522 - INFO - Chime enqueued: ChimeInfo(jeep_seatbelt_alert, Deck:55, Card:1, ID:55_1)
2025-08-05 12:09:39,522 - INFO - Chime setup - Deck: 55, Card: 1, Chime: jeep_seatbelt_alert
2025-08-05 12:09:39,523 - INFO - Chime enqueued: ChimeInfo(jeep_seatbelt_alert, Deck:55, Card:2, ID:55_2)
2025-08-05 12:09:39,523 - INFO - Chime setup - Deck: 55, Card: 2, Chime: jeep_seatbelt_alert
2025-08-05 12:09:39,525 - INFO - Chime enqueued: ChimeInfo(low_fuel, Deck:56, Card:1, ID:56_1)
2025-08-05 12:09:39,525 - INFO - Chime setup - Deck: 56, Card: 1, Chime: low_fuel
2025-08-05 12:09:39,526 - INFO - Chime enqueued: ChimeInfo(engine_check, Deck:56, Card:2, ID:56_2)
2025-08-05 12:09:39,526 - INFO - Chime setup - Deck: 56, Card: 2, Chime: engine_check
2025-08-05 12:09:39,527 - INFO - Chime enqueued: ChimeInfo(engine_check, Deck:56, Card:3, ID:56_3)
2025-08-05 12:09:39,527 - INFO - Chime setup - Deck: 56, Card: 3, Chime: engine_check
2025-08-05 12:09:39,534 - INFO - Playing blinker chime: ChimeInfo(blinker, Deck:59, Card:1, ID:59_1)
2025-08-05 12:09:39,534 - INFO - Chime setup - Deck: 59, Card: 1, Chime: blinker
2025-08-05 12:09:39,536 - INFO - Playing blinker chime: ChimeInfo(blinker, Deck:60, Card:1, ID:60_1)
2025-08-05 12:09:39,536 - INFO - Chime setup - Deck: 60, Card: 1, Chime: blinker
2025-08-05 12:09:39,538 - INFO - Chime enqueued: ChimeInfo(engine_check, Deck:61, Card:2, ID:61_2)
2025-08-05 12:09:39,538 - INFO - Chime setup - Deck: 61, Card: 2, Chime: engine_check
2025-08-05 12:09:39,539 - INFO - Chime enqueued: ChimeInfo(engine_check, Deck:61, Card:3, ID:61_3)
2025-08-05 12:09:39,540 - INFO - Chime setup - Deck: 61, Card: 3, Chime: engine_check
2025-08-05 12:09:45,134 - INFO - Telltale duration expired - Deck: 51, Card: 0
2025-08-05 12:09:45,135 - INFO - Telltale duration expired - Deck: 50, Card: 9
2025-08-05 12:09:45,136 - INFO - Telltale duration expired - Deck: 50, Card: 8
2025-08-05 12:09:45,137 - INFO - Telltale duration expired - Deck: 50, Card: 7
2025-08-05 12:09:45,137 - INFO - Telltale duration expired - Deck: 50, Card: 6
2025-08-05 12:09:45,138 - INFO - Telltale duration expired - Deck: 50, Card: 5
2025-08-05 12:09:45,139 - INFO - Telltale duration expired - Deck: 50, Card: 4
2025-08-05 12:09:45,139 - INFO - Telltale duration expired - Deck: 50, Card: 3
2025-08-05 12:09:45,140 - INFO - Telltale duration expired - Deck: 50, Card: 2
2025-08-05 12:09:45,141 - INFO - Telltale duration expired - Deck: 50, Card: 1
2025-08-05 12:09:45,141 - INFO - Telltale duration expired - Deck: 50, Card: 0
2025-08-05 12:09:45,142 - INFO - Telltale duration expired - Deck: 54, Card: 0
2025-08-05 12:09:45,143 - INFO - Telltale duration expired - Deck: 53, Card: 9
2025-08-05 12:09:45,143 - INFO - Telltale duration expired - Deck: 53, Card: 8
2025-08-05 12:09:45,144 - INFO - Telltale duration expired - Deck: 53, Card: 7
2025-08-05 12:09:45,145 - INFO - Telltale duration expired - Deck: 53, Card: 6
2025-08-05 12:09:45,145 - INFO - Telltale duration expired - Deck: 53, Card: 5
2025-08-05 12:09:45,146 - INFO - Telltale duration expired - Deck: 53, Card: 4
2025-08-05 12:09:45,147 - INFO - Telltale duration expired - Deck: 53, Card: 3
2025-08-05 12:09:45,148 - INFO - Telltale duration expired - Deck: 53, Card: 2
2025-08-05 12:09:45,148 - INFO - Telltale duration expired - Deck: 53, Card: 1
2025-08-05 12:09:45,149 - INFO - Telltale duration expired - Deck: 53, Card: 0
2025-08-05 12:09:45,149 - INFO - Telltale duration expired - Deck: 52, Card: 9
2025-08-05 12:09:45,150 - INFO - Telltale duration expired - Deck: 52, Card: 8
2025-08-05 12:09:45,150 - INFO - Telltale duration expired - Deck: 52, Card: 7
2025-08-05 12:09:45,151 - INFO - Telltale duration expired - Deck: 52, Card: 6
2025-08-05 12:09:45,151 - INFO - Telltale duration expired - Deck: 52, Card: 5
2025-08-05 12:09:45,152 - INFO - Telltale duration expired - Deck: 52, Card: 4
2025-08-05 12:09:45,153 - INFO - Telltale duration expired - Deck: 52, Card: 3
2025-08-05 12:09:45,153 - INFO - Telltale duration expired - Deck: 52, Card: 2
2025-08-05 12:09:45,154 - INFO - Telltale duration expired - Deck: 52, Card: 1
2025-08-05 12:09:45,155 - INFO - Telltale duration expired - Deck: 52, Card: 0
2025-08-05 12:09:45,155 - INFO - Telltale duration expired - Deck: 51, Card: 9
2025-08-05 12:09:45,156 - INFO - Telltale duration expired - Deck: 51, Card: 8
2025-08-05 12:09:45,157 - INFO - Telltale duration expired - Deck: 51, Card: 7
2025-08-05 12:09:45,158 - INFO - Telltale duration expired - Deck: 51, Card: 6
2025-08-05 12:09:45,159 - INFO - Telltale duration expired - Deck: 51, Card: 5
2025-08-05 12:09:45,159 - INFO - Telltale duration expired - Deck: 51, Card: 4
2025-08-05 12:09:45,160 - INFO - Telltale duration expired - Deck: 51, Card: 3
2025-08-05 12:09:45,161 - INFO - Telltale duration expired - Deck: 51, Card: 2
2025-08-05 12:09:45,162 - INFO - Telltale duration expired - Deck: 51, Card: 1
2025-08-05 12:09:45,163 - INFO - Telltale duration expired - Deck: 57, Card: 9
2025-08-05 12:09:45,163 - INFO - Telltale duration expired - Deck: 57, Card: 8
2025-08-05 12:09:45,164 - INFO - Telltale duration expired - Deck: 57, Card: 7
2025-08-05 12:09:45,165 - INFO - Telltale duration expired - Deck: 57, Card: 6
2025-08-05 12:09:45,166 - INFO - Telltale duration expired - Deck: 57, Card: 5
2025-08-05 12:09:45,167 - INFO - Telltale duration expired - Deck: 57, Card: 4
2025-08-05 12:09:45,168 - INFO - Telltale duration expired - Deck: 57, Card: 3
2025-08-05 12:09:45,168 - INFO - Telltale duration expired - Deck: 57, Card: 2
2025-08-05 12:09:45,169 - INFO - Telltale duration expired - Deck: 57, Card: 1
2025-08-05 12:09:45,169 - INFO - Telltale duration expired - Deck: 57, Card: 0
2025-08-05 12:09:45,170 - INFO - Telltale duration expired - Deck: 56, Card: 9
2025-08-05 12:09:45,171 - INFO - Telltale duration expired - Deck: 56, Card: 8
2025-08-05 12:09:45,172 - INFO - Telltale duration expired - Deck: 56, Card: 7
2025-08-05 12:09:45,172 - INFO - Telltale duration expired - Deck: 56, Card: 6
2025-08-05 12:09:45,173 - INFO - Telltale duration expired - Deck: 56, Card: 5
2025-08-05 12:09:45,174 - INFO - Telltale duration expired - Deck: 56, Card: 4
2025-08-05 12:09:45,175 - INFO - Telltale duration expired - Deck: 56, Card: 3
2025-08-05 12:09:45,175 - INFO - Telltale duration expired - Deck: 56, Card: 2
2025-08-05 12:09:45,176 - INFO - Telltale duration expired - Deck: 56, Card: 1
2025-08-05 12:09:45,177 - INFO - Telltale duration expired - Deck: 56, Card: 0
2025-08-05 12:09:45,178 - INFO - Telltale duration expired - Deck: 55, Card: 9
2025-08-05 12:09:45,178 - INFO - Telltale duration expired - Deck: 55, Card: 8
2025-08-05 12:09:45,179 - INFO - Telltale duration expired - Deck: 55, Card: 7
2025-08-05 12:09:45,180 - INFO - Telltale duration expired - Deck: 55, Card: 6
2025-08-05 12:09:45,181 - INFO - Telltale duration expired - Deck: 55, Card: 5
2025-08-05 12:09:45,181 - INFO - Telltale duration expired - Deck: 55, Card: 4
2025-08-05 12:09:45,182 - INFO - Telltale duration expired - Deck: 55, Card: 3
2025-08-05 12:09:45,183 - INFO - Telltale duration expired - Deck: 55, Card: 2
2025-08-05 12:09:45,184 - INFO - Telltale duration expired - Deck: 55, Card: 0
2025-08-05 12:09:45,185 - INFO - Telltale duration expired - Deck: 54, Card: 9
2025-08-05 12:09:45,185 - INFO - Telltale duration expired - Deck: 54, Card: 8
2025-08-05 12:09:45,186 - INFO - Telltale duration expired - Deck: 54, Card: 7
2025-08-05 12:09:45,187 - INFO - Telltale duration expired - Deck: 54, Card: 6
2025-08-05 12:09:45,187 - INFO - Telltale duration expired - Deck: 54, Card: 5
2025-08-05 12:09:45,189 - INFO - Telltale duration expired - Deck: 54, Card: 4
2025-08-05 12:09:45,189 - INFO - Telltale duration expired - Deck: 54, Card: 3
2025-08-05 12:09:45,190 - INFO - Telltale duration expired - Deck: 54, Card: 2
2025-08-05 12:09:45,190 - INFO - Telltale duration expired - Deck: 54, Card: 1
2025-08-05 12:09:45,191 - INFO - Telltale duration expired - Deck: 61, Card: 9
2025-08-05 12:09:45,192 - INFO - Telltale duration expired - Deck: 61, Card: 8
2025-08-05 12:09:45,192 - INFO - Telltale duration expired - Deck: 61, Card: 7
2025-08-05 12:09:45,193 - INFO - Telltale duration expired - Deck: 61, Card: 6
2025-08-05 12:09:45,194 - INFO - Telltale duration expired - Deck: 61, Card: 5
2025-08-05 12:09:45,195 - INFO - Telltale duration expired - Deck: 61, Card: 4
2025-08-05 12:09:45,195 - INFO - Telltale duration expired - Deck: 61, Card: 3
2025-08-05 12:09:45,197 - INFO - Telltale duration expired - Deck: 61, Card: 2
2025-08-05 12:09:45,198 - INFO - Telltale duration expired - Deck: 61, Card: 1
2025-08-05 12:09:45,199 - INFO - Telltale duration expired - Deck: 61, Card: 0
2025-08-05 12:09:45,200 - INFO - Telltale duration expired - Deck: 60, Card: 9
2025-08-05 12:09:45,201 - INFO - Telltale duration expired - Deck: 60, Card: 8
2025-08-05 12:09:45,201 - INFO - Telltale duration expired - Deck: 60, Card: 7
2025-08-05 12:09:45,202 - INFO - Telltale duration expired - Deck: 60, Card: 6
2025-08-05 12:09:45,202 - INFO - Telltale duration expired - Deck: 60, Card: 5
2025-08-05 12:09:45,203 - INFO - Telltale duration expired - Deck: 60, Card: 4
2025-08-05 12:09:45,204 - INFO - Telltale duration expired - Deck: 60, Card: 3
2025-08-05 12:09:45,205 - INFO - Telltale duration expired - Deck: 60, Card: 2
2025-08-05 12:09:45,205 - INFO - Telltale duration expired - Deck: 60, Card: 1
2025-08-05 12:09:45,206 - INFO - Telltale duration expired - Deck: 60, Card: 0
2025-08-05 12:09:45,208 - INFO - Telltale duration expired - Deck: 59, Card: 9
2025-08-05 12:09:45,209 - INFO - Telltale duration expired - Deck: 59, Card: 8
2025-08-05 12:09:45,209 - INFO - Telltale duration expired - Deck: 59, Card: 7
2025-08-05 12:09:45,210 - INFO - Telltale duration expired - Deck: 59, Card: 6
2025-08-05 12:09:45,210 - INFO - Telltale duration expired - Deck: 59, Card: 5
2025-08-05 12:09:45,211 - INFO - Telltale duration expired - Deck: 59, Card: 4
2025-08-05 12:09:45,212 - INFO - Telltale duration expired - Deck: 59, Card: 3
2025-08-05 12:09:45,212 - INFO - Telltale duration expired - Deck: 59, Card: 2
2025-08-05 12:09:45,213 - INFO - Telltale duration expired - Deck: 59, Card: 1
2025-08-05 12:09:45,214 - INFO - Telltale duration expired - Deck: 59, Card: 0
2025-08-05 12:09:45,215 - INFO - Telltale duration expired - Deck: 58, Card: 9
2025-08-05 12:09:45,216 - INFO - Telltale duration expired - Deck: 58, Card: 8
2025-08-05 12:09:45,217 - INFO - Telltale duration expired - Deck: 58, Card: 7
2025-08-05 12:09:45,217 - INFO - Telltale duration expired - Deck: 58, Card: 6
2025-08-05 12:09:45,218 - INFO - Telltale duration expired - Deck: 58, Card: 5
2025-08-05 12:09:45,219 - INFO - Telltale duration expired - Deck: 58, Card: 4
2025-08-05 12:09:45,219 - INFO - Telltale duration expired - Deck: 58, Card: 3
2025-08-05 12:09:45,220 - INFO - Telltale duration expired - Deck: 58, Card: 2
2025-08-05 12:09:45,221 - INFO - Telltale duration expired - Deck: 58, Card: 1
2025-08-05 12:09:45,221 - INFO - Telltale duration expired - Deck: 58, Card: 0
2025-08-05 12:09:46,024 - INFO - Playing chime again: ChimeInfo(engine_check, Deck:51, Card:1, ID:51_1)
2025-08-05 12:09:49,474 - INFO - Telltale duration expired - Deck: 51, Card: 0
2025-08-05 12:09:49,474 - INFO - Telltale duration expired - Deck: 50, Card: 9
2025-08-05 12:09:49,475 - INFO - Telltale duration expired - Deck: 50, Card: 8
2025-08-05 12:09:49,476 - INFO - Telltale duration expired - Deck: 50, Card: 7
2025-08-05 12:09:49,476 - INFO - Telltale duration expired - Deck: 50, Card: 6
2025-08-05 12:09:49,477 - INFO - Telltale duration expired - Deck: 50, Card: 5
2025-08-05 12:09:49,478 - INFO - Telltale duration expired - Deck: 50, Card: 4
2025-08-05 12:09:49,479 - INFO - Telltale duration expired - Deck: 50, Card: 3
2025-08-05 12:09:49,480 - INFO - Telltale duration expired - Deck: 50, Card: 2
2025-08-05 12:09:49,481 - INFO - Telltale duration expired - Deck: 50, Card: 1
2025-08-05 12:09:49,481 - INFO - Telltale duration expired - Deck: 50, Card: 0
2025-08-05 12:09:49,487 - INFO - Telltale duration expired - Deck: 54, Card: 0
2025-08-05 12:09:49,488 - INFO - Telltale duration expired - Deck: 53, Card: 9
2025-08-05 12:09:49,490 - INFO - Telltale duration expired - Deck: 53, Card: 8
2025-08-05 12:09:49,492 - INFO - Telltale duration expired - Deck: 53, Card: 7
2025-08-05 12:09:49,493 - INFO - Telltale duration expired - Deck: 53, Card: 6
2025-08-05 12:09:49,498 - INFO - Telltale duration expired - Deck: 53, Card: 5
2025-08-05 12:09:49,498 - INFO - Telltale duration expired - Deck: 53, Card: 4
2025-08-05 12:09:49,499 - INFO - Telltale duration expired - Deck: 53, Card: 3
2025-08-05 12:09:49,500 - INFO - Telltale duration expired - Deck: 53, Card: 2
2025-08-05 12:09:49,502 - INFO - Telltale duration expired - Deck: 53, Card: 1
2025-08-05 12:09:49,502 - INFO - Telltale duration expired - Deck: 53, Card: 0
2025-08-05 12:09:49,503 - INFO - Telltale duration expired - Deck: 52, Card: 9
2025-08-05 12:09:49,503 - INFO - Telltale duration expired - Deck: 52, Card: 8
2025-08-05 12:09:49,504 - INFO - Telltale duration expired - Deck: 52, Card: 7
2025-08-05 12:09:49,505 - INFO - Telltale duration expired - Deck: 52, Card: 6
2025-08-05 12:09:49,505 - INFO - Telltale duration expired - Deck: 52, Card: 5
2025-08-05 12:09:49,506 - INFO - Telltale duration expired - Deck: 52, Card: 4
2025-08-05 12:09:49,506 - INFO - Telltale duration expired - Deck: 52, Card: 3
2025-08-05 12:09:49,507 - INFO - Telltale duration expired - Deck: 52, Card: 2
2025-08-05 12:09:49,508 - INFO - Telltale duration expired - Deck: 52, Card: 1
2025-08-05 12:09:49,511 - INFO - Telltale duration expired - Deck: 52, Card: 0
2025-08-05 12:09:49,512 - INFO - Telltale duration expired - Deck: 51, Card: 9
2025-08-05 12:09:49,513 - INFO - Telltale duration expired - Deck: 51, Card: 8
2025-08-05 12:09:49,513 - INFO - Telltale duration expired - Deck: 51, Card: 7
2025-08-05 12:09:49,514 - INFO - Telltale duration expired - Deck: 51, Card: 6
2025-08-05 12:09:49,515 - INFO - Telltale duration expired - Deck: 51, Card: 5
2025-08-05 12:09:49,518 - INFO - Telltale duration expired - Deck: 51, Card: 4
2025-08-05 12:09:49,519 - INFO - Telltale duration expired - Deck: 51, Card: 3
2025-08-05 12:09:49,520 - INFO - Telltale duration expired - Deck: 51, Card: 2
2025-08-05 12:09:49,520 - INFO - Telltale duration expired - Deck: 51, Card: 1
2025-08-05 12:09:49,521 - INFO - Telltale duration expired - Deck: 57, Card: 9
2025-08-05 12:09:49,521 - INFO - Telltale duration expired - Deck: 57, Card: 8
2025-08-05 12:09:49,522 - INFO - Telltale duration expired - Deck: 57, Card: 7
2025-08-05 12:09:49,522 - INFO - Telltale duration expired - Deck: 57, Card: 6
2025-08-05 12:09:49,524 - INFO - Telltale duration expired - Deck: 57, Card: 5
2025-08-05 12:09:49,524 - INFO - Telltale duration expired - Deck: 57, Card: 4
2025-08-05 12:09:49,525 - INFO - Telltale duration expired - Deck: 57, Card: 3
2025-08-05 12:09:49,525 - INFO - Telltale duration expired - Deck: 57, Card: 2
2025-08-05 12:09:49,525 - INFO - Telltale duration expired - Deck: 57, Card: 1
2025-08-05 12:09:49,526 - INFO - Telltale duration expired - Deck: 57, Card: 0
2025-08-05 12:09:49,526 - INFO - Telltale duration expired - Deck: 56, Card: 9
2025-08-05 12:09:49,527 - INFO - Telltale duration expired - Deck: 56, Card: 8
2025-08-05 12:09:49,527 - INFO - Telltale duration expired - Deck: 56, Card: 7
2025-08-05 12:09:49,527 - INFO - Telltale duration expired - Deck: 56, Card: 6
2025-08-05 12:09:49,527 - INFO - Telltale duration expired - Deck: 56, Card: 5
2025-08-05 12:09:49,527 - INFO - Telltale duration expired - Deck: 56, Card: 4
2025-08-05 12:09:49,527 - INFO - Telltale duration expired - Deck: 56, Card: 3
2025-08-05 12:09:49,528 - INFO - Telltale duration expired - Deck: 56, Card: 2
2025-08-05 12:09:49,528 - INFO - Telltale duration expired - Deck: 56, Card: 1
2025-08-05 12:09:49,528 - INFO - Telltale duration expired - Deck: 56, Card: 0
2025-08-05 12:09:49,528 - INFO - Telltale duration expired - Deck: 55, Card: 9
2025-08-05 12:09:49,528 - INFO - Telltale duration expired - Deck: 55, Card: 8
2025-08-05 12:09:49,528 - INFO - Telltale duration expired - Deck: 55, Card: 7
2025-08-05 12:09:49,529 - INFO - Telltale duration expired - Deck: 55, Card: 6
2025-08-05 12:09:49,529 - INFO - Telltale duration expired - Deck: 55, Card: 5
2025-08-05 12:09:49,529 - INFO - Telltale duration expired - Deck: 55, Card: 4
2025-08-05 12:09:49,529 - INFO - Telltale duration expired - Deck: 55, Card: 3
2025-08-05 12:09:49,530 - INFO - Telltale duration expired - Deck: 55, Card: 2
2025-08-05 12:09:49,530 - INFO - Telltale duration expired - Deck: 55, Card: 0
2025-08-05 12:09:49,530 - INFO - Telltale duration expired - Deck: 54, Card: 9
2025-08-05 12:09:49,530 - INFO - Telltale duration expired - Deck: 54, Card: 8
2025-08-05 12:09:49,530 - INFO - Telltale duration expired - Deck: 54, Card: 7
2025-08-05 12:09:49,530 - INFO - Telltale duration expired - Deck: 54, Card: 6
2025-08-05 12:09:49,531 - INFO - Telltale duration expired - Deck: 54, Card: 5
2025-08-05 12:09:49,531 - INFO - Telltale duration expired - Deck: 54, Card: 4
2025-08-05 12:09:49,531 - INFO - Telltale duration expired - Deck: 54, Card: 3
2025-08-05 12:09:49,531 - INFO - Telltale duration expired - Deck: 54, Card: 2
2025-08-05 12:09:49,531 - INFO - Telltale duration expired - Deck: 54, Card: 1
2025-08-05 12:09:49,531 - INFO - Telltale duration expired - Deck: 61, Card: 9
2025-08-05 12:09:49,532 - INFO - Telltale duration expired - Deck: 61, Card: 8
2025-08-05 12:09:49,532 - INFO - Telltale duration expired - Deck: 61, Card: 7
2025-08-05 12:09:49,532 - INFO - Telltale duration expired - Deck: 61, Card: 6
2025-08-05 12:09:49,532 - INFO - Telltale duration expired - Deck: 61, Card: 5
2025-08-05 12:09:49,532 - INFO - Telltale duration expired - Deck: 61, Card: 4
2025-08-05 12:09:49,532 - INFO - Telltale duration expired - Deck: 61, Card: 3
2025-08-05 12:09:49,532 - INFO - Telltale duration expired - Deck: 61, Card: 2
2025-08-05 12:09:49,532 - INFO - Telltale duration expired - Deck: 61, Card: 1
2025-08-05 12:09:49,533 - INFO - Telltale duration expired - Deck: 61, Card: 0
2025-08-05 12:09:49,533 - INFO - Telltale duration expired - Deck: 60, Card: 9
2025-08-05 12:09:49,533 - INFO - Telltale duration expired - Deck: 60, Card: 8
2025-08-05 12:09:49,533 - INFO - Telltale duration expired - Deck: 60, Card: 7
2025-08-05 12:09:49,533 - INFO - Telltale duration expired - Deck: 60, Card: 6
2025-08-05 12:09:49,533 - INFO - Telltale duration expired - Deck: 60, Card: 5
2025-08-05 12:09:49,534 - INFO - Telltale duration expired - Deck: 60, Card: 4
2025-08-05 12:09:49,534 - INFO - Telltale duration expired - Deck: 60, Card: 3
2025-08-05 12:09:49,534 - INFO - Telltale duration expired - Deck: 60, Card: 2
2025-08-05 12:09:49,534 - INFO - Telltale duration expired - Deck: 60, Card: 1
2025-08-05 12:09:49,534 - INFO - Telltale duration expired - Deck: 60, Card: 0
2025-08-05 12:09:49,534 - INFO - Telltale duration expired - Deck: 59, Card: 9
2025-08-05 12:09:49,535 - INFO - Telltale duration expired - Deck: 59, Card: 8
2025-08-05 12:09:49,535 - INFO - Telltale duration expired - Deck: 59, Card: 7
2025-08-05 12:09:49,535 - INFO - Telltale duration expired - Deck: 59, Card: 6
2025-08-05 12:09:49,535 - INFO - Telltale duration expired - Deck: 59, Card: 5
2025-08-05 12:09:49,535 - INFO - Telltale duration expired - Deck: 59, Card: 4
2025-08-05 12:09:49,535 - INFO - Telltale duration expired - Deck: 59, Card: 3
2025-08-05 12:09:49,535 - INFO - Telltale duration expired - Deck: 59, Card: 2
2025-08-05 12:09:49,536 - INFO - Telltale duration expired - Deck: 59, Card: 1
2025-08-05 12:09:49,536 - INFO - Telltale duration expired - Deck: 59, Card: 0
2025-08-05 12:09:49,536 - INFO - Telltale duration expired - Deck: 58, Card: 9
2025-08-05 12:09:49,536 - INFO - Telltale duration expired - Deck: 58, Card: 8
2025-08-05 12:09:49,536 - INFO - Telltale duration expired - Deck: 58, Card: 7
2025-08-05 12:09:49,536 - INFO - Telltale duration expired - Deck: 58, Card: 6
2025-08-05 12:09:49,537 - INFO - Telltale duration expired - Deck: 58, Card: 5
2025-08-05 12:09:49,537 - INFO - Telltale duration expired - Deck: 58, Card: 4
2025-08-05 12:09:49,537 - INFO - Telltale duration expired - Deck: 58, Card: 3
2025-08-05 12:09:49,537 - INFO - Telltale duration expired - Deck: 58, Card: 2
2025-08-05 12:09:49,538 - INFO - Telltale duration expired - Deck: 58, Card: 1
2025-08-05 12:09:49,538 - INFO - Telltale duration expired - Deck: 58, Card: 0
2025-08-05 12:09:52,764 - INFO - Playing chime: ChimeInfo(engine_check, Deck:51, Card:2, ID:51_2)
2025-08-05 12:09:54,473 - INFO - Telltale duration expired - Deck: 51, Card: 0
2025-08-05 12:09:54,473 - INFO - Telltale duration expired - Deck: 50, Card: 9
2025-08-05 12:09:54,474 - INFO - Telltale duration expired - Deck: 50, Card: 8
2025-08-05 12:09:54,474 - INFO - Telltale duration expired - Deck: 50, Card: 7
2025-08-05 12:09:54,474 - INFO - Telltale duration expired - Deck: 50, Card: 6
2025-08-05 12:09:54,474 - INFO - Telltale duration expired - Deck: 50, Card: 5
2025-08-05 12:09:54,475 - INFO - Telltale duration expired - Deck: 50, Card: 4
2025-08-05 12:09:54,475 - INFO - Telltale duration expired - Deck: 50, Card: 3
2025-08-05 12:09:54,475 - INFO - Telltale duration expired - Deck: 50, Card: 2
2025-08-05 12:09:54,475 - INFO - Telltale duration expired - Deck: 50, Card: 1
2025-08-05 12:09:54,475 - INFO - Telltale duration expired - Deck: 50, Card: 0
2025-08-05 12:09:54,487 - INFO - Telltale duration expired - Deck: 54, Card: 0
2025-08-05 12:09:54,488 - INFO - Telltale duration expired - Deck: 53, Card: 9
2025-08-05 12:09:54,488 - INFO - Telltale duration expired - Deck: 53, Card: 8
2025-08-05 12:09:54,488 - INFO - Telltale duration expired - Deck: 53, Card: 7
2025-08-05 12:09:54,488 - INFO - Telltale duration expired - Deck: 53, Card: 6
2025-08-05 12:09:54,489 - INFO - Telltale duration expired - Deck: 53, Card: 5
2025-08-05 12:09:54,489 - INFO - Telltale duration expired - Deck: 53, Card: 4
2025-08-05 12:09:54,489 - INFO - Telltale duration expired - Deck: 53, Card: 3
2025-08-05 12:09:54,489 - INFO - Telltale duration expired - Deck: 53, Card: 2
2025-08-05 12:09:54,489 - INFO - Telltale duration expired - Deck: 53, Card: 1
2025-08-05 12:09:54,489 - INFO - Telltale duration expired - Deck: 53, Card: 0
2025-08-05 12:09:54,490 - INFO - Telltale duration expired - Deck: 52, Card: 9
2025-08-05 12:09:54,490 - INFO - Telltale duration expired - Deck: 52, Card: 8
2025-08-05 12:09:54,490 - INFO - Telltale duration expired - Deck: 52, Card: 7
2025-08-05 12:09:54,490 - INFO - Telltale duration expired - Deck: 52, Card: 6
2025-08-05 12:09:54,490 - INFO - Telltale duration expired - Deck: 52, Card: 5
2025-08-05 12:09:54,490 - INFO - Telltale duration expired - Deck: 52, Card: 4
2025-08-05 12:09:54,491 - INFO - Telltale duration expired - Deck: 52, Card: 3
2025-08-05 12:09:54,491 - INFO - Telltale duration expired - Deck: 52, Card: 2
2025-08-05 12:09:54,491 - INFO - Telltale duration expired - Deck: 52, Card: 1
2025-08-05 12:09:54,491 - INFO - Telltale duration expired - Deck: 52, Card: 0
2025-08-05 12:09:54,492 - INFO - Telltale duration expired - Deck: 51, Card: 9
2025-08-05 12:09:54,492 - INFO - Telltale duration expired - Deck: 51, Card: 8
2025-08-05 12:09:54,492 - INFO - Telltale duration expired - Deck: 51, Card: 7
2025-08-05 12:09:54,492 - INFO - Telltale duration expired - Deck: 51, Card: 6
2025-08-05 12:09:54,492 - INFO - Telltale duration expired - Deck: 51, Card: 5
2025-08-05 12:09:54,493 - INFO - Telltale duration expired - Deck: 51, Card: 4
2025-08-05 12:09:54,493 - INFO - Telltale duration expired - Deck: 51, Card: 3
2025-08-05 12:09:54,493 - INFO - Telltale duration expired - Deck: 51, Card: 2
2025-08-05 12:09:54,493 - INFO - Telltale duration expired - Deck: 51, Card: 1
2025-08-05 12:09:54,519 - INFO - Telltale duration expired - Deck: 57, Card: 9
2025-08-05 12:09:54,519 - INFO - Telltale duration expired - Deck: 57, Card: 8
2025-08-05 12:09:54,519 - INFO - Telltale duration expired - Deck: 57, Card: 7
2025-08-05 12:09:54,520 - INFO - Telltale duration expired - Deck: 57, Card: 6
2025-08-05 12:09:54,520 - INFO - Telltale duration expired - Deck: 57, Card: 5
2025-08-05 12:09:54,520 - INFO - Telltale duration expired - Deck: 57, Card: 4
2025-08-05 12:09:54,520 - INFO - Telltale duration expired - Deck: 57, Card: 3
2025-08-05 12:09:54,520 - INFO - Telltale duration expired - Deck: 57, Card: 2
2025-08-05 12:09:54,520 - INFO - Telltale duration expired - Deck: 57, Card: 1
2025-08-05 12:09:54,520 - INFO - Telltale duration expired - Deck: 57, Card: 0
2025-08-05 12:09:54,521 - INFO - Telltale duration expired - Deck: 56, Card: 9
2025-08-05 12:09:54,521 - INFO - Telltale duration expired - Deck: 56, Card: 8
2025-08-05 12:09:54,521 - INFO - Telltale duration expired - Deck: 56, Card: 7
2025-08-05 12:09:54,521 - INFO - Telltale duration expired - Deck: 56, Card: 6
2025-08-05 12:09:54,521 - INFO - Telltale duration expired - Deck: 56, Card: 5
2025-08-05 12:09:54,521 - INFO - Telltale duration expired - Deck: 56, Card: 4
2025-08-05 12:09:54,522 - INFO - Telltale duration expired - Deck: 56, Card: 3
2025-08-05 12:09:54,522 - INFO - Telltale duration expired - Deck: 56, Card: 2
2025-08-05 12:09:54,522 - INFO - Telltale duration expired - Deck: 56, Card: 1
2025-08-05 12:09:54,522 - INFO - Telltale duration expired - Deck: 56, Card: 0
2025-08-05 12:09:54,522 - INFO - Telltale duration expired - Deck: 55, Card: 9
2025-08-05 12:09:54,522 - INFO - Telltale duration expired - Deck: 55, Card: 8
2025-08-05 12:09:54,523 - INFO - Telltale duration expired - Deck: 55, Card: 7
2025-08-05 12:09:54,523 - INFO - Telltale duration expired - Deck: 55, Card: 6
2025-08-05 12:09:54,523 - INFO - Telltale duration expired - Deck: 55, Card: 5
2025-08-05 12:09:54,523 - INFO - Telltale duration expired - Deck: 55, Card: 4
2025-08-05 12:09:54,523 - INFO - Telltale duration expired - Deck: 55, Card: 3
2025-08-05 12:09:54,524 - INFO - Telltale duration expired - Deck: 55, Card: 2
2025-08-05 12:09:54,524 - INFO - Telltale duration expired - Deck: 55, Card: 0
2025-08-05 12:09:54,524 - INFO - Telltale duration expired - Deck: 54, Card: 9
2025-08-05 12:09:54,524 - INFO - Telltale duration expired - Deck: 54, Card: 8
2025-08-05 12:09:54,524 - INFO - Telltale duration expired - Deck: 54, Card: 7
2025-08-05 12:09:54,525 - INFO - Telltale duration expired - Deck: 54, Card: 6
2025-08-05 12:09:54,525 - INFO - Telltale duration expired - Deck: 54, Card: 5
2025-08-05 12:09:54,525 - INFO - Telltale duration expired - Deck: 54, Card: 4
2025-08-05 12:09:54,525 - INFO - Telltale duration expired - Deck: 54, Card: 3
2025-08-05 12:09:54,525 - INFO - Telltale duration expired - Deck: 54, Card: 2
2025-08-05 12:09:54,525 - INFO - Telltale duration expired - Deck: 54, Card: 1
2025-08-05 12:09:54,534 - INFO - Telltale duration expired - Deck: 61, Card: 9
2025-08-05 12:09:54,534 - INFO - Telltale duration expired - Deck: 61, Card: 8
2025-08-05 12:09:54,535 - INFO - Telltale duration expired - Deck: 61, Card: 7
2025-08-05 12:09:54,535 - INFO - Telltale duration expired - Deck: 61, Card: 6
2025-08-05 12:09:54,535 - INFO - Telltale duration expired - Deck: 61, Card: 5
2025-08-05 12:09:54,535 - INFO - Telltale duration expired - Deck: 61, Card: 4
2025-08-05 12:09:54,536 - INFO - Telltale duration expired - Deck: 61, Card: 3
2025-08-05 12:09:54,536 - INFO - Telltale duration expired - Deck: 61, Card: 2
2025-08-05 12:09:54,536 - INFO - Telltale duration expired - Deck: 61, Card: 1
2025-08-05 12:09:54,536 - INFO - Telltale duration expired - Deck: 61, Card: 0
2025-08-05 12:09:54,536 - INFO - Telltale duration expired - Deck: 60, Card: 9
2025-08-05 12:09:54,537 - INFO - Telltale duration expired - Deck: 60, Card: 8
2025-08-05 12:09:54,537 - INFO - Telltale duration expired - Deck: 60, Card: 7
2025-08-05 12:09:54,537 - INFO - Telltale duration expired - Deck: 60, Card: 6
2025-08-05 12:09:54,537 - INFO - Telltale duration expired - Deck: 60, Card: 5
2025-08-05 12:09:54,537 - INFO - Telltale duration expired - Deck: 60, Card: 4
2025-08-05 12:09:54,538 - INFO - Telltale duration expired - Deck: 60, Card: 3
2025-08-05 12:09:54,538 - INFO - Telltale duration expired - Deck: 60, Card: 2
2025-08-05 12:09:54,538 - INFO - Telltale duration expired - Deck: 60, Card: 1
2025-08-05 12:09:54,538 - INFO - Telltale duration expired - Deck: 60, Card: 0
2025-08-05 12:09:54,538 - INFO - Telltale duration expired - Deck: 59, Card: 9
2025-08-05 12:09:54,538 - INFO - Telltale duration expired - Deck: 59, Card: 8
2025-08-05 12:09:54,539 - INFO - Telltale duration expired - Deck: 59, Card: 7
2025-08-05 12:09:54,539 - INFO - Telltale duration expired - Deck: 59, Card: 6
2025-08-05 12:09:54,539 - INFO - Telltale duration expired - Deck: 59, Card: 5
2025-08-05 12:09:54,539 - INFO - Telltale duration expired - Deck: 59, Card: 4
2025-08-05 12:09:54,539 - INFO - Telltale duration expired - Deck: 59, Card: 3
2025-08-05 12:09:54,540 - INFO - Telltale duration expired - Deck: 59, Card: 2
2025-08-05 12:09:54,540 - INFO - Telltale duration expired - Deck: 59, Card: 1
2025-08-05 12:09:54,540 - INFO - Telltale duration expired - Deck: 59, Card: 0
2025-08-05 12:09:54,540 - INFO - Telltale duration expired - Deck: 58, Card: 9
2025-08-05 12:09:54,540 - INFO - Telltale duration expired - Deck: 58, Card: 8
2025-08-05 12:09:54,540 - INFO - Telltale duration expired - Deck: 58, Card: 7
2025-08-05 12:09:54,540 - INFO - Telltale duration expired - Deck: 58, Card: 6
2025-08-05 12:09:54,541 - INFO - Telltale duration expired - Deck: 58, Card: 5
2025-08-05 12:09:54,541 - INFO - Telltale duration expired - Deck: 58, Card: 4
2025-08-05 12:09:54,541 - INFO - Telltale duration expired - Deck: 58, Card: 3
2025-08-05 12:09:54,541 - INFO - Telltale duration expired - Deck: 58, Card: 2
2025-08-05 12:09:54,541 - INFO - Telltale duration expired - Deck: 58, Card: 1
2025-08-05 12:09:54,541 - INFO - Telltale duration expired - Deck: 58, Card: 0
2025-08-05 12:09:55,293 - INFO - Playing chime again: ChimeInfo(engine_check, Deck:51, Card:2, ID:51_2)
2025-08-05 12:09:59,469 - INFO - Telltale duration expired - Deck: 51, Card: 0
2025-08-05 12:09:59,469 - INFO - Telltale duration expired - Deck: 50, Card: 9
2025-08-05 12:09:59,470 - INFO - Telltale duration expired - Deck: 50, Card: 8
2025-08-05 12:09:59,470 - INFO - Telltale duration expired - Deck: 50, Card: 7
2025-08-05 12:09:59,470 - INFO - Telltale duration expired - Deck: 50, Card: 6
2025-08-05 12:09:59,470 - INFO - Telltale duration expired - Deck: 50, Card: 5
2025-08-05 12:09:59,471 - INFO - Telltale duration expired - Deck: 50, Card: 4
2025-08-05 12:09:59,471 - INFO - Telltale duration expired - Deck: 50, Card: 3
2025-08-05 12:09:59,471 - INFO - Telltale duration expired - Deck: 50, Card: 2
2025-08-05 12:09:59,471 - INFO - Telltale duration expired - Deck: 50, Card: 1
2025-08-05 12:09:59,471 - INFO - Telltale duration expired - Deck: 50, Card: 0
2025-08-05 12:09:59,485 - INFO - Telltale duration expired - Deck: 54, Card: 0
2025-08-05 12:09:59,486 - INFO - Telltale duration expired - Deck: 53, Card: 9
2025-08-05 12:09:59,486 - INFO - Telltale duration expired - Deck: 53, Card: 8
2025-08-05 12:09:59,487 - INFO - Telltale duration expired - Deck: 53, Card: 7
2025-08-05 12:09:59,487 - INFO - Telltale duration expired - Deck: 53, Card: 6
2025-08-05 12:09:59,487 - INFO - Telltale duration expired - Deck: 53, Card: 5
2025-08-05 12:09:59,487 - INFO - Telltale duration expired - Deck: 53, Card: 4
2025-08-05 12:09:59,488 - INFO - Telltale duration expired - Deck: 53, Card: 3
2025-08-05 12:09:59,488 - INFO - Telltale duration expired - Deck: 53, Card: 2
2025-08-05 12:09:59,488 - INFO - Telltale duration expired - Deck: 53, Card: 1
2025-08-05 12:09:59,488 - INFO - Telltale duration expired - Deck: 53, Card: 0
2025-08-05 12:09:59,488 - INFO - Telltale duration expired - Deck: 52, Card: 9
2025-08-05 12:09:59,489 - INFO - Telltale duration expired - Deck: 52, Card: 8
2025-08-05 12:09:59,489 - INFO - Telltale duration expired - Deck: 52, Card: 7
2025-08-05 12:09:59,489 - INFO - Telltale duration expired - Deck: 52, Card: 6
2025-08-05 12:09:59,489 - INFO - Telltale duration expired - Deck: 52, Card: 5
2025-08-05 12:09:59,489 - INFO - Telltale duration expired - Deck: 52, Card: 4
2025-08-05 12:09:59,490 - INFO - Telltale duration expired - Deck: 52, Card: 3
2025-08-05 12:09:59,490 - INFO - Telltale duration expired - Deck: 52, Card: 2
2025-08-05 12:09:59,490 - INFO - Telltale duration expired - Deck: 52, Card: 1
2025-08-05 12:09:59,490 - INFO - Telltale duration expired - Deck: 52, Card: 0
2025-08-05 12:09:59,491 - INFO - Telltale duration expired - Deck: 51, Card: 9
2025-08-05 12:09:59,491 - INFO - Telltale duration expired - Deck: 51, Card: 8
2025-08-05 12:09:59,491 - INFO - Telltale duration expired - Deck: 51, Card: 7
2025-08-05 12:09:59,491 - INFO - Telltale duration expired - Deck: 51, Card: 6
2025-08-05 12:09:59,491 - INFO - Telltale duration expired - Deck: 51, Card: 5
2025-08-05 12:09:59,491 - INFO - Telltale duration expired - Deck: 51, Card: 4
2025-08-05 12:09:59,492 - INFO - Telltale duration expired - Deck: 51, Card: 3
2025-08-05 12:09:59,492 - INFO - Telltale duration expired - Deck: 51, Card: 2
2025-08-05 12:09:59,492 - INFO - Telltale duration expired - Deck: 51, Card: 1
2025-08-05 12:09:59,517 - INFO - Telltale duration expired - Deck: 57, Card: 9
2025-08-05 12:09:59,518 - INFO - Telltale duration expired - Deck: 57, Card: 8
2025-08-05 12:09:59,518 - INFO - Telltale duration expired - Deck: 57, Card: 7
2025-08-05 12:09:59,518 - INFO - Telltale duration expired - Deck: 57, Card: 6
2025-08-05 12:09:59,518 - INFO - Telltale duration expired - Deck: 57, Card: 5
2025-08-05 12:09:59,519 - INFO - Telltale duration expired - Deck: 57, Card: 4
2025-08-05 12:09:59,519 - INFO - Telltale duration expired - Deck: 57, Card: 3
2025-08-05 12:09:59,519 - INFO - Telltale duration expired - Deck: 57, Card: 2
2025-08-05 12:09:59,519 - INFO - Telltale duration expired - Deck: 57, Card: 1
2025-08-05 12:09:59,519 - INFO - Telltale duration expired - Deck: 57, Card: 0
2025-08-05 12:09:59,520 - INFO - Telltale duration expired - Deck: 56, Card: 9
2025-08-05 12:09:59,520 - INFO - Telltale duration expired - Deck: 56, Card: 8
2025-08-05 12:09:59,520 - INFO - Telltale duration expired - Deck: 56, Card: 7
2025-08-05 12:09:59,520 - INFO - Telltale duration expired - Deck: 56, Card: 6
2025-08-05 12:09:59,520 - INFO - Telltale duration expired - Deck: 56, Card: 5
2025-08-05 12:09:59,521 - INFO - Telltale duration expired - Deck: 56, Card: 4
2025-08-05 12:09:59,521 - INFO - Telltale duration expired - Deck: 56, Card: 3
2025-08-05 12:09:59,521 - INFO - Telltale duration expired - Deck: 56, Card: 2
2025-08-05 12:09:59,521 - INFO - Telltale duration expired - Deck: 56, Card: 1
2025-08-05 12:09:59,521 - INFO - Telltale duration expired - Deck: 56, Card: 0
2025-08-05 12:09:59,522 - INFO - Telltale duration expired - Deck: 55, Card: 9
2025-08-05 12:09:59,522 - INFO - Telltale duration expired - Deck: 55, Card: 8
2025-08-05 12:09:59,522 - INFO - Telltale duration expired - Deck: 55, Card: 7
2025-08-05 12:09:59,522 - INFO - Telltale duration expired - Deck: 55, Card: 6
2025-08-05 12:09:59,522 - INFO - Telltale duration expired - Deck: 55, Card: 5
2025-08-05 12:09:59,523 - INFO - Telltale duration expired - Deck: 55, Card: 4
2025-08-05 12:09:59,523 - INFO - Telltale duration expired - Deck: 55, Card: 3
2025-08-05 12:09:59,523 - INFO - Telltale duration expired - Deck: 55, Card: 2
2025-08-05 12:09:59,523 - INFO - Telltale duration expired - Deck: 55, Card: 0
2025-08-05 12:09:59,523 - INFO - Telltale duration expired - Deck: 54, Card: 9
2025-08-05 12:09:59,524 - INFO - Telltale duration expired - Deck: 54, Card: 8
2025-08-05 12:09:59,524 - INFO - Telltale duration expired - Deck: 54, Card: 7
2025-08-05 12:09:59,524 - INFO - Telltale duration expired - Deck: 54, Card: 6
2025-08-05 12:09:59,524 - INFO - Telltale duration expired - Deck: 54, Card: 5
2025-08-05 12:09:59,524 - INFO - Telltale duration expired - Deck: 54, Card: 4
2025-08-05 12:09:59,524 - INFO - Telltale duration expired - Deck: 54, Card: 3
2025-08-05 12:09:59,525 - INFO - Telltale duration expired - Deck: 54, Card: 2
2025-08-05 12:09:59,525 - INFO - Telltale duration expired - Deck: 54, Card: 1
2025-08-05 12:09:59,533 - INFO - Telltale duration expired - Deck: 61, Card: 9
2025-08-05 12:09:59,533 - INFO - Telltale duration expired - Deck: 61, Card: 8
2025-08-05 12:09:59,534 - INFO - Telltale duration expired - Deck: 61, Card: 7
2025-08-05 12:09:59,534 - INFO - Telltale duration expired - Deck: 61, Card: 6
2025-08-05 12:09:59,534 - INFO - Telltale duration expired - Deck: 61, Card: 5
2025-08-05 12:09:59,534 - INFO - Telltale duration expired - Deck: 61, Card: 4
2025-08-05 12:09:59,534 - INFO - Telltale duration expired - Deck: 61, Card: 3
2025-08-05 12:09:59,535 - INFO - Telltale duration expired - Deck: 61, Card: 2
2025-08-05 12:09:59,535 - INFO - Telltale duration expired - Deck: 61, Card: 1
2025-08-05 12:09:59,535 - INFO - Telltale duration expired - Deck: 61, Card: 0
2025-08-05 12:09:59,535 - INFO - Telltale duration expired - Deck: 60, Card: 9
2025-08-05 12:09:59,535 - INFO - Telltale duration expired - Deck: 60, Card: 8
2025-08-05 12:09:59,536 - INFO - Telltale duration expired - Deck: 60, Card: 7
2025-08-05 12:09:59,536 - INFO - Telltale duration expired - Deck: 60, Card: 6
2025-08-05 12:09:59,536 - INFO - Telltale duration expired - Deck: 60, Card: 5
2025-08-05 12:09:59,536 - INFO - Telltale duration expired - Deck: 60, Card: 4
2025-08-05 12:09:59,536 - INFO - Telltale duration expired - Deck: 60, Card: 3
2025-08-05 12:09:59,536 - INFO - Telltale duration expired - Deck: 60, Card: 2
2025-08-05 12:09:59,536 - INFO - Telltale duration expired - Deck: 60, Card: 1
2025-08-05 12:09:59,536 - INFO - Telltale duration expired - Deck: 60, Card: 0
2025-08-05 12:09:59,537 - INFO - Telltale duration expired - Deck: 59, Card: 9
2025-08-05 12:09:59,537 - INFO - Telltale duration expired - Deck: 59, Card: 8
2025-08-05 12:09:59,537 - INFO - Telltale duration expired - Deck: 59, Card: 7
2025-08-05 12:09:59,537 - INFO - Telltale duration expired - Deck: 59, Card: 6
2025-08-05 12:09:59,537 - INFO - Telltale duration expired - Deck: 59, Card: 5
2025-08-05 12:09:59,537 - INFO - Telltale duration expired - Deck: 59, Card: 4
2025-08-05 12:09:59,537 - INFO - Telltale duration expired - Deck: 59, Card: 3
2025-08-05 12:09:59,538 - INFO - Telltale duration expired - Deck: 59, Card: 2
2025-08-05 12:09:59,538 - INFO - Telltale duration expired - Deck: 59, Card: 1
2025-08-05 12:09:59,538 - INFO - Telltale duration expired - Deck: 59, Card: 0
2025-08-05 12:09:59,538 - INFO - Telltale duration expired - Deck: 58, Card: 9
2025-08-05 12:09:59,538 - INFO - Telltale duration expired - Deck: 58, Card: 8
2025-08-05 12:09:59,538 - INFO - Telltale duration expired - Deck: 58, Card: 7
2025-08-05 12:09:59,539 - INFO - Telltale duration expired - Deck: 58, Card: 6
2025-08-05 12:09:59,539 - INFO - Telltale duration expired - Deck: 58, Card: 5
2025-08-05 12:09:59,539 - INFO - Telltale duration expired - Deck: 58, Card: 4
2025-08-05 12:09:59,539 - INFO - Telltale duration expired - Deck: 58, Card: 3
2025-08-05 12:09:59,539 - INFO - Telltale duration expired - Deck: 58, Card: 2
2025-08-05 12:09:59,540 - INFO - Telltale duration expired - Deck: 58, Card: 1
2025-08-05 12:09:59,540 - INFO - Telltale duration expired - Deck: 58, Card: 0
2025-08-05 12:10:02,102 - INFO - Playing chime: ChimeInfo(jeep_seatbelt_alert, Deck:52, Card:2, ID:52_2)
2025-08-05 12:10:04,470 - INFO - Telltale duration expired - Deck: 51, Card: 0
2025-08-05 12:10:04,470 - INFO - Telltale duration expired - Deck: 50, Card: 9
2025-08-05 12:10:04,470 - INFO - Telltale duration expired - Deck: 50, Card: 8
2025-08-05 12:10:04,471 - INFO - Telltale duration expired - Deck: 50, Card: 7
2025-08-05 12:10:04,471 - INFO - Telltale duration expired - Deck: 50, Card: 6
2025-08-05 12:10:04,471 - INFO - Telltale duration expired - Deck: 50, Card: 5
2025-08-05 12:10:04,471 - INFO - Telltale duration expired - Deck: 50, Card: 4
2025-08-05 12:10:04,471 - INFO - Telltale duration expired - Deck: 50, Card: 3
2025-08-05 12:10:04,472 - INFO - Telltale duration expired - Deck: 50, Card: 2
2025-08-05 12:10:04,472 - INFO - Telltale duration expired - Deck: 50, Card: 1
2025-08-05 12:10:04,472 - INFO - Telltale duration expired - Deck: 50, Card: 0
2025-08-05 12:10:04,483 - INFO - Telltale duration expired - Deck: 54, Card: 0
2025-08-05 12:10:04,483 - INFO - Telltale duration expired - Deck: 53, Card: 9
2025-08-05 12:10:04,484 - INFO - Telltale duration expired - Deck: 53, Card: 8
2025-08-05 12:10:04,484 - INFO - Telltale duration expired - Deck: 53, Card: 7
2025-08-05 12:10:04,484 - INFO - Telltale duration expired - Deck: 53, Card: 6
2025-08-05 12:10:04,484 - INFO - Telltale duration expired - Deck: 53, Card: 5
2025-08-05 12:10:04,485 - INFO - Telltale duration expired - Deck: 53, Card: 4
2025-08-05 12:10:04,485 - INFO - Telltale duration expired - Deck: 53, Card: 3
2025-08-05 12:10:04,486 - INFO - Telltale duration expired - Deck: 53, Card: 2
2025-08-05 12:10:04,486 - INFO - Telltale duration expired - Deck: 53, Card: 1
2025-08-05 12:10:04,487 - INFO - Telltale duration expired - Deck: 53, Card: 0
2025-08-05 12:10:04,487 - INFO - Telltale duration expired - Deck: 52, Card: 9
2025-08-05 12:10:04,487 - INFO - Telltale duration expired - Deck: 52, Card: 8
2025-08-05 12:10:04,487 - INFO - Telltale duration expired - Deck: 52, Card: 7
2025-08-05 12:10:04,487 - INFO - Telltale duration expired - Deck: 52, Card: 6
2025-08-05 12:10:04,488 - INFO - Telltale duration expired - Deck: 52, Card: 5
2025-08-05 12:10:04,488 - INFO - Telltale duration expired - Deck: 52, Card: 4
2025-08-05 12:10:04,488 - INFO - Telltale duration expired - Deck: 52, Card: 3
2025-08-05 12:10:04,488 - INFO - Telltale duration expired - Deck: 52, Card: 2
2025-08-05 12:10:04,488 - INFO - Telltale duration expired - Deck: 52, Card: 1
2025-08-05 12:10:04,488 - INFO - Telltale duration expired - Deck: 52, Card: 0
2025-08-05 12:10:04,489 - INFO - Telltale duration expired - Deck: 51, Card: 9
2025-08-05 12:10:04,489 - INFO - Telltale duration expired - Deck: 51, Card: 8
2025-08-05 12:10:04,489 - INFO - Telltale duration expired - Deck: 51, Card: 7
2025-08-05 12:10:04,489 - INFO - Telltale duration expired - Deck: 51, Card: 6
2025-08-05 12:10:04,489 - INFO - Telltale duration expired - Deck: 51, Card: 5
2025-08-05 12:10:04,489 - INFO - Telltale duration expired - Deck: 51, Card: 4
2025-08-05 12:10:04,490 - INFO - Telltale duration expired - Deck: 51, Card: 3
2025-08-05 12:10:04,490 - INFO - Telltale duration expired - Deck: 51, Card: 2
2025-08-05 12:10:04,490 - INFO - Telltale duration expired - Deck: 51, Card: 1
2025-08-05 12:10:04,527 - INFO - Telltale duration expired - Deck: 57, Card: 9
2025-08-05 12:10:04,528 - INFO - Telltale duration expired - Deck: 57, Card: 8
2025-08-05 12:10:04,528 - INFO - Telltale duration expired - Deck: 57, Card: 7
2025-08-05 12:10:04,528 - INFO - Telltale duration expired - Deck: 57, Card: 6
2025-08-05 12:10:04,528 - INFO - Telltale duration expired - Deck: 57, Card: 5
2025-08-05 12:10:04,529 - INFO - Telltale duration expired - Deck: 57, Card: 4
2025-08-05 12:10:04,529 - INFO - Telltale duration expired - Deck: 57, Card: 3
2025-08-05 12:10:04,529 - INFO - Telltale duration expired - Deck: 57, Card: 2
2025-08-05 12:10:04,529 - INFO - Telltale duration expired - Deck: 57, Card: 1
2025-08-05 12:10:04,530 - INFO - Telltale duration expired - Deck: 57, Card: 0
2025-08-05 12:10:04,531 - INFO - Telltale duration expired - Deck: 56, Card: 9
2025-08-05 12:10:04,532 - INFO - Telltale duration expired - Deck: 56, Card: 8
2025-08-05 12:10:04,532 - INFO - Telltale duration expired - Deck: 56, Card: 7
2025-08-05 12:10:04,533 - INFO - Telltale duration expired - Deck: 56, Card: 6
2025-08-05 12:10:04,533 - INFO - Telltale duration expired - Deck: 56, Card: 5
2025-08-05 12:10:04,533 - INFO - Telltale duration expired - Deck: 56, Card: 4
2025-08-05 12:10:04,533 - INFO - Telltale duration expired - Deck: 56, Card: 3
2025-08-05 12:10:04,534 - INFO - Telltale duration expired - Deck: 56, Card: 2
2025-08-05 12:10:04,534 - INFO - Telltale duration expired - Deck: 56, Card: 1
2025-08-05 12:10:04,534 - INFO - Telltale duration expired - Deck: 56, Card: 0
2025-08-05 12:10:04,534 - INFO - Telltale duration expired - Deck: 55, Card: 9
2025-08-05 12:10:04,534 - INFO - Telltale duration expired - Deck: 55, Card: 8
2025-08-05 12:10:04,535 - INFO - Telltale duration expired - Deck: 55, Card: 7
2025-08-05 12:10:04,535 - INFO - Telltale duration expired - Deck: 55, Card: 6
2025-08-05 12:10:04,535 - INFO - Telltale duration expired - Deck: 55, Card: 5
2025-08-05 12:10:04,535 - INFO - Telltale duration expired - Deck: 55, Card: 4
2025-08-05 12:10:04,535 - INFO - Telltale duration expired - Deck: 55, Card: 3
2025-08-05 12:10:04,535 - INFO - Telltale duration expired - Deck: 55, Card: 2
2025-08-05 12:10:04,535 - INFO - Telltale duration expired - Deck: 55, Card: 0
2025-08-05 12:10:04,536 - INFO - Telltale duration expired - Deck: 54, Card: 9
2025-08-05 12:10:04,536 - INFO - Telltale duration expired - Deck: 54, Card: 8
2025-08-05 12:10:04,536 - INFO - Telltale duration expired - Deck: 54, Card: 7
2025-08-05 12:10:04,536 - INFO - Telltale duration expired - Deck: 54, Card: 6
2025-08-05 12:10:04,536 - INFO - Telltale duration expired - Deck: 54, Card: 5
2025-08-05 12:10:04,536 - INFO - Telltale duration expired - Deck: 54, Card: 4
2025-08-05 12:10:04,536 - INFO - Telltale duration expired - Deck: 54, Card: 3
2025-08-05 12:10:04,537 - INFO - Telltale duration expired - Deck: 54, Card: 2
2025-08-05 12:10:04,537 - INFO - Telltale duration expired - Deck: 54, Card: 1
2025-08-05 12:10:04,537 - INFO - Telltale duration expired - Deck: 61, Card: 9
2025-08-05 12:10:04,537 - INFO - Telltale duration expired - Deck: 61, Card: 8
2025-08-05 12:10:04,537 - INFO - Telltale duration expired - Deck: 61, Card: 7
2025-08-05 12:10:04,537 - INFO - Telltale duration expired - Deck: 61, Card: 6
2025-08-05 12:10:04,537 - INFO - Telltale duration expired - Deck: 61, Card: 5
2025-08-05 12:10:04,538 - INFO - Telltale duration expired - Deck: 61, Card: 4
2025-08-05 12:10:04,538 - INFO - Telltale duration expired - Deck: 61, Card: 3
2025-08-05 12:10:04,538 - INFO - Telltale duration expired - Deck: 61, Card: 2
2025-08-05 12:10:04,538 - INFO - Telltale duration expired - Deck: 61, Card: 1
2025-08-05 12:10:04,538 - INFO - Telltale duration expired - Deck: 61, Card: 0
2025-08-05 12:10:04,538 - INFO - Telltale duration expired - Deck: 60, Card: 9
2025-08-05 12:10:04,539 - INFO - Telltale duration expired - Deck: 60, Card: 8
2025-08-05 12:10:04,539 - INFO - Telltale duration expired - Deck: 60, Card: 7
2025-08-05 12:10:04,539 - INFO - Telltale duration expired - Deck: 60, Card: 6
2025-08-05 12:10:04,539 - INFO - Telltale duration expired - Deck: 60, Card: 5
2025-08-05 12:10:04,539 - INFO - Telltale duration expired - Deck: 60, Card: 4
2025-08-05 12:10:04,539 - INFO - Telltale duration expired - Deck: 60, Card: 3
2025-08-05 12:10:04,539 - INFO - Telltale duration expired - Deck: 60, Card: 2
2025-08-05 12:10:04,540 - INFO - Telltale duration expired - Deck: 60, Card: 1
2025-08-05 12:10:04,540 - INFO - Telltale duration expired - Deck: 60, Card: 0
2025-08-05 12:10:04,540 - INFO - Telltale duration expired - Deck: 59, Card: 9
2025-08-05 12:10:04,540 - INFO - Telltale duration expired - Deck: 59, Card: 8
2025-08-05 12:10:04,540 - INFO - Telltale duration expired - Deck: 59, Card: 7
2025-08-05 12:10:04,540 - INFO - Telltale duration expired - Deck: 59, Card: 6
2025-08-05 12:10:04,540 - INFO - Telltale duration expired - Deck: 59, Card: 5
2025-08-05 12:10:04,541 - INFO - Telltale duration expired - Deck: 59, Card: 4
2025-08-05 12:10:04,541 - INFO - Telltale duration expired - Deck: 59, Card: 3
2025-08-05 12:10:04,541 - INFO - Telltale duration expired - Deck: 59, Card: 2
2025-08-05 12:10:04,541 - INFO - Telltale duration expired - Deck: 59, Card: 1
2025-08-05 12:10:04,541 - INFO - Telltale duration expired - Deck: 59, Card: 0
2025-08-05 12:10:04,541 - INFO - Telltale duration expired - Deck: 58, Card: 9
2025-08-05 12:10:04,541 - INFO - Telltale duration expired - Deck: 58, Card: 8
2025-08-05 12:10:04,542 - INFO - Telltale duration expired - Deck: 58, Card: 7
2025-08-05 12:10:04,542 - INFO - Telltale duration expired - Deck: 58, Card: 6
2025-08-05 12:10:04,542 - INFO - Telltale duration expired - Deck: 58, Card: 5
2025-08-05 12:10:04,542 - INFO - Telltale duration expired - Deck: 58, Card: 4
2025-08-05 12:10:04,542 - INFO - Telltale duration expired - Deck: 58, Card: 3
2025-08-05 12:10:04,542 - INFO - Telltale duration expired - Deck: 58, Card: 2
2025-08-05 12:10:04,543 - INFO - Telltale duration expired - Deck: 58, Card: 1
2025-08-05 12:10:04,543 - INFO - Telltale duration expired - Deck: 58, Card: 0
