2025-08-05 11:22:36,418 - INFO - ChimeQueueHandler initialized
2025-08-05 11:22:36,484 - INFO - Chime enqueued: ChimeInfo(engine_check, Deck:51, Card:1, ID:51_1)
2025-08-05 11:22:36,494 - INFO - Playing chime: ChimeInfo(engine_check, Deck:51, Card:1, ID:51_1)
2025-08-05 11:22:36,494 - INFO - Chime setup - Deck: 51, Card: 1, Chime: engine_check
2025-08-05 11:22:36,495 - INFO - Chime enqueued: ChimeInfo(engine_check, Deck:51, Card:2, ID:51_2)
2025-08-05 11:22:36,495 - INFO - Chime setup - Deck: 51, Card: 2, Chime: engine_check
2025-08-05 11:22:36,496 - INFO - Chime enqueued: ChimeInfo(jeep_seatbelt_alert, Deck:52, Card:2, ID:52_2)
2025-08-05 11:22:36,501 - INFO - Chime setup - Deck: 52, Card: 2, Chime: jeep_seatbelt_alert
2025-08-05 11:22:36,503 - INFO - Chime enqueued: ChimeInfo(engine_check, Deck:53, Card:1, ID:53_1)
2025-08-05 11:22:36,503 - INFO - Chime setup - Deck: 53, Card: 1, Chime: engine_check
2025-08-05 11:22:36,504 - INFO - Chime enqueued: ChimeInfo(engine_check, Deck:53, Card:2, ID:53_2)
2025-08-05 11:22:36,504 - INFO - Chime setup - Deck: 53, Card: 2, Chime: engine_check
2025-08-05 11:22:36,509 - INFO - Playing blinker chime: ChimeInfo(blinker, Deck:54, Card:1, ID:54_1)
2025-08-05 11:22:36,509 - INFO - Chime setup - Deck: 54, Card: 1, Chime: blinker
2025-08-05 11:22:36,511 - INFO - Chime enqueued: ChimeInfo(jeep_seatbelt_alert, Deck:55, Card:1, ID:55_1)
2025-08-05 11:22:36,511 - INFO - Chime setup - Deck: 55, Card: 1, Chime: jeep_seatbelt_alert
2025-08-05 11:22:36,512 - INFO - Chime enqueued: ChimeInfo(jeep_seatbelt_alert, Deck:55, Card:2, ID:55_2)
2025-08-05 11:22:36,512 - INFO - Chime setup - Deck: 55, Card: 2, Chime: jeep_seatbelt_alert
2025-08-05 11:22:36,513 - INFO - Chime enqueued: ChimeInfo(low_fuel, Deck:56, Card:1, ID:56_1)
2025-08-05 11:22:36,513 - INFO - Chime setup - Deck: 56, Card: 1, Chime: low_fuel
2025-08-05 11:22:36,514 - INFO - Chime enqueued: ChimeInfo(engine_check, Deck:56, Card:2, ID:56_2)
2025-08-05 11:22:36,514 - INFO - Chime setup - Deck: 56, Card: 2, Chime: engine_check
2025-08-05 11:22:36,515 - INFO - Chime enqueued: ChimeInfo(engine_check, Deck:56, Card:3, ID:56_3)
2025-08-05 11:22:36,515 - INFO - Chime setup - Deck: 56, Card: 3, Chime: engine_check
2025-08-05 11:22:36,518 - INFO - Playing blinker chime: ChimeInfo(blinker, Deck:59, Card:1, ID:59_1)
2025-08-05 11:22:36,519 - INFO - Chime setup - Deck: 59, Card: 1, Chime: blinker
2025-08-05 11:22:36,520 - INFO - Playing blinker chime: ChimeInfo(blinker, Deck:60, Card:1, ID:60_1)
2025-08-05 11:22:36,520 - INFO - Chime setup - Deck: 60, Card: 1, Chime: blinker
2025-08-05 11:22:36,521 - INFO - Chime enqueued: ChimeInfo(engine_check, Deck:61, Card:2, ID:61_2)
2025-08-05 11:22:36,521 - INFO - Chime setup - Deck: 61, Card: 2, Chime: engine_check
2025-08-05 11:22:36,522 - INFO - Chime enqueued: ChimeInfo(engine_check, Deck:61, Card:3, ID:61_3)
2025-08-05 11:22:36,522 - INFO - Chime setup - Deck: 61, Card: 3, Chime: engine_check
2025-08-05 11:22:39,780 - INFO - Playing chime again: ChimeInfo(engine_check, Deck:51, Card:1, ID:51_1)
2025-08-05 11:22:41,486 - INFO - Telltale duration expired - Deck: 52, Card: 1
2025-08-05 11:22:41,486 - INFO - Telltale duration expired - Deck: 52, Card: 0
2025-08-05 11:22:41,487 - INFO - Telltale duration expired - Deck: 51, Card: 9
2025-08-05 11:22:41,487 - INFO - Telltale duration expired - Deck: 51, Card: 8
2025-08-05 11:22:41,487 - INFO - Telltale duration expired - Deck: 51, Card: 7
2025-08-05 11:22:41,487 - INFO - Telltale duration expired - Deck: 51, Card: 6
2025-08-05 11:22:41,488 - INFO - Telltale duration expired - Deck: 51, Card: 5
2025-08-05 11:22:41,488 - INFO - Telltale duration expired - Deck: 51, Card: 4
2025-08-05 11:22:41,488 - INFO - Telltale duration expired - Deck: 51, Card: 3
2025-08-05 11:22:41,488 - INFO - Telltale duration expired - Deck: 51, Card: 2
2025-08-05 11:22:41,488 - INFO - Telltale duration expired - Deck: 51, Card: 1
2025-08-05 11:22:41,489 - INFO - Telltale duration expired - Deck: 51, Card: 0
2025-08-05 11:22:41,489 - INFO - Telltale duration expired - Deck: 50, Card: 9
2025-08-05 11:22:41,489 - INFO - Telltale duration expired - Deck: 50, Card: 8
2025-08-05 11:22:41,489 - INFO - Telltale duration expired - Deck: 50, Card: 7
2025-08-05 11:22:41,489 - INFO - Telltale duration expired - Deck: 50, Card: 6
2025-08-05 11:22:41,489 - INFO - Telltale duration expired - Deck: 50, Card: 5
2025-08-05 11:22:41,490 - INFO - Telltale duration expired - Deck: 50, Card: 4
2025-08-05 11:22:41,490 - INFO - Telltale duration expired - Deck: 50, Card: 3
2025-08-05 11:22:41,490 - INFO - Telltale duration expired - Deck: 50, Card: 2
2025-08-05 11:22:41,490 - INFO - Telltale duration expired - Deck: 50, Card: 1
2025-08-05 11:22:41,490 - INFO - Telltale duration expired - Deck: 50, Card: 0
2025-08-05 11:22:41,500 - INFO - Telltale duration expired - Deck: 56, Card: 1
2025-08-05 11:22:41,500 - INFO - Telltale duration expired - Deck: 56, Card: 0
2025-08-05 11:22:41,501 - INFO - Telltale duration expired - Deck: 55, Card: 9
2025-08-05 11:22:41,501 - INFO - Telltale duration expired - Deck: 55, Card: 8
2025-08-05 11:22:41,501 - INFO - Telltale duration expired - Deck: 55, Card: 7
2025-08-05 11:22:41,502 - INFO - Telltale duration expired - Deck: 55, Card: 6
2025-08-05 11:22:41,502 - INFO - Telltale duration expired - Deck: 55, Card: 5
2025-08-05 11:22:41,502 - INFO - Telltale duration expired - Deck: 55, Card: 4
2025-08-05 11:22:41,502 - INFO - Telltale duration expired - Deck: 55, Card: 3
2025-08-05 11:22:41,502 - INFO - Telltale duration expired - Deck: 55, Card: 2
2025-08-05 11:22:41,503 - INFO - Telltale duration expired - Deck: 55, Card: 0
2025-08-05 11:22:41,503 - INFO - Telltale duration expired - Deck: 54, Card: 9
2025-08-05 11:22:41,503 - INFO - Telltale duration expired - Deck: 54, Card: 8
2025-08-05 11:22:41,503 - INFO - Telltale duration expired - Deck: 54, Card: 7
2025-08-05 11:22:41,503 - INFO - Telltale duration expired - Deck: 54, Card: 6
2025-08-05 11:22:41,503 - INFO - Telltale duration expired - Deck: 54, Card: 5
2025-08-05 11:22:41,504 - INFO - Telltale duration expired - Deck: 54, Card: 4
2025-08-05 11:22:41,504 - INFO - Telltale duration expired - Deck: 54, Card: 3
2025-08-05 11:22:41,504 - INFO - Telltale duration expired - Deck: 54, Card: 2
2025-08-05 11:22:41,504 - INFO - Telltale duration expired - Deck: 54, Card: 1
2025-08-05 11:22:41,504 - INFO - Telltale duration expired - Deck: 54, Card: 0
2025-08-05 11:22:41,504 - INFO - Telltale duration expired - Deck: 53, Card: 9
2025-08-05 11:22:41,504 - INFO - Telltale duration expired - Deck: 53, Card: 8
2025-08-05 11:22:41,505 - INFO - Telltale duration expired - Deck: 53, Card: 7
2025-08-05 11:22:41,505 - INFO - Telltale duration expired - Deck: 53, Card: 6
2025-08-05 11:22:41,505 - INFO - Telltale duration expired - Deck: 53, Card: 5
2025-08-05 11:22:41,505 - INFO - Telltale duration expired - Deck: 53, Card: 4
2025-08-05 11:22:41,505 - INFO - Telltale duration expired - Deck: 53, Card: 3
2025-08-05 11:22:41,505 - INFO - Telltale duration expired - Deck: 53, Card: 2
2025-08-05 11:22:41,505 - INFO - Telltale duration expired - Deck: 53, Card: 1
2025-08-05 11:22:41,506 - INFO - Telltale duration expired - Deck: 53, Card: 0
2025-08-05 11:22:41,506 - INFO - Telltale duration expired - Deck: 52, Card: 9
2025-08-05 11:22:41,506 - INFO - Telltale duration expired - Deck: 52, Card: 8
2025-08-05 11:22:41,506 - INFO - Telltale duration expired - Deck: 52, Card: 7
2025-08-05 11:22:41,506 - INFO - Telltale duration expired - Deck: 52, Card: 6
2025-08-05 11:22:41,506 - INFO - Telltale duration expired - Deck: 52, Card: 5
2025-08-05 11:22:41,506 - INFO - Telltale duration expired - Deck: 52, Card: 4
2025-08-05 11:22:41,507 - INFO - Telltale duration expired - Deck: 52, Card: 3
2025-08-05 11:22:41,507 - INFO - Telltale duration expired - Deck: 52, Card: 2
2025-08-05 11:22:41,517 - INFO - Telltale duration expired - Deck: 61, Card: 9
2025-08-05 11:22:41,517 - INFO - Telltale duration expired - Deck: 61, Card: 8
2025-08-05 11:22:41,518 - INFO - Telltale duration expired - Deck: 61, Card: 7
2025-08-05 11:22:41,518 - INFO - Telltale duration expired - Deck: 61, Card: 6
2025-08-05 11:22:41,518 - INFO - Telltale duration expired - Deck: 61, Card: 5
2025-08-05 11:22:41,519 - INFO - Telltale duration expired - Deck: 61, Card: 4
2025-08-05 11:22:41,519 - INFO - Telltale duration expired - Deck: 61, Card: 3
2025-08-05 11:22:41,519 - INFO - Telltale duration expired - Deck: 61, Card: 2
2025-08-05 11:22:41,519 - INFO - Telltale duration expired - Deck: 61, Card: 1
2025-08-05 11:22:41,519 - INFO - Telltale duration expired - Deck: 61, Card: 0
2025-08-05 11:22:41,519 - INFO - Telltale duration expired - Deck: 60, Card: 9
2025-08-05 11:22:41,520 - INFO - Telltale duration expired - Deck: 60, Card: 8
2025-08-05 11:22:41,520 - INFO - Telltale duration expired - Deck: 60, Card: 7
2025-08-05 11:22:41,520 - INFO - Telltale duration expired - Deck: 60, Card: 6
2025-08-05 11:22:41,520 - INFO - Telltale duration expired - Deck: 60, Card: 5
2025-08-05 11:22:41,520 - INFO - Telltale duration expired - Deck: 60, Card: 4
2025-08-05 11:22:41,520 - INFO - Telltale duration expired - Deck: 60, Card: 3
2025-08-05 11:22:41,521 - INFO - Telltale duration expired - Deck: 60, Card: 2
2025-08-05 11:22:41,521 - INFO - Telltale duration expired - Deck: 60, Card: 1
2025-08-05 11:22:41,521 - INFO - Telltale duration expired - Deck: 60, Card: 0
2025-08-05 11:22:41,521 - INFO - Telltale duration expired - Deck: 59, Card: 9
2025-08-05 11:22:41,521 - INFO - Telltale duration expired - Deck: 59, Card: 8
2025-08-05 11:22:41,521 - INFO - Telltale duration expired - Deck: 59, Card: 7
2025-08-05 11:22:41,522 - INFO - Telltale duration expired - Deck: 59, Card: 6
2025-08-05 11:22:41,522 - INFO - Telltale duration expired - Deck: 59, Card: 5
2025-08-05 11:22:41,522 - INFO - Telltale duration expired - Deck: 59, Card: 4
2025-08-05 11:22:41,522 - INFO - Telltale duration expired - Deck: 59, Card: 3
2025-08-05 11:22:41,522 - INFO - Telltale duration expired - Deck: 59, Card: 2
2025-08-05 11:22:41,522 - INFO - Telltale duration expired - Deck: 59, Card: 1
2025-08-05 11:22:41,522 - INFO - Telltale duration expired - Deck: 59, Card: 0
2025-08-05 11:22:41,522 - INFO - Telltale duration expired - Deck: 58, Card: 9
2025-08-05 11:22:41,523 - INFO - Telltale duration expired - Deck: 58, Card: 8
2025-08-05 11:22:41,523 - INFO - Telltale duration expired - Deck: 58, Card: 7
2025-08-05 11:22:41,523 - INFO - Telltale duration expired - Deck: 58, Card: 6
2025-08-05 11:22:41,523 - INFO - Telltale duration expired - Deck: 58, Card: 5
2025-08-05 11:22:41,523 - INFO - Telltale duration expired - Deck: 58, Card: 4
2025-08-05 11:22:41,523 - INFO - Telltale duration expired - Deck: 58, Card: 3
2025-08-05 11:22:41,523 - INFO - Telltale duration expired - Deck: 58, Card: 2
2025-08-05 11:22:41,524 - INFO - Telltale duration expired - Deck: 58, Card: 1
2025-08-05 11:22:41,524 - INFO - Telltale duration expired - Deck: 58, Card: 0
2025-08-05 11:22:41,524 - INFO - Telltale duration expired - Deck: 57, Card: 9
2025-08-05 11:22:41,524 - INFO - Telltale duration expired - Deck: 57, Card: 8
2025-08-05 11:22:41,524 - INFO - Telltale duration expired - Deck: 57, Card: 7
2025-08-05 11:22:41,524 - INFO - Telltale duration expired - Deck: 57, Card: 6
2025-08-05 11:22:41,524 - INFO - Telltale duration expired - Deck: 57, Card: 5
2025-08-05 11:22:41,525 - INFO - Telltale duration expired - Deck: 57, Card: 4
2025-08-05 11:22:41,525 - INFO - Telltale duration expired - Deck: 57, Card: 3
2025-08-05 11:22:41,525 - INFO - Telltale duration expired - Deck: 57, Card: 2
2025-08-05 11:22:41,525 - INFO - Telltale duration expired - Deck: 57, Card: 1
2025-08-05 11:22:41,525 - INFO - Telltale duration expired - Deck: 57, Card: 0
2025-08-05 11:22:41,525 - INFO - Telltale duration expired - Deck: 56, Card: 9
2025-08-05 11:22:41,525 - INFO - Telltale duration expired - Deck: 56, Card: 8
2025-08-05 11:22:41,525 - INFO - Telltale duration expired - Deck: 56, Card: 7
2025-08-05 11:22:41,526 - INFO - Telltale duration expired - Deck: 56, Card: 6
2025-08-05 11:22:41,526 - INFO - Telltale duration expired - Deck: 56, Card: 5
2025-08-05 11:22:41,526 - INFO - Telltale duration expired - Deck: 56, Card: 4
2025-08-05 11:22:41,526 - INFO - Telltale duration expired - Deck: 56, Card: 3
2025-08-05 11:22:41,526 - INFO - Telltale duration expired - Deck: 56, Card: 2
2025-08-05 11:22:46,484 - INFO - Telltale duration expired - Deck: 52, Card: 1
2025-08-05 11:22:46,484 - INFO - Telltale duration expired - Deck: 52, Card: 0
2025-08-05 11:22:46,484 - INFO - Telltale duration expired - Deck: 51, Card: 9
2025-08-05 11:22:46,485 - INFO - Telltale duration expired - Deck: 51, Card: 8
2025-08-05 11:22:46,485 - INFO - Telltale duration expired - Deck: 51, Card: 7
2025-08-05 11:22:46,485 - INFO - Telltale duration expired - Deck: 51, Card: 6
2025-08-05 11:22:46,485 - INFO - Telltale duration expired - Deck: 51, Card: 5
2025-08-05 11:22:46,486 - INFO - Telltale duration expired - Deck: 51, Card: 4
2025-08-05 11:22:46,486 - INFO - Telltale duration expired - Deck: 51, Card: 3
2025-08-05 11:22:46,486 - INFO - Telltale duration expired - Deck: 51, Card: 2
2025-08-05 11:22:46,486 - INFO - Telltale duration expired - Deck: 51, Card: 1
2025-08-05 11:22:46,486 - INFO - Telltale duration expired - Deck: 51, Card: 0
2025-08-05 11:22:46,487 - INFO - Telltale duration expired - Deck: 50, Card: 9
2025-08-05 11:22:46,487 - INFO - Telltale duration expired - Deck: 50, Card: 8
2025-08-05 11:22:46,487 - INFO - Telltale duration expired - Deck: 50, Card: 7
2025-08-05 11:22:46,487 - INFO - Telltale duration expired - Deck: 50, Card: 6
2025-08-05 11:22:46,487 - INFO - Telltale duration expired - Deck: 50, Card: 5
2025-08-05 11:22:46,488 - INFO - Telltale duration expired - Deck: 50, Card: 4
2025-08-05 11:22:46,488 - INFO - Telltale duration expired - Deck: 50, Card: 3
2025-08-05 11:22:46,488 - INFO - Telltale duration expired - Deck: 50, Card: 2
2025-08-05 11:22:46,488 - INFO - Telltale duration expired - Deck: 50, Card: 1
2025-08-05 11:22:46,488 - INFO - Telltale duration expired - Deck: 50, Card: 0
2025-08-05 11:22:46,500 - INFO - Playing chime: ChimeInfo(engine_check, Deck:51, Card:2, ID:51_2)
2025-08-05 11:22:46,501 - INFO - Telltale duration expired - Deck: 56, Card: 1
2025-08-05 11:22:46,501 - INFO - Telltale duration expired - Deck: 56, Card: 0
2025-08-05 11:22:46,501 - INFO - Telltale duration expired - Deck: 55, Card: 9
2025-08-05 11:22:46,501 - INFO - Telltale duration expired - Deck: 55, Card: 8
2025-08-05 11:22:46,502 - INFO - Telltale duration expired - Deck: 55, Card: 7
2025-08-05 11:22:46,502 - INFO - Telltale duration expired - Deck: 55, Card: 6
2025-08-05 11:22:46,502 - INFO - Telltale duration expired - Deck: 55, Card: 5
2025-08-05 11:22:46,502 - INFO - Telltale duration expired - Deck: 55, Card: 4
2025-08-05 11:22:46,503 - INFO - Telltale duration expired - Deck: 55, Card: 3
2025-08-05 11:22:46,503 - INFO - Telltale duration expired - Deck: 55, Card: 2
2025-08-05 11:22:46,503 - INFO - Telltale duration expired - Deck: 55, Card: 0
2025-08-05 11:22:46,503 - INFO - Telltale duration expired - Deck: 54, Card: 9
2025-08-05 11:22:46,504 - INFO - Telltale duration expired - Deck: 54, Card: 8
2025-08-05 11:22:46,504 - INFO - Telltale duration expired - Deck: 54, Card: 7
2025-08-05 11:22:46,504 - INFO - Telltale duration expired - Deck: 54, Card: 6
2025-08-05 11:22:46,505 - INFO - Telltale duration expired - Deck: 54, Card: 5
2025-08-05 11:22:46,505 - INFO - Telltale duration expired - Deck: 54, Card: 4
2025-08-05 11:22:46,505 - INFO - Telltale duration expired - Deck: 54, Card: 3
2025-08-05 11:22:46,505 - INFO - Telltale duration expired - Deck: 54, Card: 2
2025-08-05 11:22:46,506 - INFO - Telltale duration expired - Deck: 54, Card: 1
2025-08-05 11:22:46,506 - INFO - Telltale duration expired - Deck: 54, Card: 0
2025-08-05 11:22:46,506 - INFO - Telltale duration expired - Deck: 53, Card: 9
2025-08-05 11:22:46,506 - INFO - Telltale duration expired - Deck: 53, Card: 8
2025-08-05 11:22:46,506 - INFO - Telltale duration expired - Deck: 53, Card: 7
2025-08-05 11:22:46,507 - INFO - Telltale duration expired - Deck: 53, Card: 6
2025-08-05 11:22:46,507 - INFO - Telltale duration expired - Deck: 53, Card: 5
2025-08-05 11:22:46,507 - INFO - Telltale duration expired - Deck: 53, Card: 4
2025-08-05 11:22:46,507 - INFO - Telltale duration expired - Deck: 53, Card: 3
2025-08-05 11:22:46,507 - INFO - Telltale duration expired - Deck: 53, Card: 2
2025-08-05 11:22:46,507 - INFO - Telltale duration expired - Deck: 53, Card: 1
2025-08-05 11:22:46,508 - INFO - Telltale duration expired - Deck: 53, Card: 0
2025-08-05 11:22:46,508 - INFO - Telltale duration expired - Deck: 52, Card: 9
2025-08-05 11:22:46,508 - INFO - Telltale duration expired - Deck: 52, Card: 8
2025-08-05 11:22:46,508 - INFO - Telltale duration expired - Deck: 52, Card: 7
2025-08-05 11:22:46,508 - INFO - Telltale duration expired - Deck: 52, Card: 6
2025-08-05 11:22:46,509 - INFO - Telltale duration expired - Deck: 52, Card: 5
2025-08-05 11:22:46,509 - INFO - Telltale duration expired - Deck: 52, Card: 4
2025-08-05 11:22:46,509 - INFO - Telltale duration expired - Deck: 52, Card: 3
2025-08-05 11:22:46,509 - INFO - Telltale duration expired - Deck: 52, Card: 2
2025-08-05 11:22:46,516 - INFO - Telltale duration expired - Deck: 61, Card: 9
2025-08-05 11:22:46,516 - INFO - Telltale duration expired - Deck: 61, Card: 8
2025-08-05 11:22:46,516 - INFO - Telltale duration expired - Deck: 61, Card: 7
2025-08-05 11:22:46,517 - INFO - Telltale duration expired - Deck: 61, Card: 6
2025-08-05 11:22:46,517 - INFO - Telltale duration expired - Deck: 61, Card: 5
2025-08-05 11:22:46,517 - INFO - Telltale duration expired - Deck: 61, Card: 4
2025-08-05 11:22:46,517 - INFO - Telltale duration expired - Deck: 61, Card: 3
2025-08-05 11:22:46,518 - INFO - Telltale duration expired - Deck: 61, Card: 2
2025-08-05 11:22:46,518 - INFO - Telltale duration expired - Deck: 61, Card: 1
2025-08-05 11:22:46,518 - INFO - Telltale duration expired - Deck: 61, Card: 0
2025-08-05 11:22:46,518 - INFO - Telltale duration expired - Deck: 60, Card: 9
2025-08-05 11:22:46,519 - INFO - Telltale duration expired - Deck: 60, Card: 8
2025-08-05 11:22:46,519 - INFO - Telltale duration expired - Deck: 60, Card: 7
2025-08-05 11:22:46,519 - INFO - Telltale duration expired - Deck: 60, Card: 6
2025-08-05 11:22:46,520 - INFO - Telltale duration expired - Deck: 60, Card: 5
2025-08-05 11:22:46,520 - INFO - Telltale duration expired - Deck: 60, Card: 4
2025-08-05 11:22:46,520 - INFO - Telltale duration expired - Deck: 60, Card: 3
2025-08-05 11:22:46,521 - INFO - Telltale duration expired - Deck: 60, Card: 2
2025-08-05 11:22:46,521 - INFO - Telltale duration expired - Deck: 60, Card: 1
2025-08-05 11:22:46,521 - INFO - Telltale duration expired - Deck: 60, Card: 0
2025-08-05 11:22:46,521 - INFO - Telltale duration expired - Deck: 59, Card: 9
2025-08-05 11:22:46,521 - INFO - Telltale duration expired - Deck: 59, Card: 8
2025-08-05 11:22:46,522 - INFO - Telltale duration expired - Deck: 59, Card: 7
2025-08-05 11:22:46,522 - INFO - Telltale duration expired - Deck: 59, Card: 6
2025-08-05 11:22:46,522 - INFO - Telltale duration expired - Deck: 59, Card: 5
2025-08-05 11:22:46,522 - INFO - Telltale duration expired - Deck: 59, Card: 4
2025-08-05 11:22:46,522 - INFO - Telltale duration expired - Deck: 59, Card: 3
2025-08-05 11:22:46,522 - INFO - Telltale duration expired - Deck: 59, Card: 2
2025-08-05 11:22:46,523 - INFO - Telltale duration expired - Deck: 59, Card: 1
2025-08-05 11:22:46,523 - INFO - Telltale duration expired - Deck: 59, Card: 0
2025-08-05 11:22:46,523 - INFO - Telltale duration expired - Deck: 58, Card: 9
2025-08-05 11:22:46,523 - INFO - Telltale duration expired - Deck: 58, Card: 8
2025-08-05 11:22:46,523 - INFO - Telltale duration expired - Deck: 58, Card: 7
2025-08-05 11:22:46,524 - INFO - Telltale duration expired - Deck: 58, Card: 6
2025-08-05 11:22:46,524 - INFO - Telltale duration expired - Deck: 58, Card: 5
2025-08-05 11:22:46,524 - INFO - Telltale duration expired - Deck: 58, Card: 4
2025-08-05 11:22:46,524 - INFO - Telltale duration expired - Deck: 58, Card: 3
2025-08-05 11:22:46,524 - INFO - Telltale duration expired - Deck: 58, Card: 2
2025-08-05 11:22:46,525 - INFO - Telltale duration expired - Deck: 58, Card: 1
2025-08-05 11:22:46,525 - INFO - Telltale duration expired - Deck: 58, Card: 0
2025-08-05 11:22:46,525 - INFO - Telltale duration expired - Deck: 57, Card: 9
2025-08-05 11:22:46,525 - INFO - Telltale duration expired - Deck: 57, Card: 8
2025-08-05 11:22:46,525 - INFO - Telltale duration expired - Deck: 57, Card: 7
2025-08-05 11:22:46,525 - INFO - Telltale duration expired - Deck: 57, Card: 6
2025-08-05 11:22:46,525 - INFO - Telltale duration expired - Deck: 57, Card: 5
2025-08-05 11:22:46,526 - INFO - Telltale duration expired - Deck: 57, Card: 4
2025-08-05 11:22:46,526 - INFO - Telltale duration expired - Deck: 57, Card: 3
2025-08-05 11:22:46,526 - INFO - Telltale duration expired - Deck: 57, Card: 2
2025-08-05 11:22:46,526 - INFO - Telltale duration expired - Deck: 57, Card: 1
2025-08-05 11:22:46,526 - INFO - Telltale duration expired - Deck: 57, Card: 0
2025-08-05 11:22:46,526 - INFO - Telltale duration expired - Deck: 56, Card: 9
2025-08-05 11:22:46,526 - INFO - Telltale duration expired - Deck: 56, Card: 8
2025-08-05 11:22:46,527 - INFO - Telltale duration expired - Deck: 56, Card: 7
2025-08-05 11:22:46,527 - INFO - Telltale duration expired - Deck: 56, Card: 6
2025-08-05 11:22:46,527 - INFO - Telltale duration expired - Deck: 56, Card: 5
2025-08-05 11:22:46,527 - INFO - Telltale duration expired - Deck: 56, Card: 4
2025-08-05 11:22:46,527 - INFO - Telltale duration expired - Deck: 56, Card: 3
2025-08-05 11:22:46,527 - INFO - Telltale duration expired - Deck: 56, Card: 2
2025-08-05 11:22:48,366 - INFO - All telltales cleared
2025-08-05 11:22:48,366 - INFO - Test 1: FIFO queue test initiated
2025-08-05 11:22:49,038 - INFO - Playing chime again: ChimeInfo(engine_check, Deck:51, Card:2, ID:51_2)
2025-08-05 11:22:51,488 - INFO - Telltale duration expired - Deck: 52, Card: 1
2025-08-05 11:22:51,489 - INFO - Telltale duration expired - Deck: 52, Card: 0
2025-08-05 11:22:51,489 - INFO - Telltale duration expired - Deck: 51, Card: 9
2025-08-05 11:22:51,489 - INFO - Telltale duration expired - Deck: 51, Card: 8
2025-08-05 11:22:51,489 - INFO - Telltale duration expired - Deck: 51, Card: 7
2025-08-05 11:22:51,489 - INFO - Telltale duration expired - Deck: 51, Card: 6
2025-08-05 11:22:51,490 - INFO - Telltale duration expired - Deck: 51, Card: 5
2025-08-05 11:22:51,490 - INFO - Telltale duration expired - Deck: 51, Card: 4
2025-08-05 11:22:51,490 - INFO - Telltale duration expired - Deck: 51, Card: 3
2025-08-05 11:22:51,490 - INFO - Telltale duration expired - Deck: 51, Card: 2
2025-08-05 11:22:51,490 - INFO - Telltale duration expired - Deck: 51, Card: 1
2025-08-05 11:22:51,491 - INFO - Telltale duration expired - Deck: 51, Card: 0
2025-08-05 11:22:51,491 - INFO - Telltale duration expired - Deck: 50, Card: 9
2025-08-05 11:22:51,491 - INFO - Telltale duration expired - Deck: 50, Card: 8
2025-08-05 11:22:51,491 - INFO - Telltale duration expired - Deck: 50, Card: 7
2025-08-05 11:22:51,491 - INFO - Telltale duration expired - Deck: 50, Card: 6
2025-08-05 11:22:51,491 - INFO - Telltale duration expired - Deck: 50, Card: 5
2025-08-05 11:22:51,492 - INFO - Telltale duration expired - Deck: 50, Card: 4
2025-08-05 11:22:51,492 - INFO - Telltale duration expired - Deck: 50, Card: 3
2025-08-05 11:22:51,492 - INFO - Telltale duration expired - Deck: 50, Card: 2
2025-08-05 11:22:51,492 - INFO - Telltale duration expired - Deck: 50, Card: 1
2025-08-05 11:22:51,492 - INFO - Telltale duration expired - Deck: 50, Card: 0
2025-08-05 11:22:51,504 - INFO - Telltale duration expired - Deck: 56, Card: 1
2025-08-05 11:22:51,505 - INFO - Telltale duration expired - Deck: 56, Card: 0
2025-08-05 11:22:51,505 - INFO - Telltale duration expired - Deck: 55, Card: 9
2025-08-05 11:22:51,505 - INFO - Telltale duration expired - Deck: 55, Card: 8
2025-08-05 11:22:51,505 - INFO - Telltale duration expired - Deck: 55, Card: 7
2025-08-05 11:22:51,506 - INFO - Telltale duration expired - Deck: 55, Card: 6
2025-08-05 11:22:51,506 - INFO - Telltale duration expired - Deck: 55, Card: 5
2025-08-05 11:22:51,506 - INFO - Telltale duration expired - Deck: 55, Card: 4
2025-08-05 11:22:51,506 - INFO - Telltale duration expired - Deck: 55, Card: 3
2025-08-05 11:22:51,507 - INFO - Telltale duration expired - Deck: 55, Card: 2
2025-08-05 11:22:51,507 - INFO - Telltale duration expired - Deck: 55, Card: 0
2025-08-05 11:22:51,507 - INFO - Telltale duration expired - Deck: 54, Card: 9
2025-08-05 11:22:51,507 - INFO - Telltale duration expired - Deck: 54, Card: 8
2025-08-05 11:22:51,507 - INFO - Telltale duration expired - Deck: 54, Card: 7
2025-08-05 11:22:51,507 - INFO - Telltale duration expired - Deck: 54, Card: 6
2025-08-05 11:22:51,508 - INFO - Telltale duration expired - Deck: 54, Card: 5
2025-08-05 11:22:51,508 - INFO - Telltale duration expired - Deck: 54, Card: 4
2025-08-05 11:22:51,508 - INFO - Telltale duration expired - Deck: 54, Card: 3
2025-08-05 11:22:51,508 - INFO - Telltale duration expired - Deck: 54, Card: 2
2025-08-05 11:22:51,508 - INFO - Telltale duration expired - Deck: 54, Card: 1
2025-08-05 11:22:51,508 - INFO - Telltale duration expired - Deck: 54, Card: 0
2025-08-05 11:22:51,509 - INFO - Telltale duration expired - Deck: 53, Card: 9
2025-08-05 11:22:51,509 - INFO - Telltale duration expired - Deck: 53, Card: 8
2025-08-05 11:22:51,509 - INFO - Telltale duration expired - Deck: 53, Card: 7
2025-08-05 11:22:51,509 - INFO - Telltale duration expired - Deck: 53, Card: 6
2025-08-05 11:22:51,509 - INFO - Telltale duration expired - Deck: 53, Card: 5
2025-08-05 11:22:51,509 - INFO - Telltale duration expired - Deck: 53, Card: 4
2025-08-05 11:22:51,509 - INFO - Telltale duration expired - Deck: 53, Card: 3
2025-08-05 11:22:51,510 - INFO - Telltale duration expired - Deck: 53, Card: 2
2025-08-05 11:22:51,510 - INFO - Telltale duration expired - Deck: 53, Card: 1
2025-08-05 11:22:51,510 - INFO - Telltale duration expired - Deck: 53, Card: 0
2025-08-05 11:22:51,510 - INFO - Telltale duration expired - Deck: 52, Card: 9
2025-08-05 11:22:51,510 - INFO - Telltale duration expired - Deck: 52, Card: 8
2025-08-05 11:22:51,510 - INFO - Telltale duration expired - Deck: 52, Card: 7
2025-08-05 11:22:51,511 - INFO - Telltale duration expired - Deck: 52, Card: 6
2025-08-05 11:22:51,511 - INFO - Telltale duration expired - Deck: 52, Card: 5
2025-08-05 11:22:51,511 - INFO - Telltale duration expired - Deck: 52, Card: 4
2025-08-05 11:22:51,511 - INFO - Telltale duration expired - Deck: 52, Card: 3
2025-08-05 11:22:51,511 - INFO - Telltale duration expired - Deck: 52, Card: 2
2025-08-05 11:22:51,520 - INFO - Telltale duration expired - Deck: 61, Card: 9
2025-08-05 11:22:51,520 - INFO - Telltale duration expired - Deck: 61, Card: 8
2025-08-05 11:22:51,521 - INFO - Telltale duration expired - Deck: 61, Card: 7
2025-08-05 11:22:51,521 - INFO - Telltale duration expired - Deck: 61, Card: 6
2025-08-05 11:22:51,521 - INFO - Telltale duration expired - Deck: 61, Card: 5
2025-08-05 11:22:51,522 - INFO - Telltale duration expired - Deck: 61, Card: 4
2025-08-05 11:22:51,522 - INFO - Telltale duration expired - Deck: 61, Card: 3
2025-08-05 11:22:51,522 - INFO - Telltale duration expired - Deck: 61, Card: 2
2025-08-05 11:22:51,522 - INFO - Telltale duration expired - Deck: 61, Card: 1
2025-08-05 11:22:51,522 - INFO - Telltale duration expired - Deck: 61, Card: 0
2025-08-05 11:22:51,523 - INFO - Telltale duration expired - Deck: 60, Card: 9
2025-08-05 11:22:51,523 - INFO - Telltale duration expired - Deck: 60, Card: 8
2025-08-05 11:22:51,523 - INFO - Telltale duration expired - Deck: 60, Card: 7
2025-08-05 11:22:51,523 - INFO - Telltale duration expired - Deck: 60, Card: 6
2025-08-05 11:22:51,523 - INFO - Telltale duration expired - Deck: 60, Card: 5
2025-08-05 11:22:51,524 - INFO - Telltale duration expired - Deck: 60, Card: 4
2025-08-05 11:22:51,524 - INFO - Telltale duration expired - Deck: 60, Card: 3
2025-08-05 11:22:51,524 - INFO - Telltale duration expired - Deck: 60, Card: 2
2025-08-05 11:22:51,524 - INFO - Telltale duration expired - Deck: 60, Card: 1
2025-08-05 11:22:51,524 - INFO - Telltale duration expired - Deck: 60, Card: 0
2025-08-05 11:22:51,524 - INFO - Telltale duration expired - Deck: 59, Card: 9
2025-08-05 11:22:51,525 - INFO - Telltale duration expired - Deck: 59, Card: 8
2025-08-05 11:22:51,525 - INFO - Telltale duration expired - Deck: 59, Card: 7
2025-08-05 11:22:51,525 - INFO - Telltale duration expired - Deck: 59, Card: 6
2025-08-05 11:22:51,525 - INFO - Telltale duration expired - Deck: 59, Card: 5
2025-08-05 11:22:51,525 - INFO - Telltale duration expired - Deck: 59, Card: 4
2025-08-05 11:22:51,525 - INFO - Telltale duration expired - Deck: 59, Card: 3
2025-08-05 11:22:51,526 - INFO - Telltale duration expired - Deck: 59, Card: 2
2025-08-05 11:22:51,526 - INFO - Telltale duration expired - Deck: 59, Card: 1
2025-08-05 11:22:51,526 - INFO - Telltale duration expired - Deck: 59, Card: 0
2025-08-05 11:22:51,526 - INFO - Telltale duration expired - Deck: 58, Card: 9
2025-08-05 11:22:51,526 - INFO - Telltale duration expired - Deck: 58, Card: 8
2025-08-05 11:22:51,526 - INFO - Telltale duration expired - Deck: 58, Card: 7
2025-08-05 11:22:51,526 - INFO - Telltale duration expired - Deck: 58, Card: 6
2025-08-05 11:22:51,527 - INFO - Telltale duration expired - Deck: 58, Card: 5
2025-08-05 11:22:51,527 - INFO - Telltale duration expired - Deck: 58, Card: 4
2025-08-05 11:22:51,527 - INFO - Telltale duration expired - Deck: 58, Card: 3
2025-08-05 11:22:51,527 - INFO - Telltale duration expired - Deck: 58, Card: 2
2025-08-05 11:22:51,527 - INFO - Telltale duration expired - Deck: 58, Card: 1
2025-08-05 11:22:51,527 - INFO - Telltale duration expired - Deck: 58, Card: 0
2025-08-05 11:22:51,527 - INFO - Telltale duration expired - Deck: 57, Card: 9
2025-08-05 11:22:51,527 - INFO - Telltale duration expired - Deck: 57, Card: 8
2025-08-05 11:22:51,528 - INFO - Telltale duration expired - Deck: 57, Card: 7
2025-08-05 11:22:51,528 - INFO - Telltale duration expired - Deck: 57, Card: 6
2025-08-05 11:22:51,528 - INFO - Telltale duration expired - Deck: 57, Card: 5
2025-08-05 11:22:51,528 - INFO - Telltale duration expired - Deck: 57, Card: 4
2025-08-05 11:22:51,528 - INFO - Telltale duration expired - Deck: 57, Card: 3
2025-08-05 11:22:51,528 - INFO - Telltale duration expired - Deck: 57, Card: 2
2025-08-05 11:22:51,528 - INFO - Telltale duration expired - Deck: 57, Card: 1
2025-08-05 11:22:51,529 - INFO - Telltale duration expired - Deck: 57, Card: 0
2025-08-05 11:22:51,529 - INFO - Telltale duration expired - Deck: 56, Card: 9
2025-08-05 11:22:51,529 - INFO - Telltale duration expired - Deck: 56, Card: 8
2025-08-05 11:22:51,529 - INFO - Telltale duration expired - Deck: 56, Card: 7
2025-08-05 11:22:51,529 - INFO - Telltale duration expired - Deck: 56, Card: 6
2025-08-05 11:22:51,529 - INFO - Telltale duration expired - Deck: 56, Card: 5
2025-08-05 11:22:51,529 - INFO - Telltale duration expired - Deck: 56, Card: 4
2025-08-05 11:22:51,529 - INFO - Telltale duration expired - Deck: 56, Card: 3
2025-08-05 11:22:51,530 - INFO - Telltale duration expired - Deck: 56, Card: 2
2025-08-05 11:22:53,241 - INFO - All telltales cleared
2025-08-05 11:22:53,241 - INFO - Test 2: Blinker parallel test initiated
2025-08-05 11:22:53,721 - INFO - All telltales cleared
2025-08-05 11:22:53,721 - INFO - Test 3: Mixed chime types test initiated
2025-08-05 11:22:54,170 - INFO - All telltales cleared
2025-08-05 11:22:54,171 - INFO - Test 4: Blinker with queue test initiated
2025-08-05 11:22:54,853 - INFO - All telltales cleared
2025-08-05 11:22:55,756 - INFO - Playing chime: ChimeInfo(jeep_seatbelt_alert, Deck:52, Card:2, ID:52_2)
2025-08-05 11:22:56,317 - INFO - All telltales cleared
2025-08-05 11:22:56,484 - INFO - Telltale duration expired - Deck: 52, Card: 1
2025-08-05 11:22:56,484 - INFO - Telltale duration expired - Deck: 52, Card: 0
2025-08-05 11:22:56,485 - INFO - Telltale duration expired - Deck: 51, Card: 9
2025-08-05 11:22:56,485 - INFO - Telltale duration expired - Deck: 51, Card: 8
2025-08-05 11:22:56,485 - INFO - Telltale duration expired - Deck: 51, Card: 7
2025-08-05 11:22:56,485 - INFO - Telltale duration expired - Deck: 51, Card: 6
2025-08-05 11:22:56,486 - INFO - Telltale duration expired - Deck: 51, Card: 5
2025-08-05 11:22:56,486 - INFO - Telltale duration expired - Deck: 51, Card: 4
2025-08-05 11:22:56,486 - INFO - Telltale duration expired - Deck: 51, Card: 3
2025-08-05 11:22:56,486 - INFO - Telltale duration expired - Deck: 51, Card: 2
2025-08-05 11:22:56,486 - INFO - Telltale duration expired - Deck: 51, Card: 1
2025-08-05 11:22:56,487 - INFO - Telltale duration expired - Deck: 51, Card: 0
2025-08-05 11:22:56,487 - INFO - Telltale duration expired - Deck: 50, Card: 9
2025-08-05 11:22:56,487 - INFO - Telltale duration expired - Deck: 50, Card: 8
2025-08-05 11:22:56,487 - INFO - Telltale duration expired - Deck: 50, Card: 7
2025-08-05 11:22:56,487 - INFO - Telltale duration expired - Deck: 50, Card: 6
2025-08-05 11:22:56,487 - INFO - Telltale duration expired - Deck: 50, Card: 5
2025-08-05 11:22:56,488 - INFO - Telltale duration expired - Deck: 50, Card: 4
2025-08-05 11:22:56,488 - INFO - Telltale duration expired - Deck: 50, Card: 3
2025-08-05 11:22:56,488 - INFO - Telltale duration expired - Deck: 50, Card: 2
2025-08-05 11:22:56,488 - INFO - Telltale duration expired - Deck: 50, Card: 1
2025-08-05 11:22:56,488 - INFO - Telltale duration expired - Deck: 50, Card: 0
2025-08-05 11:22:56,500 - INFO - Telltale duration expired - Deck: 56, Card: 1
2025-08-05 11:22:56,501 - INFO - Telltale duration expired - Deck: 56, Card: 0
2025-08-05 11:22:56,501 - INFO - Telltale duration expired - Deck: 55, Card: 9
2025-08-05 11:22:56,501 - INFO - Telltale duration expired - Deck: 55, Card: 8
2025-08-05 11:22:56,502 - INFO - Telltale duration expired - Deck: 55, Card: 7
2025-08-05 11:22:56,502 - INFO - Telltale duration expired - Deck: 55, Card: 6
2025-08-05 11:22:56,502 - INFO - Telltale duration expired - Deck: 55, Card: 5
2025-08-05 11:22:56,502 - INFO - Telltale duration expired - Deck: 55, Card: 4
2025-08-05 11:22:56,502 - INFO - Telltale duration expired - Deck: 55, Card: 3
2025-08-05 11:22:56,502 - INFO - Telltale duration expired - Deck: 55, Card: 2
2025-08-05 11:22:56,503 - INFO - Telltale duration expired - Deck: 55, Card: 0
2025-08-05 11:22:56,503 - INFO - Telltale duration expired - Deck: 54, Card: 9
2025-08-05 11:22:56,503 - INFO - Telltale duration expired - Deck: 54, Card: 8
2025-08-05 11:22:56,503 - INFO - Telltale duration expired - Deck: 54, Card: 7
2025-08-05 11:22:56,503 - INFO - Telltale duration expired - Deck: 54, Card: 6
2025-08-05 11:22:56,503 - INFO - Telltale duration expired - Deck: 54, Card: 5
2025-08-05 11:22:56,503 - INFO - Telltale duration expired - Deck: 54, Card: 4
2025-08-05 11:22:56,503 - INFO - Telltale duration expired - Deck: 54, Card: 3
2025-08-05 11:22:56,504 - INFO - Telltale duration expired - Deck: 54, Card: 2
2025-08-05 11:22:56,504 - INFO - Telltale duration expired - Deck: 54, Card: 1
2025-08-05 11:22:56,504 - INFO - Telltale duration expired - Deck: 54, Card: 0
2025-08-05 11:22:56,504 - INFO - Telltale duration expired - Deck: 53, Card: 9
2025-08-05 11:22:56,504 - INFO - Telltale duration expired - Deck: 53, Card: 8
2025-08-05 11:22:56,504 - INFO - Telltale duration expired - Deck: 53, Card: 7
2025-08-05 11:22:56,504 - INFO - Telltale duration expired - Deck: 53, Card: 6
2025-08-05 11:22:56,505 - INFO - Telltale duration expired - Deck: 53, Card: 5
2025-08-05 11:22:56,505 - INFO - Telltale duration expired - Deck: 53, Card: 4
2025-08-05 11:22:56,505 - INFO - Telltale duration expired - Deck: 53, Card: 3
2025-08-05 11:22:56,505 - INFO - Telltale duration expired - Deck: 53, Card: 2
2025-08-05 11:22:56,505 - INFO - Telltale duration expired - Deck: 53, Card: 1
2025-08-05 11:22:56,505 - INFO - Telltale duration expired - Deck: 53, Card: 0
2025-08-05 11:22:56,505 - INFO - Telltale duration expired - Deck: 52, Card: 9
2025-08-05 11:22:56,506 - INFO - Telltale duration expired - Deck: 52, Card: 8
2025-08-05 11:22:56,506 - INFO - Telltale duration expired - Deck: 52, Card: 7
2025-08-05 11:22:56,506 - INFO - Telltale duration expired - Deck: 52, Card: 6
2025-08-05 11:22:56,506 - INFO - Telltale duration expired - Deck: 52, Card: 5
2025-08-05 11:22:56,506 - INFO - Telltale duration expired - Deck: 52, Card: 4
2025-08-05 11:22:56,506 - INFO - Telltale duration expired - Deck: 52, Card: 3
2025-08-05 11:22:56,506 - INFO - Telltale duration expired - Deck: 52, Card: 2
2025-08-05 11:22:56,516 - INFO - Telltale duration expired - Deck: 61, Card: 9
2025-08-05 11:22:56,516 - INFO - Telltale duration expired - Deck: 61, Card: 8
2025-08-05 11:22:56,516 - INFO - Telltale duration expired - Deck: 61, Card: 7
2025-08-05 11:22:56,516 - INFO - Telltale duration expired - Deck: 61, Card: 6
2025-08-05 11:22:56,517 - INFO - Telltale duration expired - Deck: 61, Card: 5
2025-08-05 11:22:56,517 - INFO - Telltale duration expired - Deck: 61, Card: 4
2025-08-05 11:22:56,517 - INFO - Telltale duration expired - Deck: 61, Card: 3
2025-08-05 11:22:56,517 - INFO - Telltale duration expired - Deck: 61, Card: 2
2025-08-05 11:22:56,517 - INFO - Telltale duration expired - Deck: 61, Card: 1
2025-08-05 11:22:56,518 - INFO - Telltale duration expired - Deck: 61, Card: 0
2025-08-05 11:22:56,518 - INFO - Telltale duration expired - Deck: 60, Card: 9
2025-08-05 11:22:56,518 - INFO - Telltale duration expired - Deck: 60, Card: 8
2025-08-05 11:22:56,518 - INFO - Telltale duration expired - Deck: 60, Card: 7
2025-08-05 11:22:56,518 - INFO - Telltale duration expired - Deck: 60, Card: 6
2025-08-05 11:22:56,518 - INFO - Telltale duration expired - Deck: 60, Card: 5
2025-08-05 11:22:56,519 - INFO - Telltale duration expired - Deck: 60, Card: 4
2025-08-05 11:22:56,519 - INFO - Telltale duration expired - Deck: 60, Card: 3
2025-08-05 11:22:56,519 - INFO - Telltale duration expired - Deck: 60, Card: 2
2025-08-05 11:22:56,519 - INFO - Telltale duration expired - Deck: 60, Card: 1
2025-08-05 11:22:56,519 - INFO - Telltale duration expired - Deck: 60, Card: 0
2025-08-05 11:22:56,519 - INFO - Telltale duration expired - Deck: 59, Card: 9
2025-08-05 11:22:56,519 - INFO - Telltale duration expired - Deck: 59, Card: 8
2025-08-05 11:22:56,520 - INFO - Telltale duration expired - Deck: 59, Card: 7
2025-08-05 11:22:56,520 - INFO - Telltale duration expired - Deck: 59, Card: 6
2025-08-05 11:22:56,520 - INFO - Telltale duration expired - Deck: 59, Card: 5
2025-08-05 11:22:56,520 - INFO - Telltale duration expired - Deck: 59, Card: 4
2025-08-05 11:22:56,520 - INFO - Telltale duration expired - Deck: 59, Card: 3
2025-08-05 11:22:56,520 - INFO - Telltale duration expired - Deck: 59, Card: 2
2025-08-05 11:22:56,520 - INFO - Telltale duration expired - Deck: 59, Card: 1
2025-08-05 11:22:56,520 - INFO - Telltale duration expired - Deck: 59, Card: 0
2025-08-05 11:22:56,521 - INFO - Telltale duration expired - Deck: 58, Card: 9
2025-08-05 11:22:56,521 - INFO - Telltale duration expired - Deck: 58, Card: 8
2025-08-05 11:22:56,521 - INFO - Telltale duration expired - Deck: 58, Card: 7
2025-08-05 11:22:56,521 - INFO - Telltale duration expired - Deck: 58, Card: 6
2025-08-05 11:22:56,521 - INFO - Telltale duration expired - Deck: 58, Card: 5
2025-08-05 11:22:56,521 - INFO - Telltale duration expired - Deck: 58, Card: 4
2025-08-05 11:22:56,521 - INFO - Telltale duration expired - Deck: 58, Card: 3
2025-08-05 11:22:56,522 - INFO - Telltale duration expired - Deck: 58, Card: 2
2025-08-05 11:22:56,522 - INFO - Telltale duration expired - Deck: 58, Card: 1
2025-08-05 11:22:56,522 - INFO - Telltale duration expired - Deck: 58, Card: 0
2025-08-05 11:22:56,522 - INFO - Telltale duration expired - Deck: 57, Card: 9
2025-08-05 11:22:56,522 - INFO - Telltale duration expired - Deck: 57, Card: 8
2025-08-05 11:22:56,522 - INFO - Telltale duration expired - Deck: 57, Card: 7
2025-08-05 11:22:56,522 - INFO - Telltale duration expired - Deck: 57, Card: 6
2025-08-05 11:22:56,523 - INFO - Telltale duration expired - Deck: 57, Card: 5
2025-08-05 11:22:56,523 - INFO - Telltale duration expired - Deck: 57, Card: 4
2025-08-05 11:22:56,523 - INFO - Telltale duration expired - Deck: 57, Card: 3
2025-08-05 11:22:56,523 - INFO - Telltale duration expired - Deck: 57, Card: 2
2025-08-05 11:22:56,523 - INFO - Telltale duration expired - Deck: 57, Card: 1
2025-08-05 11:22:56,523 - INFO - Telltale duration expired - Deck: 57, Card: 0
2025-08-05 11:22:56,523 - INFO - Telltale duration expired - Deck: 56, Card: 9
2025-08-05 11:22:56,524 - INFO - Telltale duration expired - Deck: 56, Card: 8
2025-08-05 11:22:56,524 - INFO - Telltale duration expired - Deck: 56, Card: 7
2025-08-05 11:22:56,524 - INFO - Telltale duration expired - Deck: 56, Card: 6
2025-08-05 11:22:56,524 - INFO - Telltale duration expired - Deck: 56, Card: 5
2025-08-05 11:22:56,524 - INFO - Telltale duration expired - Deck: 56, Card: 4
2025-08-05 11:22:56,524 - INFO - Telltale duration expired - Deck: 56, Card: 3
2025-08-05 11:22:56,524 - INFO - Telltale duration expired - Deck: 56, Card: 2
