2025-08-05 11:21:46,749 - INFO - ChimeQueueHandler initialized
2025-08-05 11:21:46,814 - INFO - Chime enqueued: ChimeInfo(engine_check, Deck:51, Card:1, ID:51_1)
2025-08-05 11:21:46,823 - INFO - Playing chime: ChimeInfo(engine_check, Deck:51, Card:1, ID:51_1)
2025-08-05 11:21:46,823 - INFO - Chime setup - Deck: 51, Card: 1, Chime: engine_check
2025-08-05 11:21:46,824 - INFO - Chime enqueued: ChimeInfo(engine_check, Deck:51, Card:2, ID:51_2)
2025-08-05 11:21:46,824 - INFO - Chime setup - Deck: 51, Card: 2, Chime: engine_check
2025-08-05 11:21:46,826 - INFO - Chime enqueued: ChimeInfo(jeep_seatbelt_alert, Deck:52, Card:2, ID:52_2)
2025-08-05 11:21:46,831 - INFO - Chime setup - Deck: 52, Card: 2, Chime: jeep_seatbelt_alert
2025-08-05 11:21:46,832 - INFO - Chime enqueued: ChimeInfo(engine_check, Deck:53, Card:1, ID:53_1)
2025-08-05 11:21:46,832 - INFO - Chime setup - Deck: 53, Card: 1, Chime: engine_check
2025-08-05 11:21:46,833 - INFO - Chime enqueued: ChimeInfo(engine_check, Deck:53, Card:2, ID:53_2)
2025-08-05 11:21:46,833 - INFO - Chime setup - Deck: 53, Card: 2, Chime: engine_check
2025-08-05 11:21:46,839 - INFO - Playing blinker chime: ChimeInfo(blinker, Deck:54, Card:1, ID:54_1)
2025-08-05 11:21:46,839 - INFO - Chime setup - Deck: 54, Card: 1, Chime: blinker
2025-08-05 11:21:46,841 - INFO - Chime enqueued: ChimeInfo(jeep_seatbelt_alert, Deck:55, Card:1, ID:55_1)
2025-08-05 11:21:46,841 - INFO - Chime setup - Deck: 55, Card: 1, Chime: jeep_seatbelt_alert
2025-08-05 11:21:46,842 - INFO - Chime enqueued: ChimeInfo(jeep_seatbelt_alert, Deck:55, Card:2, ID:55_2)
2025-08-05 11:21:46,842 - INFO - Chime setup - Deck: 55, Card: 2, Chime: jeep_seatbelt_alert
2025-08-05 11:21:46,843 - INFO - Chime enqueued: ChimeInfo(low_fuel, Deck:56, Card:1, ID:56_1)
2025-08-05 11:21:46,844 - INFO - Chime setup - Deck: 56, Card: 1, Chime: low_fuel
2025-08-05 11:21:46,844 - INFO - Chime enqueued: ChimeInfo(engine_check, Deck:56, Card:2, ID:56_2)
2025-08-05 11:21:46,844 - INFO - Chime setup - Deck: 56, Card: 2, Chime: engine_check
2025-08-05 11:21:46,845 - INFO - Chime enqueued: ChimeInfo(engine_check, Deck:56, Card:3, ID:56_3)
2025-08-05 11:21:46,845 - INFO - Chime setup - Deck: 56, Card: 3, Chime: engine_check
2025-08-05 11:21:46,849 - INFO - Playing blinker chime: ChimeInfo(blinker, Deck:59, Card:1, ID:59_1)
2025-08-05 11:21:46,849 - INFO - Chime setup - Deck: 59, Card: 1, Chime: blinker
2025-08-05 11:21:46,850 - INFO - Playing blinker chime: ChimeInfo(blinker, Deck:60, Card:1, ID:60_1)
2025-08-05 11:21:46,851 - INFO - Chime setup - Deck: 60, Card: 1, Chime: blinker
2025-08-05 11:21:46,852 - INFO - Chime enqueued: ChimeInfo(engine_check, Deck:61, Card:2, ID:61_2)
2025-08-05 11:21:46,852 - INFO - Chime setup - Deck: 61, Card: 2, Chime: engine_check
2025-08-05 11:21:46,853 - INFO - Chime enqueued: ChimeInfo(engine_check, Deck:61, Card:3, ID:61_3)
2025-08-05 11:21:46,853 - INFO - Chime setup - Deck: 61, Card: 3, Chime: engine_check
2025-08-05 11:21:50,148 - INFO - Playing chime again: ChimeInfo(engine_check, Deck:51, Card:1, ID:51_1)
2025-08-05 11:21:51,814 - INFO - Telltale duration expired - Deck: 52, Card: 1
2025-08-05 11:21:51,815 - INFO - Telltale duration expired - Deck: 52, Card: 0
2025-08-05 11:21:51,815 - INFO - Telltale duration expired - Deck: 51, Card: 9
2025-08-05 11:21:51,815 - INFO - Telltale duration expired - Deck: 51, Card: 8
2025-08-05 11:21:51,816 - INFO - Telltale duration expired - Deck: 51, Card: 7
2025-08-05 11:21:51,816 - INFO - Telltale duration expired - Deck: 51, Card: 6
2025-08-05 11:21:51,816 - INFO - Telltale duration expired - Deck: 51, Card: 5
2025-08-05 11:21:51,817 - INFO - Telltale duration expired - Deck: 51, Card: 4
2025-08-05 11:21:51,817 - INFO - Telltale duration expired - Deck: 51, Card: 3
2025-08-05 11:21:51,817 - INFO - Telltale duration expired - Deck: 51, Card: 2
2025-08-05 11:21:51,817 - INFO - Telltale duration expired - Deck: 51, Card: 1
2025-08-05 11:21:51,817 - INFO - Telltale duration expired - Deck: 51, Card: 0
2025-08-05 11:21:51,818 - INFO - Telltale duration expired - Deck: 50, Card: 9
2025-08-05 11:21:51,818 - INFO - Telltale duration expired - Deck: 50, Card: 8
2025-08-05 11:21:51,818 - INFO - Telltale duration expired - Deck: 50, Card: 7
2025-08-05 11:21:51,818 - INFO - Telltale duration expired - Deck: 50, Card: 6
2025-08-05 11:21:51,819 - INFO - Telltale duration expired - Deck: 50, Card: 5
2025-08-05 11:21:51,819 - INFO - Telltale duration expired - Deck: 50, Card: 4
2025-08-05 11:21:51,819 - INFO - Telltale duration expired - Deck: 50, Card: 3
2025-08-05 11:21:51,819 - INFO - Telltale duration expired - Deck: 50, Card: 2
2025-08-05 11:21:51,819 - INFO - Telltale duration expired - Deck: 50, Card: 1
2025-08-05 11:21:51,820 - INFO - Telltale duration expired - Deck: 50, Card: 0
2025-08-05 11:21:51,829 - INFO - Telltale duration expired - Deck: 56, Card: 0
2025-08-05 11:21:51,830 - INFO - Telltale duration expired - Deck: 55, Card: 9
2025-08-05 11:21:51,830 - INFO - Telltale duration expired - Deck: 55, Card: 8
2025-08-05 11:21:51,830 - INFO - Telltale duration expired - Deck: 55, Card: 7
2025-08-05 11:21:51,830 - INFO - Telltale duration expired - Deck: 55, Card: 6
2025-08-05 11:21:51,831 - INFO - Telltale duration expired - Deck: 55, Card: 5
2025-08-05 11:21:51,831 - INFO - Telltale duration expired - Deck: 55, Card: 4
2025-08-05 11:21:51,831 - INFO - Telltale duration expired - Deck: 55, Card: 3
2025-08-05 11:21:51,831 - INFO - Telltale duration expired - Deck: 55, Card: 2
2025-08-05 11:21:51,832 - INFO - Telltale duration expired - Deck: 55, Card: 0
2025-08-05 11:21:51,832 - INFO - Telltale duration expired - Deck: 54, Card: 9
2025-08-05 11:21:51,832 - INFO - Telltale duration expired - Deck: 54, Card: 8
2025-08-05 11:21:51,832 - INFO - Telltale duration expired - Deck: 54, Card: 7
2025-08-05 11:21:51,832 - INFO - Telltale duration expired - Deck: 54, Card: 6
2025-08-05 11:21:51,833 - INFO - Telltale duration expired - Deck: 54, Card: 5
2025-08-05 11:21:51,833 - INFO - Telltale duration expired - Deck: 54, Card: 4
2025-08-05 11:21:51,833 - INFO - Telltale duration expired - Deck: 54, Card: 3
2025-08-05 11:21:51,834 - INFO - Telltale duration expired - Deck: 54, Card: 2
2025-08-05 11:21:51,834 - INFO - Telltale duration expired - Deck: 54, Card: 1
2025-08-05 11:21:51,834 - INFO - Telltale duration expired - Deck: 54, Card: 0
2025-08-05 11:21:51,834 - INFO - Telltale duration expired - Deck: 53, Card: 9
2025-08-05 11:21:51,834 - INFO - Telltale duration expired - Deck: 53, Card: 8
2025-08-05 11:21:51,835 - INFO - Telltale duration expired - Deck: 53, Card: 7
2025-08-05 11:21:51,835 - INFO - Telltale duration expired - Deck: 53, Card: 6
2025-08-05 11:21:51,835 - INFO - Telltale duration expired - Deck: 53, Card: 5
2025-08-05 11:21:51,835 - INFO - Telltale duration expired - Deck: 53, Card: 4
2025-08-05 11:21:51,835 - INFO - Telltale duration expired - Deck: 53, Card: 3
2025-08-05 11:21:51,836 - INFO - Telltale duration expired - Deck: 53, Card: 2
2025-08-05 11:21:51,836 - INFO - Telltale duration expired - Deck: 53, Card: 1
2025-08-05 11:21:51,836 - INFO - Telltale duration expired - Deck: 53, Card: 0
2025-08-05 11:21:51,836 - INFO - Telltale duration expired - Deck: 52, Card: 9
2025-08-05 11:21:51,836 - INFO - Telltale duration expired - Deck: 52, Card: 8
2025-08-05 11:21:51,836 - INFO - Telltale duration expired - Deck: 52, Card: 7
2025-08-05 11:21:51,837 - INFO - Telltale duration expired - Deck: 52, Card: 6
2025-08-05 11:21:51,837 - INFO - Telltale duration expired - Deck: 52, Card: 5
2025-08-05 11:21:51,837 - INFO - Telltale duration expired - Deck: 52, Card: 4
2025-08-05 11:21:51,837 - INFO - Telltale duration expired - Deck: 52, Card: 3
2025-08-05 11:21:51,837 - INFO - Telltale duration expired - Deck: 52, Card: 2
2025-08-05 11:21:51,845 - INFO - Telltale duration expired - Deck: 61, Card: 9
2025-08-05 11:21:51,845 - INFO - Telltale duration expired - Deck: 61, Card: 8
2025-08-05 11:21:51,846 - INFO - Telltale duration expired - Deck: 61, Card: 7
2025-08-05 11:21:51,846 - INFO - Telltale duration expired - Deck: 61, Card: 6
2025-08-05 11:21:51,846 - INFO - Telltale duration expired - Deck: 61, Card: 5
2025-08-05 11:21:51,846 - INFO - Telltale duration expired - Deck: 61, Card: 4
2025-08-05 11:21:51,847 - INFO - Telltale duration expired - Deck: 61, Card: 3
2025-08-05 11:21:51,847 - INFO - Telltale duration expired - Deck: 61, Card: 2
2025-08-05 11:21:51,847 - INFO - Telltale duration expired - Deck: 61, Card: 1
2025-08-05 11:21:51,847 - INFO - Telltale duration expired - Deck: 61, Card: 0
2025-08-05 11:21:51,848 - INFO - Telltale duration expired - Deck: 60, Card: 9
2025-08-05 11:21:51,848 - INFO - Telltale duration expired - Deck: 60, Card: 8
2025-08-05 11:21:51,848 - INFO - Telltale duration expired - Deck: 60, Card: 7
2025-08-05 11:21:51,848 - INFO - Telltale duration expired - Deck: 60, Card: 6
2025-08-05 11:21:51,848 - INFO - Telltale duration expired - Deck: 60, Card: 5
2025-08-05 11:21:51,849 - INFO - Telltale duration expired - Deck: 60, Card: 4
2025-08-05 11:21:51,849 - INFO - Telltale duration expired - Deck: 60, Card: 3
2025-08-05 11:21:51,849 - INFO - Telltale duration expired - Deck: 60, Card: 2
2025-08-05 11:21:51,849 - INFO - Telltale duration expired - Deck: 60, Card: 1
2025-08-05 11:21:51,849 - INFO - Telltale duration expired - Deck: 60, Card: 0
2025-08-05 11:21:51,850 - INFO - Telltale duration expired - Deck: 59, Card: 9
2025-08-05 11:21:51,850 - INFO - Telltale duration expired - Deck: 59, Card: 8
2025-08-05 11:21:51,850 - INFO - Telltale duration expired - Deck: 59, Card: 7
2025-08-05 11:21:51,850 - INFO - Telltale duration expired - Deck: 59, Card: 6
2025-08-05 11:21:51,850 - INFO - Telltale duration expired - Deck: 59, Card: 5
2025-08-05 11:21:51,851 - INFO - Telltale duration expired - Deck: 59, Card: 4
2025-08-05 11:21:51,851 - INFO - Telltale duration expired - Deck: 59, Card: 3
2025-08-05 11:21:51,851 - INFO - Telltale duration expired - Deck: 59, Card: 2
2025-08-05 11:21:51,851 - INFO - Telltale duration expired - Deck: 59, Card: 1
2025-08-05 11:21:51,851 - INFO - Telltale duration expired - Deck: 59, Card: 0
2025-08-05 11:21:51,852 - INFO - Telltale duration expired - Deck: 58, Card: 9
2025-08-05 11:21:51,852 - INFO - Telltale duration expired - Deck: 58, Card: 8
2025-08-05 11:21:51,852 - INFO - Telltale duration expired - Deck: 58, Card: 7
2025-08-05 11:21:51,852 - INFO - Telltale duration expired - Deck: 58, Card: 6
2025-08-05 11:21:51,852 - INFO - Telltale duration expired - Deck: 58, Card: 5
2025-08-05 11:21:51,853 - INFO - Telltale duration expired - Deck: 58, Card: 4
2025-08-05 11:21:51,853 - INFO - Telltale duration expired - Deck: 58, Card: 3
2025-08-05 11:21:51,853 - INFO - Telltale duration expired - Deck: 58, Card: 2
2025-08-05 11:21:51,853 - INFO - Telltale duration expired - Deck: 58, Card: 1
2025-08-05 11:21:51,853 - INFO - Telltale duration expired - Deck: 58, Card: 0
2025-08-05 11:21:51,853 - INFO - Telltale duration expired - Deck: 57, Card: 9
2025-08-05 11:21:51,853 - INFO - Telltale duration expired - Deck: 57, Card: 8
2025-08-05 11:21:51,854 - INFO - Telltale duration expired - Deck: 57, Card: 7
2025-08-05 11:21:51,854 - INFO - Telltale duration expired - Deck: 57, Card: 6
2025-08-05 11:21:51,854 - INFO - Telltale duration expired - Deck: 57, Card: 5
2025-08-05 11:21:51,854 - INFO - Telltale duration expired - Deck: 57, Card: 4
2025-08-05 11:21:51,854 - INFO - Telltale duration expired - Deck: 57, Card: 3
2025-08-05 11:21:51,855 - INFO - Telltale duration expired - Deck: 57, Card: 2
2025-08-05 11:21:51,855 - INFO - Telltale duration expired - Deck: 57, Card: 1
2025-08-05 11:21:51,855 - INFO - Telltale duration expired - Deck: 57, Card: 0
2025-08-05 11:21:51,855 - INFO - Telltale duration expired - Deck: 56, Card: 9
2025-08-05 11:21:51,855 - INFO - Telltale duration expired - Deck: 56, Card: 8
2025-08-05 11:21:51,856 - INFO - Telltale duration expired - Deck: 56, Card: 7
2025-08-05 11:21:51,856 - INFO - Telltale duration expired - Deck: 56, Card: 6
2025-08-05 11:21:51,856 - INFO - Telltale duration expired - Deck: 56, Card: 5
2025-08-05 11:21:51,856 - INFO - Telltale duration expired - Deck: 56, Card: 4
2025-08-05 11:21:51,856 - INFO - Telltale duration expired - Deck: 56, Card: 3
2025-08-05 11:21:51,856 - INFO - Telltale duration expired - Deck: 56, Card: 2
2025-08-05 11:21:51,857 - INFO - Telltale duration expired - Deck: 56, Card: 1
2025-08-05 11:21:56,815 - INFO - Telltale duration expired - Deck: 52, Card: 1
2025-08-05 11:21:56,816 - INFO - Telltale duration expired - Deck: 52, Card: 0
2025-08-05 11:21:56,816 - INFO - Telltale duration expired - Deck: 51, Card: 9
2025-08-05 11:21:56,816 - INFO - Telltale duration expired - Deck: 51, Card: 8
2025-08-05 11:21:56,817 - INFO - Telltale duration expired - Deck: 51, Card: 7
2025-08-05 11:21:56,817 - INFO - Telltale duration expired - Deck: 51, Card: 6
2025-08-05 11:21:56,817 - INFO - Telltale duration expired - Deck: 51, Card: 5
2025-08-05 11:21:56,817 - INFO - Telltale duration expired - Deck: 51, Card: 4
2025-08-05 11:21:56,818 - INFO - Telltale duration expired - Deck: 51, Card: 3
2025-08-05 11:21:56,818 - INFO - Telltale duration expired - Deck: 51, Card: 2
2025-08-05 11:21:56,818 - INFO - Telltale duration expired - Deck: 51, Card: 1
2025-08-05 11:21:56,818 - INFO - Telltale duration expired - Deck: 51, Card: 0
2025-08-05 11:21:56,818 - INFO - Telltale duration expired - Deck: 50, Card: 9
2025-08-05 11:21:56,818 - INFO - Telltale duration expired - Deck: 50, Card: 8
2025-08-05 11:21:56,819 - INFO - Telltale duration expired - Deck: 50, Card: 7
2025-08-05 11:21:56,819 - INFO - Telltale duration expired - Deck: 50, Card: 6
2025-08-05 11:21:56,819 - INFO - Telltale duration expired - Deck: 50, Card: 5
2025-08-05 11:21:56,819 - INFO - Telltale duration expired - Deck: 50, Card: 4
2025-08-05 11:21:56,819 - INFO - Telltale duration expired - Deck: 50, Card: 3
2025-08-05 11:21:56,819 - INFO - Telltale duration expired - Deck: 50, Card: 2
2025-08-05 11:21:56,820 - INFO - Telltale duration expired - Deck: 50, Card: 1
2025-08-05 11:21:56,820 - INFO - Telltale duration expired - Deck: 50, Card: 0
2025-08-05 11:21:56,830 - INFO - Telltale duration expired - Deck: 56, Card: 0
2025-08-05 11:21:56,831 - INFO - Telltale duration expired - Deck: 55, Card: 9
2025-08-05 11:21:56,831 - INFO - Telltale duration expired - Deck: 55, Card: 8
2025-08-05 11:21:56,831 - INFO - Telltale duration expired - Deck: 55, Card: 7
2025-08-05 11:21:56,831 - INFO - Telltale duration expired - Deck: 55, Card: 6
2025-08-05 11:21:56,831 - INFO - Telltale duration expired - Deck: 55, Card: 5
2025-08-05 11:21:56,832 - INFO - Telltale duration expired - Deck: 55, Card: 4
2025-08-05 11:21:56,832 - INFO - Telltale duration expired - Deck: 55, Card: 3
2025-08-05 11:21:56,832 - INFO - Telltale duration expired - Deck: 55, Card: 2
2025-08-05 11:21:56,832 - INFO - Telltale duration expired - Deck: 55, Card: 0
2025-08-05 11:21:56,832 - INFO - Telltale duration expired - Deck: 54, Card: 9
2025-08-05 11:21:56,833 - INFO - Telltale duration expired - Deck: 54, Card: 8
2025-08-05 11:21:56,833 - INFO - Telltale duration expired - Deck: 54, Card: 7
2025-08-05 11:21:56,833 - INFO - Telltale duration expired - Deck: 54, Card: 6
2025-08-05 11:21:56,833 - INFO - Telltale duration expired - Deck: 54, Card: 5
2025-08-05 11:21:56,833 - INFO - Telltale duration expired - Deck: 54, Card: 4
2025-08-05 11:21:56,833 - INFO - Telltale duration expired - Deck: 54, Card: 3
2025-08-05 11:21:56,834 - INFO - Telltale duration expired - Deck: 54, Card: 2
2025-08-05 11:21:56,834 - INFO - Telltale duration expired - Deck: 54, Card: 1
2025-08-05 11:21:56,834 - INFO - Telltale duration expired - Deck: 54, Card: 0
2025-08-05 11:21:56,834 - INFO - Telltale duration expired - Deck: 53, Card: 9
2025-08-05 11:21:56,834 - INFO - Telltale duration expired - Deck: 53, Card: 8
2025-08-05 11:21:56,835 - INFO - Telltale duration expired - Deck: 53, Card: 7
2025-08-05 11:21:56,835 - INFO - Telltale duration expired - Deck: 53, Card: 6
2025-08-05 11:21:56,835 - INFO - Telltale duration expired - Deck: 53, Card: 5
2025-08-05 11:21:56,835 - INFO - Telltale duration expired - Deck: 53, Card: 4
2025-08-05 11:21:56,835 - INFO - Telltale duration expired - Deck: 53, Card: 3
2025-08-05 11:21:56,836 - INFO - Telltale duration expired - Deck: 53, Card: 2
2025-08-05 11:21:56,836 - INFO - Telltale duration expired - Deck: 53, Card: 1
2025-08-05 11:21:56,836 - INFO - Telltale duration expired - Deck: 53, Card: 0
2025-08-05 11:21:56,836 - INFO - Telltale duration expired - Deck: 52, Card: 9
2025-08-05 11:21:56,836 - INFO - Telltale duration expired - Deck: 52, Card: 8
2025-08-05 11:21:56,837 - INFO - Telltale duration expired - Deck: 52, Card: 7
2025-08-05 11:21:56,837 - INFO - Telltale duration expired - Deck: 52, Card: 6
2025-08-05 11:21:56,837 - INFO - Telltale duration expired - Deck: 52, Card: 5
2025-08-05 11:21:56,837 - INFO - Telltale duration expired - Deck: 52, Card: 4
2025-08-05 11:21:56,837 - INFO - Telltale duration expired - Deck: 52, Card: 3
2025-08-05 11:21:56,837 - INFO - Telltale duration expired - Deck: 52, Card: 2
2025-08-05 11:21:56,846 - INFO - Telltale duration expired - Deck: 61, Card: 9
2025-08-05 11:21:56,847 - INFO - Telltale duration expired - Deck: 61, Card: 8
2025-08-05 11:21:56,847 - INFO - Telltale duration expired - Deck: 61, Card: 7
2025-08-05 11:21:56,847 - INFO - Telltale duration expired - Deck: 61, Card: 6
2025-08-05 11:21:56,847 - INFO - Telltale duration expired - Deck: 61, Card: 5
2025-08-05 11:21:56,848 - INFO - Telltale duration expired - Deck: 61, Card: 4
2025-08-05 11:21:56,848 - INFO - Telltale duration expired - Deck: 61, Card: 3
2025-08-05 11:21:56,848 - INFO - Telltale duration expired - Deck: 61, Card: 2
2025-08-05 11:21:56,848 - INFO - Telltale duration expired - Deck: 61, Card: 1
2025-08-05 11:21:56,848 - INFO - Telltale duration expired - Deck: 61, Card: 0
2025-08-05 11:21:56,848 - INFO - Telltale duration expired - Deck: 60, Card: 9
2025-08-05 11:21:56,848 - INFO - Telltale duration expired - Deck: 60, Card: 8
2025-08-05 11:21:56,849 - INFO - Telltale duration expired - Deck: 60, Card: 7
2025-08-05 11:21:56,849 - INFO - Telltale duration expired - Deck: 60, Card: 6
2025-08-05 11:21:56,849 - INFO - Telltale duration expired - Deck: 60, Card: 5
2025-08-05 11:21:56,849 - INFO - Telltale duration expired - Deck: 60, Card: 4
2025-08-05 11:21:56,849 - INFO - Telltale duration expired - Deck: 60, Card: 3
2025-08-05 11:21:56,849 - INFO - Telltale duration expired - Deck: 60, Card: 2
2025-08-05 11:21:56,850 - INFO - Telltale duration expired - Deck: 60, Card: 1
2025-08-05 11:21:56,850 - INFO - Telltale duration expired - Deck: 60, Card: 0
2025-08-05 11:21:56,850 - INFO - Telltale duration expired - Deck: 59, Card: 9
2025-08-05 11:21:56,850 - INFO - Telltale duration expired - Deck: 59, Card: 8
2025-08-05 11:21:56,850 - INFO - Telltale duration expired - Deck: 59, Card: 7
2025-08-05 11:21:56,850 - INFO - Telltale duration expired - Deck: 59, Card: 6
2025-08-05 11:21:56,851 - INFO - Telltale duration expired - Deck: 59, Card: 5
2025-08-05 11:21:56,851 - INFO - Telltale duration expired - Deck: 59, Card: 4
2025-08-05 11:21:56,851 - INFO - Telltale duration expired - Deck: 59, Card: 3
2025-08-05 11:21:56,851 - INFO - Telltale duration expired - Deck: 59, Card: 2
2025-08-05 11:21:56,851 - INFO - Telltale duration expired - Deck: 59, Card: 1
2025-08-05 11:21:56,851 - INFO - Telltale duration expired - Deck: 59, Card: 0
2025-08-05 11:21:56,851 - INFO - Telltale duration expired - Deck: 58, Card: 9
2025-08-05 11:21:56,852 - INFO - Telltale duration expired - Deck: 58, Card: 8
2025-08-05 11:21:56,852 - INFO - Telltale duration expired - Deck: 58, Card: 7
2025-08-05 11:21:56,852 - INFO - Telltale duration expired - Deck: 58, Card: 6
2025-08-05 11:21:56,852 - INFO - Telltale duration expired - Deck: 58, Card: 5
2025-08-05 11:21:56,852 - INFO - Telltale duration expired - Deck: 58, Card: 4
2025-08-05 11:21:56,852 - INFO - Telltale duration expired - Deck: 58, Card: 3
2025-08-05 11:21:56,853 - INFO - Telltale duration expired - Deck: 58, Card: 2
2025-08-05 11:21:56,853 - INFO - Telltale duration expired - Deck: 58, Card: 1
2025-08-05 11:21:56,853 - INFO - Telltale duration expired - Deck: 58, Card: 0
2025-08-05 11:21:56,853 - INFO - Telltale duration expired - Deck: 57, Card: 9
2025-08-05 11:21:56,853 - INFO - Telltale duration expired - Deck: 57, Card: 8
2025-08-05 11:21:56,853 - INFO - Telltale duration expired - Deck: 57, Card: 7
2025-08-05 11:21:56,854 - INFO - Telltale duration expired - Deck: 57, Card: 6
2025-08-05 11:21:56,854 - INFO - Telltale duration expired - Deck: 57, Card: 5
2025-08-05 11:21:56,854 - INFO - Telltale duration expired - Deck: 57, Card: 4
2025-08-05 11:21:56,854 - INFO - Telltale duration expired - Deck: 57, Card: 3
2025-08-05 11:21:56,854 - INFO - Telltale duration expired - Deck: 57, Card: 2
2025-08-05 11:21:56,854 - INFO - Telltale duration expired - Deck: 57, Card: 1
2025-08-05 11:21:56,854 - INFO - Telltale duration expired - Deck: 57, Card: 0
2025-08-05 11:21:56,855 - INFO - Telltale duration expired - Deck: 56, Card: 9
2025-08-05 11:21:56,855 - INFO - Telltale duration expired - Deck: 56, Card: 8
2025-08-05 11:21:56,855 - INFO - Telltale duration expired - Deck: 56, Card: 7
2025-08-05 11:21:56,855 - INFO - Telltale duration expired - Deck: 56, Card: 6
2025-08-05 11:21:56,855 - INFO - Telltale duration expired - Deck: 56, Card: 5
2025-08-05 11:21:56,855 - INFO - Telltale duration expired - Deck: 56, Card: 4
2025-08-05 11:21:56,855 - INFO - Telltale duration expired - Deck: 56, Card: 3
2025-08-05 11:21:56,855 - INFO - Telltale duration expired - Deck: 56, Card: 2
2025-08-05 11:21:56,856 - INFO - Telltale duration expired - Deck: 56, Card: 1
2025-08-05 11:21:56,940 - INFO - Playing chime: ChimeInfo(engine_check, Deck:51, Card:2, ID:51_2)
2025-08-05 11:21:59,472 - INFO - Playing chime again: ChimeInfo(engine_check, Deck:51, Card:2, ID:51_2)
2025-08-05 11:22:01,838 - INFO - Telltale duration expired - Deck: 52, Card: 1
2025-08-05 11:22:01,838 - INFO - Telltale duration expired - Deck: 52, Card: 0
2025-08-05 11:22:01,838 - INFO - Telltale duration expired - Deck: 51, Card: 9
2025-08-05 11:22:01,839 - INFO - Telltale duration expired - Deck: 51, Card: 8
2025-08-05 11:22:01,839 - INFO - Telltale duration expired - Deck: 51, Card: 7
2025-08-05 11:22:01,839 - INFO - Telltale duration expired - Deck: 51, Card: 6
2025-08-05 11:22:01,839 - INFO - Telltale duration expired - Deck: 51, Card: 5
2025-08-05 11:22:01,839 - INFO - Telltale duration expired - Deck: 51, Card: 4
2025-08-05 11:22:01,839 - INFO - Telltale duration expired - Deck: 51, Card: 3
2025-08-05 11:22:01,840 - INFO - Telltale duration expired - Deck: 51, Card: 2
2025-08-05 11:22:01,840 - INFO - Telltale duration expired - Deck: 51, Card: 1
2025-08-05 11:22:01,840 - INFO - Telltale duration expired - Deck: 51, Card: 0
2025-08-05 11:22:01,840 - INFO - Telltale duration expired - Deck: 50, Card: 9
2025-08-05 11:22:01,840 - INFO - Telltale duration expired - Deck: 50, Card: 8
2025-08-05 11:22:01,840 - INFO - Telltale duration expired - Deck: 50, Card: 7
2025-08-05 11:22:01,840 - INFO - Telltale duration expired - Deck: 50, Card: 6
2025-08-05 11:22:01,841 - INFO - Telltale duration expired - Deck: 50, Card: 5
2025-08-05 11:22:01,841 - INFO - Telltale duration expired - Deck: 50, Card: 4
2025-08-05 11:22:01,841 - INFO - Telltale duration expired - Deck: 50, Card: 3
2025-08-05 11:22:01,841 - INFO - Telltale duration expired - Deck: 50, Card: 2
2025-08-05 11:22:01,841 - INFO - Telltale duration expired - Deck: 50, Card: 1
2025-08-05 11:22:01,841 - INFO - Telltale duration expired - Deck: 50, Card: 0
2025-08-05 11:22:01,841 - INFO - Telltale duration expired - Deck: 56, Card: 0
2025-08-05 11:22:01,842 - INFO - Telltale duration expired - Deck: 55, Card: 9
2025-08-05 11:22:01,842 - INFO - Telltale duration expired - Deck: 55, Card: 8
2025-08-05 11:22:01,842 - INFO - Telltale duration expired - Deck: 55, Card: 7
2025-08-05 11:22:01,842 - INFO - Telltale duration expired - Deck: 55, Card: 6
2025-08-05 11:22:01,842 - INFO - Telltale duration expired - Deck: 55, Card: 5
2025-08-05 11:22:01,842 - INFO - Telltale duration expired - Deck: 55, Card: 4
2025-08-05 11:22:01,842 - INFO - Telltale duration expired - Deck: 55, Card: 3
2025-08-05 11:22:01,843 - INFO - Telltale duration expired - Deck: 55, Card: 2
2025-08-05 11:22:01,843 - INFO - Telltale duration expired - Deck: 55, Card: 0
2025-08-05 11:22:01,843 - INFO - Telltale duration expired - Deck: 54, Card: 9
2025-08-05 11:22:01,843 - INFO - Telltale duration expired - Deck: 54, Card: 8
2025-08-05 11:22:01,843 - INFO - Telltale duration expired - Deck: 54, Card: 7
2025-08-05 11:22:01,843 - INFO - Telltale duration expired - Deck: 54, Card: 6
2025-08-05 11:22:01,843 - INFO - Telltale duration expired - Deck: 54, Card: 5
2025-08-05 11:22:01,844 - INFO - Telltale duration expired - Deck: 54, Card: 4
2025-08-05 11:22:01,844 - INFO - Telltale duration expired - Deck: 54, Card: 3
2025-08-05 11:22:01,844 - INFO - Telltale duration expired - Deck: 54, Card: 2
2025-08-05 11:22:01,844 - INFO - Telltale duration expired - Deck: 54, Card: 1
2025-08-05 11:22:01,844 - INFO - Telltale duration expired - Deck: 54, Card: 0
2025-08-05 11:22:01,844 - INFO - Telltale duration expired - Deck: 53, Card: 9
2025-08-05 11:22:01,844 - INFO - Telltale duration expired - Deck: 53, Card: 8
2025-08-05 11:22:01,845 - INFO - Telltale duration expired - Deck: 53, Card: 7
2025-08-05 11:22:01,845 - INFO - Telltale duration expired - Deck: 53, Card: 6
2025-08-05 11:22:01,845 - INFO - Telltale duration expired - Deck: 53, Card: 5
2025-08-05 11:22:01,845 - INFO - Telltale duration expired - Deck: 53, Card: 4
2025-08-05 11:22:01,845 - INFO - Telltale duration expired - Deck: 53, Card: 3
2025-08-05 11:22:01,845 - INFO - Telltale duration expired - Deck: 53, Card: 2
2025-08-05 11:22:01,846 - INFO - Telltale duration expired - Deck: 53, Card: 1
2025-08-05 11:22:01,846 - INFO - Telltale duration expired - Deck: 53, Card: 0
2025-08-05 11:22:01,846 - INFO - Telltale duration expired - Deck: 52, Card: 9
2025-08-05 11:22:01,846 - INFO - Telltale duration expired - Deck: 52, Card: 8
2025-08-05 11:22:01,846 - INFO - Telltale duration expired - Deck: 52, Card: 7
2025-08-05 11:22:01,846 - INFO - Telltale duration expired - Deck: 52, Card: 6
2025-08-05 11:22:01,847 - INFO - Telltale duration expired - Deck: 52, Card: 5
2025-08-05 11:22:01,847 - INFO - Telltale duration expired - Deck: 52, Card: 4
2025-08-05 11:22:01,847 - INFO - Telltale duration expired - Deck: 52, Card: 3
2025-08-05 11:22:01,847 - INFO - Telltale duration expired - Deck: 52, Card: 2
2025-08-05 11:22:01,848 - INFO - Telltale duration expired - Deck: 61, Card: 9
2025-08-05 11:22:01,848 - INFO - Telltale duration expired - Deck: 61, Card: 8
2025-08-05 11:22:01,848 - INFO - Telltale duration expired - Deck: 61, Card: 7
2025-08-05 11:22:01,848 - INFO - Telltale duration expired - Deck: 61, Card: 6
2025-08-05 11:22:01,848 - INFO - Telltale duration expired - Deck: 61, Card: 5
2025-08-05 11:22:01,848 - INFO - Telltale duration expired - Deck: 61, Card: 4
2025-08-05 11:22:01,849 - INFO - Telltale duration expired - Deck: 61, Card: 3
2025-08-05 11:22:01,849 - INFO - Telltale duration expired - Deck: 61, Card: 2
2025-08-05 11:22:01,849 - INFO - Telltale duration expired - Deck: 61, Card: 1
2025-08-05 11:22:01,849 - INFO - Telltale duration expired - Deck: 61, Card: 0
2025-08-05 11:22:01,849 - INFO - Telltale duration expired - Deck: 60, Card: 9
2025-08-05 11:22:01,849 - INFO - Telltale duration expired - Deck: 60, Card: 8
2025-08-05 11:22:01,850 - INFO - Telltale duration expired - Deck: 60, Card: 7
2025-08-05 11:22:01,850 - INFO - Telltale duration expired - Deck: 60, Card: 6
2025-08-05 11:22:01,850 - INFO - Telltale duration expired - Deck: 60, Card: 5
2025-08-05 11:22:01,850 - INFO - Telltale duration expired - Deck: 60, Card: 4
2025-08-05 11:22:01,850 - INFO - Telltale duration expired - Deck: 60, Card: 3
2025-08-05 11:22:01,850 - INFO - Telltale duration expired - Deck: 60, Card: 2
2025-08-05 11:22:01,851 - INFO - Telltale duration expired - Deck: 60, Card: 1
2025-08-05 11:22:01,851 - INFO - Telltale duration expired - Deck: 60, Card: 0
2025-08-05 11:22:01,851 - INFO - Telltale duration expired - Deck: 59, Card: 9
2025-08-05 11:22:01,851 - INFO - Telltale duration expired - Deck: 59, Card: 8
2025-08-05 11:22:01,851 - INFO - Telltale duration expired - Deck: 59, Card: 7
2025-08-05 11:22:01,851 - INFO - Telltale duration expired - Deck: 59, Card: 6
2025-08-05 11:22:01,852 - INFO - Telltale duration expired - Deck: 59, Card: 5
2025-08-05 11:22:01,852 - INFO - Telltale duration expired - Deck: 59, Card: 4
2025-08-05 11:22:01,852 - INFO - Telltale duration expired - Deck: 59, Card: 3
2025-08-05 11:22:01,852 - INFO - Telltale duration expired - Deck: 59, Card: 2
2025-08-05 11:22:01,852 - INFO - Telltale duration expired - Deck: 59, Card: 1
2025-08-05 11:22:01,852 - INFO - Telltale duration expired - Deck: 59, Card: 0
2025-08-05 11:22:01,852 - INFO - Telltale duration expired - Deck: 58, Card: 9
2025-08-05 11:22:01,853 - INFO - Telltale duration expired - Deck: 58, Card: 8
2025-08-05 11:22:01,853 - INFO - Telltale duration expired - Deck: 58, Card: 7
2025-08-05 11:22:01,853 - INFO - Telltale duration expired - Deck: 58, Card: 6
2025-08-05 11:22:01,853 - INFO - Telltale duration expired - Deck: 58, Card: 5
2025-08-05 11:22:01,853 - INFO - Telltale duration expired - Deck: 58, Card: 4
2025-08-05 11:22:01,853 - INFO - Telltale duration expired - Deck: 58, Card: 3
2025-08-05 11:22:01,853 - INFO - Telltale duration expired - Deck: 58, Card: 2
2025-08-05 11:22:01,854 - INFO - Telltale duration expired - Deck: 58, Card: 1
2025-08-05 11:22:01,854 - INFO - Telltale duration expired - Deck: 58, Card: 0
2025-08-05 11:22:01,854 - INFO - Telltale duration expired - Deck: 57, Card: 9
2025-08-05 11:22:01,854 - INFO - Telltale duration expired - Deck: 57, Card: 8
2025-08-05 11:22:01,854 - INFO - Telltale duration expired - Deck: 57, Card: 7
2025-08-05 11:22:01,854 - INFO - Telltale duration expired - Deck: 57, Card: 6
2025-08-05 11:22:01,854 - INFO - Telltale duration expired - Deck: 57, Card: 5
2025-08-05 11:22:01,855 - INFO - Telltale duration expired - Deck: 57, Card: 4
2025-08-05 11:22:01,855 - INFO - Telltale duration expired - Deck: 57, Card: 3
2025-08-05 11:22:01,855 - INFO - Telltale duration expired - Deck: 57, Card: 2
2025-08-05 11:22:01,855 - INFO - Telltale duration expired - Deck: 57, Card: 1
2025-08-05 11:22:01,855 - INFO - Telltale duration expired - Deck: 57, Card: 0
2025-08-05 11:22:01,855 - INFO - Telltale duration expired - Deck: 56, Card: 9
2025-08-05 11:22:01,855 - INFO - Telltale duration expired - Deck: 56, Card: 8
2025-08-05 11:22:01,856 - INFO - Telltale duration expired - Deck: 56, Card: 7
2025-08-05 11:22:01,856 - INFO - Telltale duration expired - Deck: 56, Card: 6
2025-08-05 11:22:01,856 - INFO - Telltale duration expired - Deck: 56, Card: 5
2025-08-05 11:22:01,856 - INFO - Telltale duration expired - Deck: 56, Card: 4
2025-08-05 11:22:01,856 - INFO - Telltale duration expired - Deck: 56, Card: 3
2025-08-05 11:22:01,856 - INFO - Telltale duration expired - Deck: 56, Card: 2
2025-08-05 11:22:01,856 - INFO - Telltale duration expired - Deck: 56, Card: 1
2025-08-05 11:22:06,293 - INFO - Playing chime: ChimeInfo(jeep_seatbelt_alert, Deck:52, Card:2, ID:52_2)
2025-08-05 11:22:06,829 - INFO - Telltale duration expired - Deck: 52, Card: 1
2025-08-05 11:22:06,830 - INFO - Telltale duration expired - Deck: 52, Card: 0
2025-08-05 11:22:06,830 - INFO - Telltale duration expired - Deck: 51, Card: 9
2025-08-05 11:22:06,830 - INFO - Telltale duration expired - Deck: 51, Card: 8
2025-08-05 11:22:06,830 - INFO - Telltale duration expired - Deck: 51, Card: 7
2025-08-05 11:22:06,830 - INFO - Telltale duration expired - Deck: 51, Card: 6
2025-08-05 11:22:06,831 - INFO - Telltale duration expired - Deck: 51, Card: 5
2025-08-05 11:22:06,831 - INFO - Telltale duration expired - Deck: 51, Card: 4
2025-08-05 11:22:06,831 - INFO - Telltale duration expired - Deck: 51, Card: 3
2025-08-05 11:22:06,831 - INFO - Telltale duration expired - Deck: 51, Card: 2
2025-08-05 11:22:06,831 - INFO - Telltale duration expired - Deck: 51, Card: 1
2025-08-05 11:22:06,832 - INFO - Telltale duration expired - Deck: 51, Card: 0
2025-08-05 11:22:06,832 - INFO - Telltale duration expired - Deck: 50, Card: 9
2025-08-05 11:22:06,832 - INFO - Telltale duration expired - Deck: 50, Card: 8
2025-08-05 11:22:06,832 - INFO - Telltale duration expired - Deck: 50, Card: 7
2025-08-05 11:22:06,832 - INFO - Telltale duration expired - Deck: 50, Card: 6
2025-08-05 11:22:06,832 - INFO - Telltale duration expired - Deck: 50, Card: 5
2025-08-05 11:22:06,834 - INFO - Telltale duration expired - Deck: 50, Card: 4
2025-08-05 11:22:06,834 - INFO - Telltale duration expired - Deck: 50, Card: 3
2025-08-05 11:22:06,834 - INFO - Telltale duration expired - Deck: 50, Card: 2
2025-08-05 11:22:06,836 - INFO - Telltale duration expired - Deck: 50, Card: 1
2025-08-05 11:22:06,836 - INFO - Telltale duration expired - Deck: 50, Card: 0
2025-08-05 11:22:06,836 - INFO - Telltale duration expired - Deck: 56, Card: 0
2025-08-05 11:22:06,836 - INFO - Telltale duration expired - Deck: 55, Card: 9
2025-08-05 11:22:06,837 - INFO - Telltale duration expired - Deck: 55, Card: 8
2025-08-05 11:22:06,837 - INFO - Telltale duration expired - Deck: 55, Card: 7
2025-08-05 11:22:06,837 - INFO - Telltale duration expired - Deck: 55, Card: 6
2025-08-05 11:22:06,837 - INFO - Telltale duration expired - Deck: 55, Card: 5
2025-08-05 11:22:06,837 - INFO - Telltale duration expired - Deck: 55, Card: 4
2025-08-05 11:22:06,837 - INFO - Telltale duration expired - Deck: 55, Card: 3
2025-08-05 11:22:06,838 - INFO - Telltale duration expired - Deck: 55, Card: 2
2025-08-05 11:22:06,838 - INFO - Telltale duration expired - Deck: 55, Card: 0
2025-08-05 11:22:06,838 - INFO - Telltale duration expired - Deck: 54, Card: 9
2025-08-05 11:22:06,838 - INFO - Telltale duration expired - Deck: 54, Card: 8
2025-08-05 11:22:06,838 - INFO - Telltale duration expired - Deck: 54, Card: 7
2025-08-05 11:22:06,839 - INFO - Telltale duration expired - Deck: 54, Card: 6
2025-08-05 11:22:06,839 - INFO - Telltale duration expired - Deck: 54, Card: 5
2025-08-05 11:22:06,839 - INFO - Telltale duration expired - Deck: 54, Card: 4
2025-08-05 11:22:06,839 - INFO - Telltale duration expired - Deck: 54, Card: 3
2025-08-05 11:22:06,839 - INFO - Telltale duration expired - Deck: 54, Card: 2
2025-08-05 11:22:06,840 - INFO - Telltale duration expired - Deck: 54, Card: 1
2025-08-05 11:22:06,840 - INFO - Telltale duration expired - Deck: 54, Card: 0
2025-08-05 11:22:06,840 - INFO - Telltale duration expired - Deck: 53, Card: 9
2025-08-05 11:22:06,840 - INFO - Telltale duration expired - Deck: 53, Card: 8
2025-08-05 11:22:06,840 - INFO - Telltale duration expired - Deck: 53, Card: 7
2025-08-05 11:22:06,840 - INFO - Telltale duration expired - Deck: 53, Card: 6
2025-08-05 11:22:06,840 - INFO - Telltale duration expired - Deck: 53, Card: 5
2025-08-05 11:22:06,841 - INFO - Telltale duration expired - Deck: 53, Card: 4
2025-08-05 11:22:06,841 - INFO - Telltale duration expired - Deck: 53, Card: 3
2025-08-05 11:22:06,841 - INFO - Telltale duration expired - Deck: 53, Card: 2
2025-08-05 11:22:06,841 - INFO - Telltale duration expired - Deck: 53, Card: 1
2025-08-05 11:22:06,841 - INFO - Telltale duration expired - Deck: 53, Card: 0
2025-08-05 11:22:06,841 - INFO - Telltale duration expired - Deck: 52, Card: 9
2025-08-05 11:22:06,841 - INFO - Telltale duration expired - Deck: 52, Card: 8
2025-08-05 11:22:06,843 - INFO - Telltale duration expired - Deck: 52, Card: 7
2025-08-05 11:22:06,843 - INFO - Telltale duration expired - Deck: 52, Card: 6
2025-08-05 11:22:06,843 - INFO - Telltale duration expired - Deck: 52, Card: 5
2025-08-05 11:22:06,843 - INFO - Telltale duration expired - Deck: 52, Card: 4
2025-08-05 11:22:06,843 - INFO - Telltale duration expired - Deck: 52, Card: 3
2025-08-05 11:22:06,844 - INFO - Telltale duration expired - Deck: 52, Card: 2
2025-08-05 11:22:06,853 - INFO - Telltale duration expired - Deck: 61, Card: 9
2025-08-05 11:22:06,853 - INFO - Telltale duration expired - Deck: 61, Card: 8
2025-08-05 11:22:06,853 - INFO - Telltale duration expired - Deck: 61, Card: 7
2025-08-05 11:22:06,853 - INFO - Telltale duration expired - Deck: 61, Card: 6
2025-08-05 11:22:06,854 - INFO - Telltale duration expired - Deck: 61, Card: 5
2025-08-05 11:22:06,854 - INFO - Telltale duration expired - Deck: 61, Card: 4
2025-08-05 11:22:06,854 - INFO - Telltale duration expired - Deck: 61, Card: 3
2025-08-05 11:22:06,854 - INFO - Telltale duration expired - Deck: 61, Card: 2
2025-08-05 11:22:06,854 - INFO - Telltale duration expired - Deck: 61, Card: 1
2025-08-05 11:22:06,855 - INFO - Telltale duration expired - Deck: 61, Card: 0
2025-08-05 11:22:06,855 - INFO - Telltale duration expired - Deck: 60, Card: 9
2025-08-05 11:22:06,855 - INFO - Telltale duration expired - Deck: 60, Card: 8
2025-08-05 11:22:06,855 - INFO - Telltale duration expired - Deck: 60, Card: 7
2025-08-05 11:22:06,855 - INFO - Telltale duration expired - Deck: 60, Card: 6
2025-08-05 11:22:06,855 - INFO - Telltale duration expired - Deck: 60, Card: 5
2025-08-05 11:22:06,855 - INFO - Telltale duration expired - Deck: 60, Card: 4
2025-08-05 11:22:06,856 - INFO - Telltale duration expired - Deck: 60, Card: 3
2025-08-05 11:22:06,856 - INFO - Telltale duration expired - Deck: 60, Card: 2
2025-08-05 11:22:06,856 - INFO - Telltale duration expired - Deck: 60, Card: 1
2025-08-05 11:22:06,856 - INFO - Telltale duration expired - Deck: 60, Card: 0
2025-08-05 11:22:06,856 - INFO - Telltale duration expired - Deck: 59, Card: 9
2025-08-05 11:22:06,858 - INFO - Telltale duration expired - Deck: 59, Card: 8
2025-08-05 11:22:06,858 - INFO - Telltale duration expired - Deck: 59, Card: 7
2025-08-05 11:22:06,858 - INFO - Telltale duration expired - Deck: 59, Card: 6
2025-08-05 11:22:06,858 - INFO - Telltale duration expired - Deck: 59, Card: 5
2025-08-05 11:22:06,858 - INFO - Telltale duration expired - Deck: 59, Card: 4
2025-08-05 11:22:06,858 - INFO - Telltale duration expired - Deck: 59, Card: 3
2025-08-05 11:22:06,859 - INFO - Telltale duration expired - Deck: 59, Card: 2
2025-08-05 11:22:06,859 - INFO - Telltale duration expired - Deck: 59, Card: 1
2025-08-05 11:22:06,859 - INFO - Telltale duration expired - Deck: 59, Card: 0
2025-08-05 11:22:06,859 - INFO - Telltale duration expired - Deck: 58, Card: 9
2025-08-05 11:22:06,859 - INFO - Telltale duration expired - Deck: 58, Card: 8
2025-08-05 11:22:06,859 - INFO - Telltale duration expired - Deck: 58, Card: 7
2025-08-05 11:22:06,859 - INFO - Telltale duration expired - Deck: 58, Card: 6
2025-08-05 11:22:06,859 - INFO - Telltale duration expired - Deck: 58, Card: 5
2025-08-05 11:22:06,860 - INFO - Telltale duration expired - Deck: 58, Card: 4
2025-08-05 11:22:06,860 - INFO - Telltale duration expired - Deck: 58, Card: 3
2025-08-05 11:22:06,860 - INFO - Telltale duration expired - Deck: 58, Card: 2
2025-08-05 11:22:06,860 - INFO - Telltale duration expired - Deck: 58, Card: 1
2025-08-05 11:22:06,860 - INFO - Telltale duration expired - Deck: 58, Card: 0
2025-08-05 11:22:06,860 - INFO - Telltale duration expired - Deck: 57, Card: 9
2025-08-05 11:22:06,861 - INFO - Telltale duration expired - Deck: 57, Card: 8
2025-08-05 11:22:06,861 - INFO - Telltale duration expired - Deck: 57, Card: 7
2025-08-05 11:22:06,861 - INFO - Telltale duration expired - Deck: 57, Card: 6
2025-08-05 11:22:06,861 - INFO - Telltale duration expired - Deck: 57, Card: 5
2025-08-05 11:22:06,861 - INFO - Telltale duration expired - Deck: 57, Card: 4
2025-08-05 11:22:06,862 - INFO - Telltale duration expired - Deck: 57, Card: 3
2025-08-05 11:22:06,862 - INFO - Telltale duration expired - Deck: 57, Card: 2
2025-08-05 11:22:06,862 - INFO - Telltale duration expired - Deck: 57, Card: 1
2025-08-05 11:22:06,862 - INFO - Telltale duration expired - Deck: 57, Card: 0
2025-08-05 11:22:06,862 - INFO - Telltale duration expired - Deck: 56, Card: 9
2025-08-05 11:22:06,862 - INFO - Telltale duration expired - Deck: 56, Card: 8
2025-08-05 11:22:06,863 - INFO - Telltale duration expired - Deck: 56, Card: 7
2025-08-05 11:22:06,863 - INFO - Telltale duration expired - Deck: 56, Card: 6
2025-08-05 11:22:06,863 - INFO - Telltale duration expired - Deck: 56, Card: 5
2025-08-05 11:22:06,863 - INFO - Telltale duration expired - Deck: 56, Card: 4
2025-08-05 11:22:06,863 - INFO - Telltale duration expired - Deck: 56, Card: 3
2025-08-05 11:22:06,863 - INFO - Telltale duration expired - Deck: 56, Card: 2
2025-08-05 11:22:06,863 - INFO - Telltale duration expired - Deck: 56, Card: 1
