2025-08-05 12:11:59,501 - INFO - ChimeQueueHandler initialized
2025-08-05 12:11:59,566 - INFO - Chime enqueued: ChimeInfo(engine_check, Deck:51, Card:1, ID:51_1)
2025-08-05 12:11:59,575 - INFO - Playing chime: ChimeInfo(engine_check, Deck:51, Card:1, ID:51_1)
2025-08-05 12:11:59,575 - INFO - Chime setup - Deck: 51, Card: 1, Chime: engine_check
2025-08-05 12:11:59,576 - INFO - Chime enqueued: ChimeInfo(engine_check, Deck:51, Card:2, ID:51_2)
2025-08-05 12:11:59,576 - INFO - Chime setup - Deck: 51, Card: 2, Chime: engine_check
2025-08-05 12:11:59,578 - INFO - Chime enqueued: ChimeInfo(jeep_seatbelt_alert, Deck:52, Card:2, ID:52_2)
2025-08-05 12:11:59,583 - INFO - Chime setup - Deck: 52, Card: 2, Chime: jeep_seatbelt_alert
2025-08-05 12:11:59,584 - INFO - Chime enqueued: ChimeInfo(engine_check, Deck:53, Card:1, ID:53_1)
2025-08-05 12:11:59,584 - INFO - Chime setup - Deck: 53, Card: 1, Chime: engine_check
2025-08-05 12:11:59,585 - INFO - Chime enqueued: ChimeInfo(engine_check, Deck:53, Card:2, ID:53_2)
2025-08-05 12:11:59,585 - INFO - Chime setup - Deck: 53, Card: 2, Chime: engine_check
2025-08-05 12:11:59,591 - INFO - Playing blinker chime: ChimeInfo(blinker, Deck:54, Card:1, ID:54_1)
2025-08-05 12:11:59,591 - INFO - Chime setup - Deck: 54, Card: 1, Chime: blinker
2025-08-05 12:11:59,593 - INFO - Chime enqueued: ChimeInfo(jeep_seatbelt_alert, Deck:55, Card:1, ID:55_1)
2025-08-05 12:11:59,593 - INFO - Chime setup - Deck: 55, Card: 1, Chime: jeep_seatbelt_alert
2025-08-05 12:11:59,594 - INFO - Chime enqueued: ChimeInfo(jeep_seatbelt_alert, Deck:55, Card:2, ID:55_2)
2025-08-05 12:11:59,594 - INFO - Chime setup - Deck: 55, Card: 2, Chime: jeep_seatbelt_alert
2025-08-05 12:11:59,595 - INFO - Chime enqueued: ChimeInfo(low_fuel, Deck:56, Card:1, ID:56_1)
2025-08-05 12:11:59,595 - INFO - Chime setup - Deck: 56, Card: 1, Chime: low_fuel
2025-08-05 12:11:59,596 - INFO - Chime enqueued: ChimeInfo(engine_check, Deck:56, Card:2, ID:56_2)
2025-08-05 12:11:59,596 - INFO - Chime setup - Deck: 56, Card: 2, Chime: engine_check
2025-08-05 12:11:59,597 - INFO - Chime enqueued: ChimeInfo(engine_check, Deck:56, Card:3, ID:56_3)
2025-08-05 12:11:59,597 - INFO - Chime setup - Deck: 56, Card: 3, Chime: engine_check
2025-08-05 12:11:59,601 - INFO - Playing blinker chime: ChimeInfo(blinker, Deck:59, Card:1, ID:59_1)
2025-08-05 12:11:59,601 - INFO - Chime setup - Deck: 59, Card: 1, Chime: blinker
2025-08-05 12:11:59,602 - INFO - Playing blinker chime: ChimeInfo(blinker, Deck:60, Card:1, ID:60_1)
2025-08-05 12:11:59,602 - INFO - Chime setup - Deck: 60, Card: 1, Chime: blinker
2025-08-05 12:11:59,604 - INFO - Chime enqueued: ChimeInfo(engine_check, Deck:61, Card:2, ID:61_2)
2025-08-05 12:11:59,604 - INFO - Chime setup - Deck: 61, Card: 2, Chime: engine_check
2025-08-05 12:11:59,604 - INFO - Chime enqueued: ChimeInfo(engine_check, Deck:61, Card:3, ID:61_3)
2025-08-05 12:11:59,605 - INFO - Chime setup - Deck: 61, Card: 3, Chime: engine_check
2025-08-05 12:12:04,004 - INFO - Playing chime again: ChimeInfo(engine_check, Deck:51, Card:1, ID:51_1)
2025-08-05 12:12:04,651 - INFO - Telltale duration expired - Deck: 52, Card: 0
2025-08-05 12:12:04,653 - INFO - Telltale duration expired - Deck: 51, Card: 9
2025-08-05 12:12:04,654 - INFO - Telltale duration expired - Deck: 51, Card: 8
2025-08-05 12:12:04,656 - INFO - Telltale duration expired - Deck: 51, Card: 7
2025-08-05 12:12:04,658 - INFO - Telltale duration expired - Deck: 51, Card: 6
2025-08-05 12:12:04,659 - INFO - Telltale duration expired - Deck: 51, Card: 5
2025-08-05 12:12:04,660 - INFO - Telltale duration expired - Deck: 51, Card: 4
2025-08-05 12:12:04,662 - INFO - Telltale duration expired - Deck: 51, Card: 3
2025-08-05 12:12:04,663 - INFO - Telltale duration expired - Deck: 51, Card: 2
2025-08-05 12:12:04,664 - INFO - Telltale duration expired - Deck: 51, Card: 1
2025-08-05 12:12:04,665 - INFO - Telltale duration expired - Deck: 51, Card: 0
2025-08-05 12:12:04,666 - INFO - Telltale duration expired - Deck: 50, Card: 9
2025-08-05 12:12:04,667 - INFO - Telltale duration expired - Deck: 50, Card: 8
2025-08-05 12:12:04,668 - INFO - Telltale duration expired - Deck: 50, Card: 7
2025-08-05 12:12:04,669 - INFO - Telltale duration expired - Deck: 50, Card: 6
2025-08-05 12:12:04,669 - INFO - Telltale duration expired - Deck: 50, Card: 5
2025-08-05 12:12:04,670 - INFO - Telltale duration expired - Deck: 50, Card: 4
2025-08-05 12:12:04,671 - INFO - Telltale duration expired - Deck: 50, Card: 3
2025-08-05 12:12:04,671 - INFO - Telltale duration expired - Deck: 50, Card: 2
2025-08-05 12:12:04,672 - INFO - Telltale duration expired - Deck: 50, Card: 1
2025-08-05 12:12:04,672 - INFO - Telltale duration expired - Deck: 50, Card: 0
2025-08-05 12:12:04,674 - INFO - Telltale duration expired - Deck: 55, Card: 0
2025-08-05 12:12:04,675 - INFO - Telltale duration expired - Deck: 54, Card: 9
2025-08-05 12:12:04,676 - INFO - Telltale duration expired - Deck: 54, Card: 8
2025-08-05 12:12:04,677 - INFO - Telltale duration expired - Deck: 54, Card: 7
2025-08-05 12:12:04,678 - INFO - Telltale duration expired - Deck: 54, Card: 6
2025-08-05 12:12:04,680 - INFO - Telltale duration expired - Deck: 54, Card: 5
2025-08-05 12:12:04,680 - INFO - Telltale duration expired - Deck: 54, Card: 4
2025-08-05 12:12:04,682 - INFO - Telltale duration expired - Deck: 54, Card: 3
2025-08-05 12:12:04,682 - INFO - Telltale duration expired - Deck: 54, Card: 2
2025-08-05 12:12:04,684 - INFO - Telltale duration expired - Deck: 54, Card: 1
2025-08-05 12:12:04,686 - INFO - Telltale duration expired - Deck: 54, Card: 0
2025-08-05 12:12:04,687 - INFO - Telltale duration expired - Deck: 53, Card: 9
2025-08-05 12:12:04,689 - INFO - Telltale duration expired - Deck: 53, Card: 8
2025-08-05 12:12:04,690 - INFO - Telltale duration expired - Deck: 53, Card: 7
2025-08-05 12:12:04,690 - INFO - Telltale duration expired - Deck: 53, Card: 6
2025-08-05 12:12:04,691 - INFO - Telltale duration expired - Deck: 53, Card: 5
2025-08-05 12:12:04,691 - INFO - Telltale duration expired - Deck: 53, Card: 4
2025-08-05 12:12:04,692 - INFO - Telltale duration expired - Deck: 53, Card: 3
2025-08-05 12:12:04,692 - INFO - Telltale duration expired - Deck: 53, Card: 2
2025-08-05 12:12:04,693 - INFO - Telltale duration expired - Deck: 53, Card: 1
2025-08-05 12:12:04,693 - INFO - Telltale duration expired - Deck: 53, Card: 0
2025-08-05 12:12:04,694 - INFO - Telltale duration expired - Deck: 52, Card: 9
2025-08-05 12:12:04,694 - INFO - Telltale duration expired - Deck: 52, Card: 8
2025-08-05 12:12:04,694 - INFO - Telltale duration expired - Deck: 52, Card: 7
2025-08-05 12:12:04,695 - INFO - Telltale duration expired - Deck: 52, Card: 6
2025-08-05 12:12:04,697 - INFO - Telltale duration expired - Deck: 52, Card: 5
2025-08-05 12:12:04,697 - INFO - Telltale duration expired - Deck: 52, Card: 4
2025-08-05 12:12:04,698 - INFO - Telltale duration expired - Deck: 52, Card: 3
2025-08-05 12:12:04,698 - INFO - Telltale duration expired - Deck: 52, Card: 2
2025-08-05 12:12:04,699 - INFO - Telltale duration expired - Deck: 52, Card: 1
2025-08-05 12:12:04,699 - INFO - Telltale duration expired - Deck: 61, Card: 9
2025-08-05 12:12:04,700 - INFO - Telltale duration expired - Deck: 61, Card: 8
2025-08-05 12:12:04,701 - INFO - Telltale duration expired - Deck: 61, Card: 7
2025-08-05 12:12:04,702 - INFO - Telltale duration expired - Deck: 61, Card: 6
2025-08-05 12:12:04,702 - INFO - Telltale duration expired - Deck: 61, Card: 5
2025-08-05 12:12:04,703 - INFO - Telltale duration expired - Deck: 61, Card: 4
2025-08-05 12:12:04,704 - INFO - Telltale duration expired - Deck: 61, Card: 3
2025-08-05 12:12:04,705 - INFO - Telltale duration expired - Deck: 61, Card: 2
2025-08-05 12:12:04,707 - INFO - Telltale duration expired - Deck: 61, Card: 1
2025-08-05 12:12:04,707 - INFO - Telltale duration expired - Deck: 61, Card: 0
2025-08-05 12:12:04,708 - INFO - Telltale duration expired - Deck: 60, Card: 9
2025-08-05 12:12:04,709 - INFO - Telltale duration expired - Deck: 60, Card: 8
2025-08-05 12:12:04,710 - INFO - Telltale duration expired - Deck: 60, Card: 7
2025-08-05 12:12:04,711 - INFO - Telltale duration expired - Deck: 60, Card: 6
2025-08-05 12:12:04,717 - INFO - Telltale duration expired - Deck: 60, Card: 5
2025-08-05 12:12:04,719 - INFO - Telltale duration expired - Deck: 60, Card: 4
2025-08-05 12:12:04,721 - INFO - Telltale duration expired - Deck: 60, Card: 3
2025-08-05 12:12:04,722 - INFO - Telltale duration expired - Deck: 60, Card: 2
2025-08-05 12:12:04,723 - INFO - Telltale duration expired - Deck: 60, Card: 1
2025-08-05 12:12:04,724 - INFO - Telltale duration expired - Deck: 60, Card: 0
2025-08-05 12:12:04,726 - INFO - Telltale duration expired - Deck: 59, Card: 9
2025-08-05 12:12:04,727 - INFO - Telltale duration expired - Deck: 59, Card: 8
2025-08-05 12:12:04,729 - INFO - Telltale duration expired - Deck: 59, Card: 7
2025-08-05 12:12:04,731 - INFO - Telltale duration expired - Deck: 59, Card: 6
2025-08-05 12:12:04,732 - INFO - Telltale duration expired - Deck: 59, Card: 5
2025-08-05 12:12:04,732 - INFO - Telltale duration expired - Deck: 59, Card: 4
2025-08-05 12:12:04,733 - INFO - Telltale duration expired - Deck: 59, Card: 3
2025-08-05 12:12:04,733 - INFO - Telltale duration expired - Deck: 59, Card: 2
2025-08-05 12:12:04,734 - INFO - Telltale duration expired - Deck: 59, Card: 1
2025-08-05 12:12:04,734 - INFO - Telltale duration expired - Deck: 59, Card: 0
2025-08-05 12:12:04,734 - INFO - Telltale duration expired - Deck: 58, Card: 9
2025-08-05 12:12:04,735 - INFO - Telltale duration expired - Deck: 58, Card: 8
2025-08-05 12:12:04,735 - INFO - Telltale duration expired - Deck: 58, Card: 7
2025-08-05 12:12:04,735 - INFO - Telltale duration expired - Deck: 58, Card: 6
2025-08-05 12:12:04,736 - INFO - Telltale duration expired - Deck: 58, Card: 5
2025-08-05 12:12:04,736 - INFO - Telltale duration expired - Deck: 58, Card: 4
2025-08-05 12:12:04,737 - INFO - Telltale duration expired - Deck: 58, Card: 3
2025-08-05 12:12:04,737 - INFO - Telltale duration expired - Deck: 58, Card: 2
2025-08-05 12:12:04,738 - INFO - Telltale duration expired - Deck: 58, Card: 1
2025-08-05 12:12:04,738 - INFO - Telltale duration expired - Deck: 58, Card: 0
2025-08-05 12:12:04,739 - INFO - Telltale duration expired - Deck: 57, Card: 9
2025-08-05 12:12:04,740 - INFO - Telltale duration expired - Deck: 57, Card: 8
2025-08-05 12:12:04,740 - INFO - Telltale duration expired - Deck: 57, Card: 7
2025-08-05 12:12:04,741 - INFO - Telltale duration expired - Deck: 57, Card: 6
2025-08-05 12:12:04,742 - INFO - Telltale duration expired - Deck: 57, Card: 5
2025-08-05 12:12:04,742 - INFO - Telltale duration expired - Deck: 57, Card: 4
2025-08-05 12:12:04,743 - INFO - Telltale duration expired - Deck: 57, Card: 3
2025-08-05 12:12:04,744 - INFO - Telltale duration expired - Deck: 57, Card: 2
2025-08-05 12:12:04,744 - INFO - Telltale duration expired - Deck: 57, Card: 1
2025-08-05 12:12:04,745 - INFO - Telltale duration expired - Deck: 57, Card: 0
2025-08-05 12:12:04,745 - INFO - Telltale duration expired - Deck: 56, Card: 9
2025-08-05 12:12:04,746 - INFO - Telltale duration expired - Deck: 56, Card: 8
2025-08-05 12:12:04,747 - INFO - Telltale duration expired - Deck: 56, Card: 7
2025-08-05 12:12:04,748 - INFO - Telltale duration expired - Deck: 56, Card: 6
2025-08-05 12:12:04,749 - INFO - Telltale duration expired - Deck: 56, Card: 5
2025-08-05 12:12:04,750 - INFO - Telltale duration expired - Deck: 56, Card: 4
2025-08-05 12:12:04,750 - INFO - Telltale duration expired - Deck: 56, Card: 3
2025-08-05 12:12:04,751 - INFO - Telltale duration expired - Deck: 56, Card: 2
2025-08-05 12:12:04,751 - INFO - Telltale duration expired - Deck: 56, Card: 1
2025-08-05 12:12:04,752 - INFO - Telltale duration expired - Deck: 56, Card: 0
2025-08-05 12:12:04,753 - INFO - Telltale duration expired - Deck: 55, Card: 9
2025-08-05 12:12:04,753 - INFO - Telltale duration expired - Deck: 55, Card: 8
2025-08-05 12:12:04,754 - INFO - Telltale duration expired - Deck: 55, Card: 7
2025-08-05 12:12:04,755 - INFO - Telltale duration expired - Deck: 55, Card: 6
2025-08-05 12:12:04,755 - INFO - Telltale duration expired - Deck: 55, Card: 5
2025-08-05 12:12:04,756 - INFO - Telltale duration expired - Deck: 55, Card: 4
2025-08-05 12:12:04,756 - INFO - Telltale duration expired - Deck: 55, Card: 3
2025-08-05 12:12:04,757 - INFO - Telltale duration expired - Deck: 55, Card: 2
2025-08-05 12:12:09,562 - INFO - Telltale duration expired - Deck: 52, Card: 0
2025-08-05 12:12:09,562 - INFO - Telltale duration expired - Deck: 51, Card: 9
2025-08-05 12:12:09,563 - INFO - Telltale duration expired - Deck: 51, Card: 8
2025-08-05 12:12:09,563 - INFO - Telltale duration expired - Deck: 51, Card: 7
2025-08-05 12:12:09,563 - INFO - Telltale duration expired - Deck: 51, Card: 6
2025-08-05 12:12:09,563 - INFO - Telltale duration expired - Deck: 51, Card: 5
2025-08-05 12:12:09,564 - INFO - Telltale duration expired - Deck: 51, Card: 4
2025-08-05 12:12:09,564 - INFO - Telltale duration expired - Deck: 51, Card: 3
2025-08-05 12:12:09,564 - INFO - Telltale duration expired - Deck: 51, Card: 2
2025-08-05 12:12:09,564 - INFO - Telltale duration expired - Deck: 51, Card: 1
2025-08-05 12:12:09,564 - INFO - Telltale duration expired - Deck: 51, Card: 0
2025-08-05 12:12:09,565 - INFO - Telltale duration expired - Deck: 50, Card: 9
2025-08-05 12:12:09,565 - INFO - Telltale duration expired - Deck: 50, Card: 8
2025-08-05 12:12:09,565 - INFO - Telltale duration expired - Deck: 50, Card: 7
2025-08-05 12:12:09,565 - INFO - Telltale duration expired - Deck: 50, Card: 6
2025-08-05 12:12:09,565 - INFO - Telltale duration expired - Deck: 50, Card: 5
2025-08-05 12:12:09,566 - INFO - Telltale duration expired - Deck: 50, Card: 4
2025-08-05 12:12:09,566 - INFO - Telltale duration expired - Deck: 50, Card: 3
2025-08-05 12:12:09,566 - INFO - Telltale duration expired - Deck: 50, Card: 2
2025-08-05 12:12:09,566 - INFO - Telltale duration expired - Deck: 50, Card: 1
2025-08-05 12:12:09,566 - INFO - Telltale duration expired - Deck: 50, Card: 0
2025-08-05 12:12:09,578 - INFO - Telltale duration expired - Deck: 55, Card: 0
2025-08-05 12:12:09,578 - INFO - Telltale duration expired - Deck: 54, Card: 9
2025-08-05 12:12:09,579 - INFO - Telltale duration expired - Deck: 54, Card: 8
2025-08-05 12:12:09,579 - INFO - Telltale duration expired - Deck: 54, Card: 7
2025-08-05 12:12:09,579 - INFO - Telltale duration expired - Deck: 54, Card: 6
2025-08-05 12:12:09,579 - INFO - Telltale duration expired - Deck: 54, Card: 5
2025-08-05 12:12:09,580 - INFO - Telltale duration expired - Deck: 54, Card: 4
2025-08-05 12:12:09,580 - INFO - Telltale duration expired - Deck: 54, Card: 3
2025-08-05 12:12:09,580 - INFO - Telltale duration expired - Deck: 54, Card: 2
2025-08-05 12:12:09,581 - INFO - Telltale duration expired - Deck: 54, Card: 1
2025-08-05 12:12:09,581 - INFO - Telltale duration expired - Deck: 54, Card: 0
2025-08-05 12:12:09,581 - INFO - Telltale duration expired - Deck: 53, Card: 9
2025-08-05 12:12:09,582 - INFO - Telltale duration expired - Deck: 53, Card: 8
2025-08-05 12:12:09,582 - INFO - Telltale duration expired - Deck: 53, Card: 7
2025-08-05 12:12:09,582 - INFO - Telltale duration expired - Deck: 53, Card: 6
2025-08-05 12:12:09,582 - INFO - Telltale duration expired - Deck: 53, Card: 5
2025-08-05 12:12:09,582 - INFO - Telltale duration expired - Deck: 53, Card: 4
2025-08-05 12:12:09,583 - INFO - Telltale duration expired - Deck: 53, Card: 3
2025-08-05 12:12:09,583 - INFO - Telltale duration expired - Deck: 53, Card: 2
2025-08-05 12:12:09,583 - INFO - Telltale duration expired - Deck: 53, Card: 1
2025-08-05 12:12:09,583 - INFO - Telltale duration expired - Deck: 53, Card: 0
2025-08-05 12:12:09,583 - INFO - Telltale duration expired - Deck: 52, Card: 9
2025-08-05 12:12:09,583 - INFO - Telltale duration expired - Deck: 52, Card: 8
2025-08-05 12:12:09,584 - INFO - Telltale duration expired - Deck: 52, Card: 7
2025-08-05 12:12:09,584 - INFO - Telltale duration expired - Deck: 52, Card: 6
2025-08-05 12:12:09,584 - INFO - Telltale duration expired - Deck: 52, Card: 5
2025-08-05 12:12:09,584 - INFO - Telltale duration expired - Deck: 52, Card: 4
2025-08-05 12:12:09,584 - INFO - Telltale duration expired - Deck: 52, Card: 3
2025-08-05 12:12:09,584 - INFO - Telltale duration expired - Deck: 52, Card: 2
2025-08-05 12:12:09,585 - INFO - Telltale duration expired - Deck: 52, Card: 1
2025-08-05 12:12:09,594 - INFO - Telltale duration expired - Deck: 61, Card: 9
2025-08-05 12:12:09,594 - INFO - Telltale duration expired - Deck: 61, Card: 8
2025-08-05 12:12:09,595 - INFO - Telltale duration expired - Deck: 61, Card: 7
2025-08-05 12:12:09,595 - INFO - Telltale duration expired - Deck: 61, Card: 6
2025-08-05 12:12:09,595 - INFO - Telltale duration expired - Deck: 61, Card: 5
2025-08-05 12:12:09,596 - INFO - Telltale duration expired - Deck: 61, Card: 4
2025-08-05 12:12:09,597 - INFO - Telltale duration expired - Deck: 61, Card: 3
2025-08-05 12:12:09,597 - INFO - Telltale duration expired - Deck: 61, Card: 2
2025-08-05 12:12:09,597 - INFO - Telltale duration expired - Deck: 61, Card: 1
2025-08-05 12:12:09,598 - INFO - Telltale duration expired - Deck: 61, Card: 0
2025-08-05 12:12:09,598 - INFO - Telltale duration expired - Deck: 60, Card: 9
2025-08-05 12:12:09,598 - INFO - Telltale duration expired - Deck: 60, Card: 8
2025-08-05 12:12:09,598 - INFO - Telltale duration expired - Deck: 60, Card: 7
2025-08-05 12:12:09,599 - INFO - Telltale duration expired - Deck: 60, Card: 6
2025-08-05 12:12:09,599 - INFO - Telltale duration expired - Deck: 60, Card: 5
2025-08-05 12:12:09,599 - INFO - Telltale duration expired - Deck: 60, Card: 4
2025-08-05 12:12:09,599 - INFO - Telltale duration expired - Deck: 60, Card: 3
2025-08-05 12:12:09,599 - INFO - Telltale duration expired - Deck: 60, Card: 2
2025-08-05 12:12:09,600 - INFO - Telltale duration expired - Deck: 60, Card: 1
2025-08-05 12:12:09,600 - INFO - Telltale duration expired - Deck: 60, Card: 0
2025-08-05 12:12:09,600 - INFO - Telltale duration expired - Deck: 59, Card: 9
2025-08-05 12:12:09,600 - INFO - Telltale duration expired - Deck: 59, Card: 8
2025-08-05 12:12:09,600 - INFO - Telltale duration expired - Deck: 59, Card: 7
2025-08-05 12:12:09,600 - INFO - Telltale duration expired - Deck: 59, Card: 6
2025-08-05 12:12:09,601 - INFO - Telltale duration expired - Deck: 59, Card: 5
2025-08-05 12:12:09,601 - INFO - Telltale duration expired - Deck: 59, Card: 4
2025-08-05 12:12:09,601 - INFO - Telltale duration expired - Deck: 59, Card: 3
2025-08-05 12:12:09,601 - INFO - Telltale duration expired - Deck: 59, Card: 2
2025-08-05 12:12:09,601 - INFO - Telltale duration expired - Deck: 59, Card: 1
2025-08-05 12:12:09,601 - INFO - Telltale duration expired - Deck: 59, Card: 0
2025-08-05 12:12:09,602 - INFO - Telltale duration expired - Deck: 58, Card: 9
2025-08-05 12:12:09,602 - INFO - Telltale duration expired - Deck: 58, Card: 8
2025-08-05 12:12:09,602 - INFO - Telltale duration expired - Deck: 58, Card: 7
2025-08-05 12:12:09,602 - INFO - Telltale duration expired - Deck: 58, Card: 6
2025-08-05 12:12:09,602 - INFO - Telltale duration expired - Deck: 58, Card: 5
2025-08-05 12:12:09,602 - INFO - Telltale duration expired - Deck: 58, Card: 4
2025-08-05 12:12:09,603 - INFO - Telltale duration expired - Deck: 58, Card: 3
2025-08-05 12:12:09,603 - INFO - Telltale duration expired - Deck: 58, Card: 2
2025-08-05 12:12:09,603 - INFO - Telltale duration expired - Deck: 58, Card: 1
2025-08-05 12:12:09,604 - INFO - Telltale duration expired - Deck: 58, Card: 0
2025-08-05 12:12:09,604 - INFO - Telltale duration expired - Deck: 57, Card: 9
2025-08-05 12:12:09,604 - INFO - Telltale duration expired - Deck: 57, Card: 8
2025-08-05 12:12:09,604 - INFO - Telltale duration expired - Deck: 57, Card: 7
2025-08-05 12:12:09,604 - INFO - Telltale duration expired - Deck: 57, Card: 6
2025-08-05 12:12:09,604 - INFO - Telltale duration expired - Deck: 57, Card: 5
2025-08-05 12:12:09,605 - INFO - Telltale duration expired - Deck: 57, Card: 4
2025-08-05 12:12:09,605 - INFO - Telltale duration expired - Deck: 57, Card: 3
2025-08-05 12:12:09,605 - INFO - Telltale duration expired - Deck: 57, Card: 2
2025-08-05 12:12:09,605 - INFO - Telltale duration expired - Deck: 57, Card: 1
2025-08-05 12:12:09,605 - INFO - Telltale duration expired - Deck: 57, Card: 0
2025-08-05 12:12:09,605 - INFO - Telltale duration expired - Deck: 56, Card: 9
2025-08-05 12:12:09,605 - INFO - Telltale duration expired - Deck: 56, Card: 8
2025-08-05 12:12:09,606 - INFO - Telltale duration expired - Deck: 56, Card: 7
2025-08-05 12:12:09,606 - INFO - Telltale duration expired - Deck: 56, Card: 6
2025-08-05 12:12:09,606 - INFO - Telltale duration expired - Deck: 56, Card: 5
2025-08-05 12:12:09,606 - INFO - Telltale duration expired - Deck: 56, Card: 4
2025-08-05 12:12:09,606 - INFO - Telltale duration expired - Deck: 56, Card: 3
2025-08-05 12:12:09,606 - INFO - Telltale duration expired - Deck: 56, Card: 2
2025-08-05 12:12:09,606 - INFO - Telltale duration expired - Deck: 56, Card: 1
2025-08-05 12:12:09,607 - INFO - Telltale duration expired - Deck: 56, Card: 0
2025-08-05 12:12:09,607 - INFO - Telltale duration expired - Deck: 55, Card: 9
2025-08-05 12:12:09,607 - INFO - Telltale duration expired - Deck: 55, Card: 8
2025-08-05 12:12:09,607 - INFO - Telltale duration expired - Deck: 55, Card: 7
2025-08-05 12:12:09,607 - INFO - Telltale duration expired - Deck: 55, Card: 6
2025-08-05 12:12:09,607 - INFO - Telltale duration expired - Deck: 55, Card: 5
2025-08-05 12:12:09,607 - INFO - Telltale duration expired - Deck: 55, Card: 4
2025-08-05 12:12:09,608 - INFO - Telltale duration expired - Deck: 55, Card: 3
2025-08-05 12:12:09,608 - INFO - Telltale duration expired - Deck: 55, Card: 2
2025-08-05 12:12:10,780 - INFO - Playing chime: ChimeInfo(engine_check, Deck:51, Card:2, ID:51_2)
